This file contains any messages produced by compilers while
running configure, to aid debugging if configure makes a mistake.

It was created by Protocol Buffers configure 3.21.5, which was
generated by GNU Autoconf 2.71.  Invocation command line was

  $ /Users/taotalk/.cargo/registry/src/index.crates.io-6f17d22bba15001f/protobuf-src-1.1.0+21.5/protobuf/configure --prefix=/Users/taotalk/project_rust/WeatherXM-IoTeX-Textile-POC/zk/target/release/build/protobuf-src-3172da3d97d863cc/out/install --disable-shared --enable-static --disable-maintainer-mode

## --------- ##
## Platform. ##
## --------- ##

hostname = bogon
uname -m = arm64
uname -r = 23.2.0
uname -s = Darwin
uname -v = Darwin Kernel Version 23.2.0: Wed Nov 15 21:53:34 PST 2023; root:xnu-10002.61.3~2/RELEASE_ARM64_T8103

/usr/bin/uname -p = arm
/bin/uname -X     = unknown

/bin/arch              = unknown
/usr/bin/arch -k       = unknown
/usr/convex/getsysinfo = unknown
/usr/bin/hostinfo      = Mach kernel version:
	 Darwin Kernel Version 23.2.0: Wed Nov 15 21:53:34 PST 2023; root:xnu-10002.61.3~2/RELEASE_ARM64_T8103
Kernel configured for up to 8 processors.
8 processors are physically available.
8 processors are logically available.
Processor type: arm64e (ARM64E)
Processors active: 0 1 2 3 4 5 6 7
Primary memory available: 8.00 gigabytes
Default processor set: 439 tasks, 3001 threads, 8 processors
Load average: 23.71, Mach factor: 0.39
/bin/machine           = unknown
/usr/bin/oslevel       = unknown
/bin/universe          = unknown

PATH: /opt/homebrew/opt/libpq/bin/
PATH: /Users/taotalk/.fluvio/bin/
PATH: /Users/taotalk/.rd/bin/
PATH: /opt/homebrew/bin/
PATH: /opt/homebrew/sbin/
PATH: /usr/local/bin/
PATH: /System/Cryptexes/App/usr/bin/
PATH: /usr/bin/
PATH: /bin/
PATH: /usr/sbin/
PATH: /sbin/
PATH: /var/run/com.apple.security.cryptexd/codex.system/bootstrap/usr/local/bin/
PATH: /var/run/com.apple.security.cryptexd/codex.system/bootstrap/usr/bin/
PATH: /var/run/com.apple.security.cryptexd/codex.system/bootstrap/usr/appleinternal/bin/
PATH: /usr/local/go/bin/
PATH: /opt/homebrew/opt/libpq/bin/
PATH: /Users/taotalk/.fluvio/bin/
PATH: /Users/taotalk/.rd/bin/
PATH: /opt/homebrew/bin/
PATH: /opt/homebrew/sbin/
PATH: /Users/taotalk/.cargo/bin/
PATH: /Users/taotalk/.foundry/bin/


## ----------- ##
## Core tests. ##
## ----------- ##

configure:3059: looking for aux files: ltmain.sh ar-lib compile missing install-sh config.guess config.sub
configure:3072:  trying /Users/taotalk/.cargo/registry/src/index.crates.io-6f17d22bba15001f/protobuf-src-1.1.0+21.5/protobuf/
configure:3101:   /Users/taotalk/.cargo/registry/src/index.crates.io-6f17d22bba15001f/protobuf-src-1.1.0+21.5/protobuf/ltmain.sh found
configure:3101:   /Users/taotalk/.cargo/registry/src/index.crates.io-6f17d22bba15001f/protobuf-src-1.1.0+21.5/protobuf/ar-lib found
configure:3101:   /Users/taotalk/.cargo/registry/src/index.crates.io-6f17d22bba15001f/protobuf-src-1.1.0+21.5/protobuf/compile found
configure:3101:   /Users/taotalk/.cargo/registry/src/index.crates.io-6f17d22bba15001f/protobuf-src-1.1.0+21.5/protobuf/missing found
configure:3083:   /Users/taotalk/.cargo/registry/src/index.crates.io-6f17d22bba15001f/protobuf-src-1.1.0+21.5/protobuf/install-sh found
configure:3101:   /Users/taotalk/.cargo/registry/src/index.crates.io-6f17d22bba15001f/protobuf-src-1.1.0+21.5/protobuf/config.guess found
configure:3101:   /Users/taotalk/.cargo/registry/src/index.crates.io-6f17d22bba15001f/protobuf-src-1.1.0+21.5/protobuf/config.sub found
configure:3214: checking whether to enable maintainer-specific portions of Makefiles
configure:3224: result: no
configure:3275: checking build system type
configure:3290: result: aarch64-apple-darwin23.2.0
configure:3310: checking host system type
configure:3324: result: aarch64-apple-darwin23.2.0
configure:3344: checking target system type
configure:3358: result: aarch64-apple-darwin23.2.0
configure:3402: checking for a BSD-compatible install
configure:3475: result: /usr/bin/install -c
configure:3486: checking whether build environment is sane
configure:3541: result: yes
configure:3700: checking for a race-free mkdir -p
configure:3744: result: /Users/taotalk/.cargo/registry/src/index.crates.io-6f17d22bba15001f/protobuf-src-1.1.0+21.5/protobuf/install-sh -c -d
configure:3751: checking for gawk
configure:3786: result: no
configure:3751: checking for mawk
configure:3786: result: no
configure:3751: checking for nawk
configure:3786: result: no
configure:3751: checking for awk
configure:3772: found /usr/bin/awk
configure:3783: result: awk
configure:3794: checking whether make sets $(MAKE)
configure:3817: result: yes
configure:3847: checking whether make supports nested variables
configure:3865: result: yes
configure:3950: checking whether UID '501' is supported by ustar format
configure:3953: result: yes
configure:3960: checking whether GID '20' is supported by ustar format
configure:3963: result: yes
configure:3971: checking how to create a ustar tar archive
configure:3982: tar --version
bsdtar 3.5.3 - libarchive 3.5.3 zlib/1.2.12 liblzma/5.0.5 bz2lib/1.0.8 
configure:3985: $? = 0
configure:4025: tardir=conftest.dir && eval tar --format=ustar -chf - "$tardir" >conftest.tar
configure:4028: $? = 0
configure:4032: tar -xf - <conftest.tar
configure:4035: $? = 0
configure:4037: cat conftest.dir/file
GrepMe
configure:4040: $? = 0
configure:4054: result: gnutar
configure:4134: checking whether make supports nested variables
configure:4152: result: yes
configure:4263: checking for gcc
configure:4295: result: cc
configure:4648: checking for C compiler version
configure:4657: cc --version >&5
Apple clang version 15.0.0 (clang-1500.1.0.2.5)
Target: arm64-apple-darwin23.2.0
Thread model: posix
InstalledDir: /Library/Developer/CommandLineTools/usr/bin
configure:4668: $? = 0
configure:4657: cc -v >&5
Apple clang version 15.0.0 (clang-1500.1.0.2.5)
Target: arm64-apple-darwin23.2.0
Thread model: posix
InstalledDir: /Library/Developer/CommandLineTools/usr/bin
configure:4668: $? = 0
configure:4657: cc -V >&5
clang: error: argument to '-V' is missing (expected 1 value)
clang: error: no input files
configure:4668: $? = 1
configure:4657: cc -qversion >&5
clang: error: unknown argument '-qversion'; did you mean '--version'?
clang: error: no input files
configure:4668: $? = 1
configure:4657: cc -version >&5
clang: error: unknown argument '-version'; did you mean '--version'?
clang: error: no input files
configure:4668: $? = 1
configure:4688: checking whether the C compiler works
configure:4710: cc -O0 -ffunction-sections -fdata-sections -fPIC -arch arm64   conftest.c  >&5
configure:4714: $? = 0
configure:4764: result: yes
configure:4767: checking for C compiler default output file name
configure:4769: result: a.out
configure:4775: checking for suffix of executables
configure:4782: cc -o conftest -O0 -ffunction-sections -fdata-sections -fPIC -arch arm64   conftest.c  >&5
configure:4786: $? = 0
configure:4809: result: 
configure:4831: checking whether we are cross compiling
configure:4839: cc -o conftest -O0 -ffunction-sections -fdata-sections -fPIC -arch arm64   conftest.c  >&5
configure:4843: $? = 0
configure:4850: ./conftest
configure:4854: $? = 0
configure:4869: result: no
configure:4874: checking for suffix of object files
configure:4897: cc -c -O0 -ffunction-sections -fdata-sections -fPIC -arch arm64  conftest.c >&5
configure:4901: $? = 0
configure:4923: result: o
configure:4927: checking whether the compiler supports GNU C
configure:4947: cc -c -O0 -ffunction-sections -fdata-sections -fPIC -arch arm64  conftest.c >&5
configure:4947: $? = 0
configure:4957: result: yes
configure:4968: checking whether cc accepts -g
configure:4989: cc -c -g  conftest.c >&5
configure:4989: $? = 0
configure:5033: result: yes
configure:5053: checking for cc option to enable C11 features
configure:5068: cc  -c -O0 -ffunction-sections -fdata-sections -fPIC -arch arm64  conftest.c >&5
conftest.c:25:14: warning: a function definition without a prototype is deprecated in all versions of C and is not supported in C2x [-Wdeprecated-non-prototype]
static char *e (p, i)
             ^
1 warning generated.
configure:5068: $? = 0
configure:5086: result: none needed
configure:5202: checking whether cc understands -c and -o together
configure:5225: cc -c conftest.c -o conftest2.o
configure:5228: $? = 0
configure:5225: cc -c conftest.c -o conftest2.o
configure:5228: $? = 0
configure:5240: result: yes
configure:5260: checking whether make supports the include directive
configure:5275: make -f confmf.GNU && cat confinc.out
this is the am__doit target
configure:5278: $? = 0
configure:5297: result: yes (GNU style)
configure:5323: checking dependency style of cc
configure:5435: result: gcc3
configure:5578: checking for C++ compiler version
configure:5587: c++ --version >&5
Apple clang version 15.0.0 (clang-1500.1.0.2.5)
Target: arm64-apple-darwin23.2.0
Thread model: posix
InstalledDir: /Library/Developer/CommandLineTools/usr/bin
configure:5598: $? = 0
configure:5587: c++ -v >&5
Apple clang version 15.0.0 (clang-1500.1.0.2.5)
Target: arm64-apple-darwin23.2.0
Thread model: posix
InstalledDir: /Library/Developer/CommandLineTools/usr/bin
configure:5598: $? = 0
configure:5587: c++ -V >&5
clang: error: argument to '-V' is missing (expected 1 value)
clang: error: no input files
configure:5598: $? = 1
configure:5587: c++ -qversion >&5
clang: error: unknown argument '-qversion'; did you mean '--version'?
clang: error: no input files
configure:5598: $? = 1
configure:5602: checking whether the compiler supports GNU C++
configure:5622: c++ -c -O0 -ffunction-sections -fdata-sections -fPIC -arch arm64  conftest.cpp >&5
configure:5622: $? = 0
configure:5632: result: yes
configure:5643: checking whether c++ accepts -g
configure:5664: c++ -c -g  conftest.cpp >&5
configure:5664: $? = 0
configure:5708: result: yes
configure:5728: checking for c++ option to enable C++11 features
configure:5743: c++  -c -O0 -ffunction-sections -fdata-sections -fPIC -arch arm64  conftest.cpp >&5
conftest.cpp:57:3: error: "Compiler does not advertise C++11 conformance"
# error "Compiler does not advertise C++11 conformance"
  ^
conftest.cpp:62:3: error: unknown type name 'constexpr'
  constexpr int get_val() { return 20; }
  ^
conftest.cpp:74:17: error: delegating constructors are permitted only in C++11
    delegate(): delegate(2354) {}
                ^~~~~~~~
conftest.cpp:85:26: warning: 'override' keyword is a C++11 extension [-Wc++11-extensions]
    virtual int getval() override final { return this->n * 2; }
                         ^
conftest.cpp:85:35: warning: 'final' keyword is a C++11 extension [-Wc++11-extensions]
    virtual int getval() override final { return this->n * 2; }
                                  ^
conftest.cpp:92:16: warning: defaulted function definitions are a C++11 extension [-Wc++11-extensions]
    nocopy() = default;
               ^
conftest.cpp:93:29: warning: deleted function definitions are a C++11 extension [-Wc++11-extensions]
    nocopy(const nocopy&) = delete;
                            ^
conftest.cpp:94:41: warning: deleted function definitions are a C++11 extension [-Wc++11-extensions]
    nocopy & operator=(const nocopy&) = delete;
                                        ^
conftest.cpp:106:25: warning: 'auto' type specifier is a C++11 extension [-Wc++11-extensions]
  template <typename V> auto sum(V first) -> V
                        ^
conftest.cpp:106:25: error: 'auto' not allowed in function return type
  template <typename V> auto sum(V first) -> V
                        ^~~~
conftest.cpp:106:42: error: expected ';' at end of declaration
  template <typename V> auto sum(V first) -> V
                                         ^
                                         ;
conftest.cpp:106:43: error: cannot use arrow operator on a type
  template <typename V> auto sum(V first) -> V
                                          ^
conftest.cpp:110:33: warning: variadic templates are a C++11 extension [-Wc++11-extensions]
  template <typename V, typename... Args> auto sum(V first, Args... rest) -> V
                                ^
conftest.cpp:110:43: warning: 'auto' type specifier is a C++11 extension [-Wc++11-extensions]
  template <typename V, typename... Args> auto sum(V first, Args... rest) -> V
                                          ^
conftest.cpp:110:43: error: 'auto' not allowed in function return type
  template <typename V, typename... Args> auto sum(V first, Args... rest) -> V
                                          ^~~~
conftest.cpp:110:74: error: expected ';' at end of declaration
  template <typename V, typename... Args> auto sum(V first, Args... rest) -> V
                                                                         ^
                                                                         ;
conftest.cpp:110:75: error: cannot use arrow operator on a type
  template <typename V, typename... Args> auto sum(V first, Args... rest) -> V
                                                                          ^
conftest.cpp:134:3: warning: 'auto' type specifier is a C++11 extension [-Wc++11-extensions]
  auto a1 = 6538;
  ^
conftest.cpp:135:3: warning: 'auto' type specifier is a C++11 extension [-Wc++11-extensions]
  auto a2 = 48573953.4;
  ^
conftest.cpp:136:3: warning: 'auto' type specifier is a C++11 extension [-Wc++11-extensions]
  auto a3 = "String literal";
  ^
conftest.cpp:139:8: warning: 'auto' type specifier is a C++11 extension [-Wc++11-extensions]
  for (auto i = a3; *i; ++i) { total += *i; }
       ^
conftest.cpp:155:8: warning: 'auto' type specifier is a C++11 extension [-Wc++11-extensions]
  for (auto &x : array) { x += 23; }
       ^
conftest.cpp:155:16: warning: range-based for loop is a C++11 extension [-Wc++11-extensions]
  for (auto &x : array) { x += 23; }
               ^
conftest.cpp:160:17: error: expected expression
  assert (eval ([](int x) { return x*2; }, 21) == 42);
                ^
conftest.cpp:162:17: error: expected expression
  assert (eval ([&](double x) { return d += x; }, 3.0) == 5.0);
                ^
conftest.cpp:164:17: error: expected expression
  assert (eval ([=](double x) mutable { return d += x; }, 4.0) == 9.0);
                ^
conftest.cpp:170:3: warning: 'auto' type specifier is a C++11 extension [-Wc++11-extensions]
  auto a = sum(1);
  ^
conftest.cpp:170:12: error: no matching function for call to 'sum'
  auto a = sum(1);
           ^~~
conftest.cpp:171:3: warning: 'auto' type specifier is a C++11 extension [-Wc++11-extensions]
  auto b = sum(1, 2);
  ^
conftest.cpp:171:12: error: no matching function for call to 'sum'
  auto b = sum(1, 2);
           ^~~
conftest.cpp:172:3: warning: 'auto' type specifier is a C++11 extension [-Wc++11-extensions]
  auto c = sum(1.0, 2.0, 3.0);
  ^
conftest.cpp:172:12: error: no matching function for call to 'sum'
  auto c = sum(1.0, 2.0, 3.0);
           ^~~
conftest.cpp:177:25: warning: empty parentheses interpreted as a function declaration [-Wvexing-parse]
  cxx11test::delegate d2();
                        ^~
conftest.cpp:177:25: note: remove parentheses to declare a variable
  cxx11test::delegate d2();
                        ^~
conftest.cpp:190:16: error: found '<::' after a template name which forms the digraph '<:' (aka '[') and a ':', did you mean '< ::'?
  test_template<::test_template<int>> v(test_template<int>(12));
               ^~~
               < ::
conftest.cpp:190:36: error: a space is required between consecutive right angle brackets (use '> >')
  test_template<::test_template<int>> v(test_template<int>(12));
                                   ^~
                                   > >
conftest.cpp:194:22: error: use of undeclared identifier 'u8'
  char const *utf8 = u8"UTF-8 string \u2500";
                     ^
conftest.cpp:194:24: error: expected ';' at end of declaration
  char const *utf8 = u8"UTF-8 string \u2500";
                       ^
                       ;
fatal error: too many errors emitted, stopping now [-ferror-limit=]
18 warnings and 20 errors generated.
configure:5743: $? = 1
configure: failed program was:
| /* confdefs.h */
| #define PACKAGE_NAME "Protocol Buffers"
| #define PACKAGE_TARNAME "protobuf"
| #define PACKAGE_VERSION "3.21.5"
| #define PACKAGE_STRING "Protocol Buffers 3.21.5"
| #define PACKAGE_BUGREPORT "protobuf@googlegroups.com"
| #define PACKAGE_URL ""
| #define PACKAGE "protobuf"
| #define VERSION "3.21.5"
| /* end confdefs.h.  */
| 
| // Does the compiler advertise C++98 conformance?
| #if !defined __cplusplus || __cplusplus < 199711L
| # error "Compiler does not advertise C++98 conformance"
| #endif
| 
| // These inclusions are to reject old compilers that
| // lack the unsuffixed header files.
| #include <cstdlib>
| #include <exception>
| 
| // <cassert> and <cstring> are *not* freestanding headers in C++98.
| extern void assert (int);
| namespace std {
|   extern int strcmp (const char *, const char *);
| }
| 
| // Namespaces, exceptions, and templates were all added after "C++ 2.0".
| using std::exception;
| using std::strcmp;
| 
| namespace {
| 
| void test_exception_syntax()
| {
|   try {
|     throw "test";
|   } catch (const char *s) {
|     // Extra parentheses suppress a warning when building autoconf itself,
|     // due to lint rules shared with more typical C programs.
|     assert (!(strcmp) (s, "test"));
|   }
| }
| 
| template <typename T> struct test_template
| {
|   T const val;
|   explicit test_template(T t) : val(t) {}
|   template <typename U> T add(U u) { return static_cast<T>(u) + val; }
| };
| 
| } // anonymous namespace
| 
| 
| // Does the compiler advertise C++ 2011 conformance?
| #if !defined __cplusplus || __cplusplus < 201103L
| # error "Compiler does not advertise C++11 conformance"
| #endif
| 
| namespace cxx11test
| {
|   constexpr int get_val() { return 20; }
| 
|   struct testinit
|   {
|     int i;
|     double d;
|   };
| 
|   class delegate
|   {
|   public:
|     delegate(int n) : n(n) {}
|     delegate(): delegate(2354) {}
| 
|     virtual int getval() { return this->n; };
|   protected:
|     int n;
|   };
| 
|   class overridden : public delegate
|   {
|   public:
|     overridden(int n): delegate(n) {}
|     virtual int getval() override final { return this->n * 2; }
|   };
| 
|   class nocopy
|   {
|   public:
|     nocopy(int i): i(i) {}
|     nocopy() = default;
|     nocopy(const nocopy&) = delete;
|     nocopy & operator=(const nocopy&) = delete;
|   private:
|     int i;
|   };
| 
|   // for testing lambda expressions
|   template <typename Ret, typename Fn> Ret eval(Fn f, Ret v)
|   {
|     return f(v);
|   }
| 
|   // for testing variadic templates and trailing return types
|   template <typename V> auto sum(V first) -> V
|   {
|     return first;
|   }
|   template <typename V, typename... Args> auto sum(V first, Args... rest) -> V
|   {
|     return first + sum(rest...);
|   }
| }
| 
| 
| int
| main (int argc, char **argv)
| {
|   int ok = 0;
|   
|   assert (argc);
|   assert (! argv[0]);
| {
|   test_exception_syntax ();
|   test_template<double> tt (2.0);
|   assert (tt.add (4) == 6.0);
|   assert (true && !false);
| }
| 
|   
| {
|   // Test auto and decltype
|   auto a1 = 6538;
|   auto a2 = 48573953.4;
|   auto a3 = "String literal";
| 
|   int total = 0;
|   for (auto i = a3; *i; ++i) { total += *i; }
| 
|   decltype(a2) a4 = 34895.034;
| }
| {
|   // Test constexpr
|   short sa[cxx11test::get_val()] = { 0 };
| }
| {
|   // Test initializer lists
|   cxx11test::testinit il = { 4323, 435234.23544 };
| }
| {
|   // Test range-based for
|   int array[] = {9, 7, 13, 15, 4, 18, 12, 10, 5, 3,
|                  14, 19, 17, 8, 6, 20, 16, 2, 11, 1};
|   for (auto &x : array) { x += 23; }
| }
| {
|   // Test lambda expressions
|   using cxx11test::eval;
|   assert (eval ([](int x) { return x*2; }, 21) == 42);
|   double d = 2.0;
|   assert (eval ([&](double x) { return d += x; }, 3.0) == 5.0);
|   assert (d == 5.0);
|   assert (eval ([=](double x) mutable { return d += x; }, 4.0) == 9.0);
|   assert (d == 5.0);
| }
| {
|   // Test use of variadic templates
|   using cxx11test::sum;
|   auto a = sum(1);
|   auto b = sum(1, 2);
|   auto c = sum(1.0, 2.0, 3.0);
| }
| {
|   // Test constructor delegation
|   cxx11test::delegate d1;
|   cxx11test::delegate d2();
|   cxx11test::delegate d3(45);
| }
| {
|   // Test override and final
|   cxx11test::overridden o1(55464);
| }
| {
|   // Test nullptr
|   char *c = nullptr;
| }
| {
|   // Test template brackets
|   test_template<::test_template<int>> v(test_template<int>(12));
| }
| {
|   // Unicode literals
|   char const *utf8 = u8"UTF-8 string \u2500";
|   char16_t const *utf16 = u"UTF-8 string \u2500";
|   char32_t const *utf32 = U"UTF-32 string \u2500";
| }
| 
|   return ok;
| }
| 
configure:5761: result: none needed
configure:5827: checking dependency style of c++
configure:5939: result: gcc3
configure:5959: checking how to run the C preprocessor
configure:5985: cc -E  conftest.c
configure:5985: $? = 0
configure:6000: cc -E  conftest.c
conftest.c:11:10: fatal error: 'ac_nonexistent.h' file not found
#include <ac_nonexistent.h>
         ^~~~~~~~~~~~~~~~~~
1 error generated.
configure:6000: $? = 1
configure: failed program was:
| /* confdefs.h */
| #define PACKAGE_NAME "Protocol Buffers"
| #define PACKAGE_TARNAME "protobuf"
| #define PACKAGE_VERSION "3.21.5"
| #define PACKAGE_STRING "Protocol Buffers 3.21.5"
| #define PACKAGE_BUGREPORT "protobuf@googlegroups.com"
| #define PACKAGE_URL ""
| #define PACKAGE "protobuf"
| #define VERSION "3.21.5"
| /* end confdefs.h.  */
| #include <ac_nonexistent.h>
configure:6027: result: cc -E
configure:6041: cc -E  conftest.c
configure:6041: $? = 0
configure:6056: cc -E  conftest.c
conftest.c:11:10: fatal error: 'ac_nonexistent.h' file not found
#include <ac_nonexistent.h>
         ^~~~~~~~~~~~~~~~~~
1 error generated.
configure:6056: $? = 1
configure: failed program was:
| /* confdefs.h */
| #define PACKAGE_NAME "Protocol Buffers"
| #define PACKAGE_TARNAME "protobuf"
| #define PACKAGE_VERSION "3.21.5"
| #define PACKAGE_STRING "Protocol Buffers 3.21.5"
| #define PACKAGE_BUGREPORT "protobuf@googlegroups.com"
| #define PACKAGE_URL ""
| #define PACKAGE "protobuf"
| #define VERSION "3.21.5"
| /* end confdefs.h.  */
| #include <ac_nonexistent.h>
configure:6147: checking for gcc
configure:6168: found /usr/bin/gcc
configure:6179: result: gcc
configure:6532: checking for C compiler version
configure:6541: gcc --version >&5
Apple clang version 15.0.0 (clang-1500.1.0.2.5)
Target: arm64-apple-darwin23.2.0
Thread model: posix
InstalledDir: /Library/Developer/CommandLineTools/usr/bin
configure:6552: $? = 0
configure:6541: gcc -v >&5
Apple clang version 15.0.0 (clang-1500.1.0.2.5)
Target: arm64-apple-darwin23.2.0
Thread model: posix
InstalledDir: /Library/Developer/CommandLineTools/usr/bin
configure:6552: $? = 0
configure:6541: gcc -V >&5
clang: error: argument to '-V' is missing (expected 1 value)
clang: error: no input files
configure:6552: $? = 1
configure:6541: gcc -qversion >&5
clang: error: unknown argument '-qversion'; did you mean '--version'?
clang: error: no input files
configure:6552: $? = 1
configure:6541: gcc -version >&5
clang: error: unknown argument '-version'; did you mean '--version'?
clang: error: no input files
configure:6552: $? = 1
configure:6556: checking whether the compiler supports GNU C
configure:6586: result: yes
configure:6597: checking whether gcc accepts -g
configure:6618: cc -c -O0 -ffunction-sections -fdata-sections -fPIC -arch arm64  conftest.c >&5
configure:6618: $? = 0
configure:6662: result: yes
configure:6682: checking for gcc option to enable C11 features
configure:6715: result: none needed
configure:6831: checking whether gcc understands -c and -o together
configure:6869: result: yes
configure:6888: checking dependency style of gcc
configure:7000: result: gcc3
configure:7020: checking how to run the C preprocessor
configure:7046: cc -E  conftest.c
configure:7046: $? = 0
configure:7061: cc -E  conftest.c
conftest.c:11:10: fatal error: 'ac_nonexistent.h' file not found
#include <ac_nonexistent.h>
         ^~~~~~~~~~~~~~~~~~
1 error generated.
configure:7061: $? = 1
configure: failed program was:
| /* confdefs.h */
| #define PACKAGE_NAME "Protocol Buffers"
| #define PACKAGE_TARNAME "protobuf"
| #define PACKAGE_VERSION "3.21.5"
| #define PACKAGE_STRING "Protocol Buffers 3.21.5"
| #define PACKAGE_BUGREPORT "protobuf@googlegroups.com"
| #define PACKAGE_URL ""
| #define PACKAGE "protobuf"
| #define VERSION "3.21.5"
| /* end confdefs.h.  */
| #include <ac_nonexistent.h>
configure:7088: result: gcc -E
configure:7102: cc -E  conftest.c
configure:7102: $? = 0
configure:7117: cc -E  conftest.c
conftest.c:11:10: fatal error: 'ac_nonexistent.h' file not found
#include <ac_nonexistent.h>
         ^~~~~~~~~~~~~~~~~~
1 error generated.
configure:7117: $? = 1
configure: failed program was:
| /* confdefs.h */
| #define PACKAGE_NAME "Protocol Buffers"
| #define PACKAGE_TARNAME "protobuf"
| #define PACKAGE_VERSION "3.21.5"
| #define PACKAGE_STRING "Protocol Buffers 3.21.5"
| #define PACKAGE_BUGREPORT "protobuf@googlegroups.com"
| #define PACKAGE_URL ""
| #define PACKAGE "protobuf"
| #define VERSION "3.21.5"
| /* end confdefs.h.  */
| #include <ac_nonexistent.h>
configure:7161: checking how to run the C++ preprocessor
configure:7183: c++ -E  conftest.cpp
configure:7183: $? = 0
configure:7198: c++ -E  conftest.cpp
conftest.cpp:11:10: fatal error: 'ac_nonexistent.h' file not found
#include <ac_nonexistent.h>
         ^~~~~~~~~~~~~~~~~~
1 error generated.
configure:7198: $? = 1
configure: failed program was:
| /* confdefs.h */
| #define PACKAGE_NAME "Protocol Buffers"
| #define PACKAGE_TARNAME "protobuf"
| #define PACKAGE_VERSION "3.21.5"
| #define PACKAGE_STRING "Protocol Buffers 3.21.5"
| #define PACKAGE_BUGREPORT "protobuf@googlegroups.com"
| #define PACKAGE_URL ""
| #define PACKAGE "protobuf"
| #define VERSION "3.21.5"
| /* end confdefs.h.  */
| #include <ac_nonexistent.h>
configure:7225: result: c++ -E
configure:7239: c++ -E  conftest.cpp
configure:7239: $? = 0
configure:7254: c++ -E  conftest.cpp
conftest.cpp:11:10: fatal error: 'ac_nonexistent.h' file not found
#include <ac_nonexistent.h>
         ^~~~~~~~~~~~~~~~~~
1 error generated.
configure:7254: $? = 1
configure: failed program was:
| /* confdefs.h */
| #define PACKAGE_NAME "Protocol Buffers"
| #define PACKAGE_TARNAME "protobuf"
| #define PACKAGE_VERSION "3.21.5"
| #define PACKAGE_STRING "Protocol Buffers 3.21.5"
| #define PACKAGE_BUGREPORT "protobuf@googlegroups.com"
| #define PACKAGE_URL ""
| #define PACKAGE "protobuf"
| #define VERSION "3.21.5"
| /* end confdefs.h.  */
| #include <ac_nonexistent.h>
configure:7354: checking for g++
configure:7375: found /usr/bin/g++
configure:7386: result: g++
configure:7413: checking for C++ compiler version
configure:7422: g++ --version >&5
Apple clang version 15.0.0 (clang-1500.1.0.2.5)
Target: arm64-apple-darwin23.2.0
Thread model: posix
InstalledDir: /Library/Developer/CommandLineTools/usr/bin
configure:7433: $? = 0
configure:7422: g++ -v >&5
Apple clang version 15.0.0 (clang-1500.1.0.2.5)
Target: arm64-apple-darwin23.2.0
Thread model: posix
InstalledDir: /Library/Developer/CommandLineTools/usr/bin
configure:7433: $? = 0
configure:7422: g++ -V >&5
clang: error: argument to '-V' is missing (expected 1 value)
clang: error: no input files
configure:7433: $? = 1
configure:7422: g++ -qversion >&5
clang: error: unknown argument '-qversion'; did you mean '--version'?
clang: error: no input files
configure:7433: $? = 1
configure:7437: checking whether the compiler supports GNU C++
configure:7467: result: yes
configure:7478: checking whether g++ accepts -g
configure:7499: cc -c -O0 -ffunction-sections -fdata-sections -fPIC -arch arm64  conftest.cpp >&5
configure:7499: $? = 0
configure:7543: result: yes
configure:7563: checking for g++ option to enable C++11 features
configure:7596: result: none needed
configure:7662: checking dependency style of g++
configure:7774: result: gcc3
configure:7794: checking how to run the C++ preprocessor
configure:7816: g++ -E  conftest.cpp
configure:7816: $? = 0
configure:7831: g++ -E  conftest.cpp
conftest.cpp:11:10: fatal error: 'ac_nonexistent.h' file not found
#include <ac_nonexistent.h>
         ^~~~~~~~~~~~~~~~~~
1 error generated.
configure:7831: $? = 1
configure: failed program was:
| /* confdefs.h */
| #define PACKAGE_NAME "Protocol Buffers"
| #define PACKAGE_TARNAME "protobuf"
| #define PACKAGE_VERSION "3.21.5"
| #define PACKAGE_STRING "Protocol Buffers 3.21.5"
| #define PACKAGE_BUGREPORT "protobuf@googlegroups.com"
| #define PACKAGE_URL ""
| #define PACKAGE "protobuf"
| #define VERSION "3.21.5"
| /* end confdefs.h.  */
| #include <ac_nonexistent.h>
configure:7858: result: g++ -E
configure:7872: g++ -E  conftest.cpp
configure:7872: $? = 0
configure:7887: g++ -E  conftest.cpp
conftest.cpp:11:10: fatal error: 'ac_nonexistent.h' file not found
#include <ac_nonexistent.h>
         ^~~~~~~~~~~~~~~~~~
1 error generated.
configure:7887: $? = 1
configure: failed program was:
| /* confdefs.h */
| #define PACKAGE_NAME "Protocol Buffers"
| #define PACKAGE_TARNAME "protobuf"
| #define PACKAGE_VERSION "3.21.5"
| #define PACKAGE_STRING "Protocol Buffers 3.21.5"
| #define PACKAGE_BUGREPORT "protobuf@googlegroups.com"
| #define PACKAGE_URL ""
| #define PACKAGE "protobuf"
| #define VERSION "3.21.5"
| /* end confdefs.h.  */
| #include <ac_nonexistent.h>
configure:7934: checking for stdio.h
configure:7934: c++ -c -O0 -ffunction-sections -fdata-sections -fPIC -arch arm64  conftest.cpp >&5
configure:7934: $? = 0
configure:7934: result: yes
configure:7934: checking for stdlib.h
configure:7934: c++ -c -O0 -ffunction-sections -fdata-sections -fPIC -arch arm64  conftest.cpp >&5
configure:7934: $? = 0
configure:7934: result: yes
configure:7934: checking for string.h
configure:7934: c++ -c -O0 -ffunction-sections -fdata-sections -fPIC -arch arm64  conftest.cpp >&5
configure:7934: $? = 0
configure:7934: result: yes
configure:7934: checking for inttypes.h
configure:7934: c++ -c -O0 -ffunction-sections -fdata-sections -fPIC -arch arm64  conftest.cpp >&5
configure:7934: $? = 0
configure:7934: result: yes
configure:7934: checking for stdint.h
configure:7934: c++ -c -O0 -ffunction-sections -fdata-sections -fPIC -arch arm64  conftest.cpp >&5
configure:7934: $? = 0
configure:7934: result: yes
configure:7934: checking for strings.h
configure:7934: c++ -c -O0 -ffunction-sections -fdata-sections -fPIC -arch arm64  conftest.cpp >&5
configure:7934: $? = 0
configure:7934: result: yes
configure:7934: checking for sys/stat.h
configure:7934: c++ -c -O0 -ffunction-sections -fdata-sections -fPIC -arch arm64  conftest.cpp >&5
configure:7934: $? = 0
configure:7934: result: yes
configure:7934: checking for sys/types.h
configure:7934: c++ -c -O0 -ffunction-sections -fdata-sections -fPIC -arch arm64  conftest.cpp >&5
configure:7934: $? = 0
configure:7934: result: yes
configure:7934: checking for unistd.h
configure:7934: c++ -c -O0 -ffunction-sections -fdata-sections -fPIC -arch arm64  conftest.cpp >&5
configure:7934: $? = 0
configure:7934: result: yes
configure:7934: checking for wchar.h
configure:7934: c++ -c -O0 -ffunction-sections -fdata-sections -fPIC -arch arm64  conftest.cpp >&5
configure:7934: $? = 0
configure:7934: result: yes
configure:7934: checking for minix/config.h
configure:7934: c++ -c -O0 -ffunction-sections -fdata-sections -fPIC -arch arm64  conftest.cpp >&5
conftest.cpp:49:10: fatal error: 'minix/config.h' file not found
#include <minix/config.h>
         ^~~~~~~~~~~~~~~~
1 error generated.
configure:7934: $? = 1
configure: failed program was:
| /* confdefs.h */
| #define PACKAGE_NAME "Protocol Buffers"
| #define PACKAGE_TARNAME "protobuf"
| #define PACKAGE_VERSION "3.21.5"
| #define PACKAGE_STRING "Protocol Buffers 3.21.5"
| #define PACKAGE_BUGREPORT "protobuf@googlegroups.com"
| #define PACKAGE_URL ""
| #define PACKAGE "protobuf"
| #define VERSION "3.21.5"
| #define HAVE_STDIO_H 1
| #define HAVE_STDLIB_H 1
| #define HAVE_STRING_H 1
| #define HAVE_INTTYPES_H 1
| #define HAVE_STDINT_H 1
| #define HAVE_STRINGS_H 1
| #define HAVE_SYS_STAT_H 1
| #define HAVE_SYS_TYPES_H 1
| #define HAVE_UNISTD_H 1
| #define HAVE_WCHAR_H 1
| /* end confdefs.h.  */
| #include <stddef.h>
| #ifdef HAVE_STDIO_H
| # include <stdio.h>
| #endif
| #ifdef HAVE_STDLIB_H
| # include <stdlib.h>
| #endif
| #ifdef HAVE_STRING_H
| # include <string.h>
| #endif
| #ifdef HAVE_INTTYPES_H
| # include <inttypes.h>
| #endif
| #ifdef HAVE_STDINT_H
| # include <stdint.h>
| #endif
| #ifdef HAVE_STRINGS_H
| # include <strings.h>
| #endif
| #ifdef HAVE_SYS_TYPES_H
| # include <sys/types.h>
| #endif
| #ifdef HAVE_SYS_STAT_H
| # include <sys/stat.h>
| #endif
| #ifdef HAVE_UNISTD_H
| # include <unistd.h>
| #endif
| #include <minix/config.h>
configure:7934: result: no
configure:7965: checking whether it is safe to define __EXTENSIONS__
configure:7984: c++ -c -O0 -ffunction-sections -fdata-sections -fPIC -arch arm64  conftest.cpp >&5
configure:7984: $? = 0
configure:7992: result: yes
configure:7995: checking whether _XOPEN_SOURCE should be defined
configure:8017: c++ -c -O0 -ffunction-sections -fdata-sections -fPIC -arch arm64  conftest.cpp >&5
configure:8017: $? = 0
configure:8044: result: no
configure:8161: checking for ar
configure:8182: found /usr/bin/ar
configure:8193: result: ar
configure:8219: checking the archiver (ar) interface
configure:8236: cc -c -O0 -ffunction-sections -fdata-sections -fPIC -arch arm64  conftest.c >&5
configure:8236: $? = 0
configure:8239: ar cru libconftest.a conftest.o >&5
configure:8242: $? = 0
configure:8270: result: ar
configure:8359: checking for gcc
configure:8380: found /usr/bin/gcc
configure:8391: result: gcc
configure:8416: checking for Objective C compiler version
configure:8425: gcc --version >&5
Apple clang version 15.0.0 (clang-1500.1.0.2.5)
Target: arm64-apple-darwin23.2.0
Thread model: posix
InstalledDir: /Library/Developer/CommandLineTools/usr/bin
configure:8436: $? = 0
configure:8425: gcc -v >&5
Apple clang version 15.0.0 (clang-1500.1.0.2.5)
Target: arm64-apple-darwin23.2.0
Thread model: posix
InstalledDir: /Library/Developer/CommandLineTools/usr/bin
configure:8436: $? = 0
configure:8425: gcc -V >&5
clang: error: argument to '-V' is missing (expected 1 value)
clang: error: no input files
configure:8436: $? = 1
configure:8425: gcc -qversion >&5
clang: error: unknown argument '-qversion'; did you mean '--version'?
clang: error: no input files
configure:8436: $? = 1
configure:8440: checking whether the compiler supports GNU Objective C
configure:8460: gcc -c   conftest.m >&5
configure:8460: $? = 0
configure:8470: result: yes
configure:8481: checking whether gcc accepts -g
configure:8502: gcc -c -g  conftest.m >&5
configure:8502: $? = 0
configure:8546: result: yes
configure:8571: checking dependency style of gcc
configure:8681: result: gcc3
configure:8708: checking C++ compiler flags...
configure:8731: result: use user-supplied: -O0 -ffunction-sections -fdata-sections -fPIC -arch arm64
configure:8738: checking for c++ options needed to detect all undeclared functions
configure:8760: c++ -c -O0 -ffunction-sections -fdata-sections -fPIC -arch arm64  conftest.cpp >&5
conftest.cpp:42:8: error: use of undeclared identifier 'strchr'
(void) strchr;
       ^
1 error generated.
configure:8760: $? = 1
configure: failed program was:
| /* confdefs.h */
| #define PACKAGE_NAME "Protocol Buffers"
| #define PACKAGE_TARNAME "protobuf"
| #define PACKAGE_VERSION "3.21.5"
| #define PACKAGE_STRING "Protocol Buffers 3.21.5"
| #define PACKAGE_BUGREPORT "protobuf@googlegroups.com"
| #define PACKAGE_URL ""
| #define PACKAGE "protobuf"
| #define VERSION "3.21.5"
| #define HAVE_STDIO_H 1
| #define HAVE_STDLIB_H 1
| #define HAVE_STRING_H 1
| #define HAVE_INTTYPES_H 1
| #define HAVE_STDINT_H 1
| #define HAVE_STRINGS_H 1
| #define HAVE_SYS_STAT_H 1
| #define HAVE_SYS_TYPES_H 1
| #define HAVE_UNISTD_H 1
| #define HAVE_WCHAR_H 1
| #define STDC_HEADERS 1
| #define _ALL_SOURCE 1
| #define _DARWIN_C_SOURCE 1
| #define _GNU_SOURCE 1
| #define _HPUX_ALT_XOPEN_SOCKET_API 1
| #define _NETBSD_SOURCE 1
| #define _OPENBSD_SOURCE 1
| #define _POSIX_PTHREAD_SEMANTICS 1
| #define __STDC_WANT_IEC_60559_ATTRIBS_EXT__ 1
| #define __STDC_WANT_IEC_60559_BFP_EXT__ 1
| #define __STDC_WANT_IEC_60559_DFP_EXT__ 1
| #define __STDC_WANT_IEC_60559_FUNCS_EXT__ 1
| #define __STDC_WANT_IEC_60559_TYPES_EXT__ 1
| #define __STDC_WANT_LIB_EXT2__ 1
| #define __STDC_WANT_MATH_SPEC_FUNCS__ 1
| #define _TANDEM_SOURCE 1
| #define __EXTENSIONS__ 1
| /* end confdefs.h.  */
| 
| int
| main (void)
| {
| (void) strchr;
|   ;
|   return 0;
| }
configure:8787: c++ -c -O0 -ffunction-sections -fdata-sections -fPIC -arch arm64  conftest.cpp >&5
configure:8787: $? = 0
configure:8804: result: none needed
configure:8826: checking whether __SUNPRO_CC is declared
configure:8826: c++ -c -O0 -ffunction-sections -fdata-sections -fPIC -arch arm64   conftest.cpp >&5
conftest.cpp:71:10: error: use of undeclared identifier '__SUNPRO_CC'
  (void) __SUNPRO_CC;
         ^
1 error generated.
configure:8826: $? = 1
configure: failed program was:
| /* confdefs.h */
| #define PACKAGE_NAME "Protocol Buffers"
| #define PACKAGE_TARNAME "protobuf"
| #define PACKAGE_VERSION "3.21.5"
| #define PACKAGE_STRING "Protocol Buffers 3.21.5"
| #define PACKAGE_BUGREPORT "protobuf@googlegroups.com"
| #define PACKAGE_URL ""
| #define PACKAGE "protobuf"
| #define VERSION "3.21.5"
| #define HAVE_STDIO_H 1
| #define HAVE_STDLIB_H 1
| #define HAVE_STRING_H 1
| #define HAVE_INTTYPES_H 1
| #define HAVE_STDINT_H 1
| #define HAVE_STRINGS_H 1
| #define HAVE_SYS_STAT_H 1
| #define HAVE_SYS_TYPES_H 1
| #define HAVE_UNISTD_H 1
| #define HAVE_WCHAR_H 1
| #define STDC_HEADERS 1
| #define _ALL_SOURCE 1
| #define _DARWIN_C_SOURCE 1
| #define _GNU_SOURCE 1
| #define _HPUX_ALT_XOPEN_SOCKET_API 1
| #define _NETBSD_SOURCE 1
| #define _OPENBSD_SOURCE 1
| #define _POSIX_PTHREAD_SEMANTICS 1
| #define __STDC_WANT_IEC_60559_ATTRIBS_EXT__ 1
| #define __STDC_WANT_IEC_60559_BFP_EXT__ 1
| #define __STDC_WANT_IEC_60559_DFP_EXT__ 1
| #define __STDC_WANT_IEC_60559_FUNCS_EXT__ 1
| #define __STDC_WANT_IEC_60559_TYPES_EXT__ 1
| #define __STDC_WANT_LIB_EXT2__ 1
| #define __STDC_WANT_MATH_SPEC_FUNCS__ 1
| #define _TANDEM_SOURCE 1
| #define __EXTENSIONS__ 1
| /* end confdefs.h.  */
| #include <stddef.h>
| #ifdef HAVE_STDIO_H
| # include <stdio.h>
| #endif
| #ifdef HAVE_STDLIB_H
| # include <stdlib.h>
| #endif
| #ifdef HAVE_STRING_H
| # include <string.h>
| #endif
| #ifdef HAVE_INTTYPES_H
| # include <inttypes.h>
| #endif
| #ifdef HAVE_STDINT_H
| # include <stdint.h>
| #endif
| #ifdef HAVE_STRINGS_H
| # include <strings.h>
| #endif
| #ifdef HAVE_SYS_TYPES_H
| # include <sys/types.h>
| #endif
| #ifdef HAVE_SYS_STAT_H
| # include <sys/stat.h>
| #endif
| #ifdef HAVE_UNISTD_H
| # include <unistd.h>
| #endif
| int
| main (void)
| {
| #ifndef __SUNPRO_CC
| #ifdef __cplusplus
|   (void) __SUNPRO_CC;
| #else
|   (void) __SUNPRO_CC;
| #endif
| #endif
| 
|   ;
|   return 0;
| }
configure:8826: result: no
configure:9009: checking how to print strings
configure:9036: result: printf
configure:9057: checking for a sed that does not truncate output
configure:9127: result: /opt/homebrew/bin/gsed
configure:9145: checking for grep that handles long lines and -e
configure:9209: result: /usr/bin/grep
configure:9214: checking for egrep
configure:9282: result: /usr/bin/grep -E
configure:9287: checking for fgrep
configure:9355: result: /usr/bin/grep -F
configure:9391: checking for ld used by cc
configure:9459: result: /Library/Developer/CommandLineTools/usr/bin/ld
configure:9466: checking if the linker (/Library/Developer/CommandLineTools/usr/bin/ld) is GNU ld
configure:9482: result: no
configure:9494: checking for BSD- or MS-compatible name lister (nm)
configure:9549: result: /usr/bin/nm -B
configure:9689: checking the name lister (/usr/bin/nm -B) interface
configure:9697: c++ -c -O0 -ffunction-sections -fdata-sections -fPIC -arch arm64  conftest.cpp >&5
configure:9700: /usr/bin/nm -B "conftest.o"
configure:9703: output
0000000000000000 S _some_variable
0000000000000000 t ltmp0
0000000000000000 s ltmp1
configure:9710: result: BSD nm
configure:9713: checking whether ln -s works
configure:9717: result: yes
configure:9725: checking the maximum length of command line arguments
configure:9857: result: 786432
configure:9905: checking how to convert aarch64-apple-darwin23.2.0 file names to aarch64-apple-darwin23.2.0 format
configure:9946: result: func_convert_file_noop
configure:9953: checking how to convert aarch64-apple-darwin23.2.0 file names to toolchain format
configure:9974: result: func_convert_file_noop
configure:9981: checking for /Library/Developer/CommandLineTools/usr/bin/ld option to reload object files
configure:9989: result: -r
configure:10068: checking for file
configure:10089: found /usr/bin/file
configure:10100: result: file
configure:10176: checking for objdump
configure:10197: found /usr/bin/objdump
configure:10208: result: objdump
configure:10240: checking how to recognize dependent libraries
configure:10441: result: pass_all
configure:10531: checking for dlltool
configure:10566: result: no
configure:10596: checking how to associate runtime and link libraries
configure:10624: result: printf %s\n
configure:10774: checking for archiver @FILE support
configure:10792: c++ -c -O0 -ffunction-sections -fdata-sections -fPIC -arch arm64  conftest.cpp >&5
configure:10792: $? = 0
configure:10796: ar cr libconftest.a @conftest.lst >&5
ar: @conftest.lst: No such file or directory
configure:10799: $? = 1
configure:10819: result: no
configure:10882: checking for strip
configure:10903: found /usr/bin/strip
configure:10914: result: strip
configure:10991: checking for ranlib
configure:11012: found /usr/bin/ranlib
configure:11023: result: ranlib
configure:11125: checking command to parse /usr/bin/nm -B output from cc object
configure:11279: c++ -c -O0 -ffunction-sections -fdata-sections -fPIC -arch arm64  conftest.cpp >&5
configure:11282: $? = 0
configure:11286: /usr/bin/nm -B conftest.o \| /opt/homebrew/bin/gsed -n -e 's/^.*[ ]\([ABCDGIRSTW][ABCDGIRSTW]*\)[ ][ ]*\([_A-Za-z][_A-Za-z0-9]*\)$/\1 \2 \2/p' | /opt/homebrew/bin/gsed '/ __gnu_lto/d' \> conftest.nm
configure:11289: $? = 0
cannot find nm_test_var in conftest.nm
configure:11279: c++ -c -O0 -ffunction-sections -fdata-sections -fPIC -arch arm64  conftest.cpp >&5
configure:11282: $? = 0
configure:11286: /usr/bin/nm -B conftest.o \| /opt/homebrew/bin/gsed -n -e 's/^.*[ ]\([ABCDGIRSTW][ABCDGIRSTW]*\)[ ][ ]*_\([_A-Za-z][_A-Za-z0-9]*\)$/\1 _\2 \2/p' | /opt/homebrew/bin/gsed '/ __gnu_lto/d' \> conftest.nm
configure:11289: $? = 0
configure:11355: c++ -o conftest -O0 -ffunction-sections -fdata-sections -fPIC -arch arm64   conftest.cpp conftstm.o >&5
configure:11358: $? = 0
configure:11396: result: ok
configure:11443: checking for sysroot
configure:11474: result: no
configure:11481: checking for a working dd
configure:11525: result: /bin/dd
configure:11529: checking how to truncate binary pipes
configure:11545: result: /bin/dd bs=4096 count=1
configure:11882: checking for mt
configure:11917: result: no
configure:11937: checking if : is a manifest tool
configure:11944: : '-?'
configure:11952: result: no
configure:12013: checking for dsymutil
configure:12034: found /usr/bin/dsymutil
configure:12045: result: dsymutil
configure:12115: checking for nmedit
configure:12136: found /usr/bin/nmedit
configure:12147: result: nmedit
configure:12217: checking for lipo
configure:12238: found /usr/bin/lipo
configure:12249: result: lipo
configure:12319: checking for otool
configure:12340: found /usr/bin/otool
configure:12351: result: otool
configure:12421: checking for otool64
configure:12456: result: no
configure:12501: checking for -single_module linker flag
cc -O0 -ffunction-sections -fdata-sections -fPIC -arch arm64  -o libconftest.dylib -dynamiclib -Wl,-single_module conftest.c
ld: warning: -single_module is obsolete
configure:12535: result: no
configure:12538: checking for -exported_symbols_list linker flag
configure:12559: c++ -o conftest -O0 -ffunction-sections -fdata-sections -fPIC -arch arm64   -Wl,-exported_symbols_list,conftest.sym conftest.cpp  >&5
configure:12559: $? = 0
configure:12570: result: yes
configure:12573: checking for -force_load linker flag
cc -O0 -ffunction-sections -fdata-sections -fPIC -arch arm64 -c -o conftest.o conftest.c
ar cr libconftest.a conftest.o
ranlib libconftest.a
cc -O0 -ffunction-sections -fdata-sections -fPIC -arch arm64  -o conftest conftest.c -Wl,-force_load,./libconftest.a
configure:12606: result: yes
configure:12673: checking for dlfcn.h
configure:12673: c++ -c -O0 -ffunction-sections -fdata-sections -fPIC -arch arm64  conftest.cpp >&5
configure:12673: $? = 0
configure:12673: result: yes
configure:12942: checking for objdir
configure:12958: result: .libs
configure:13222: checking if cc supports -fno-rtti -fno-exceptions
configure:13241: cc -c -O0 -ffunction-sections -fdata-sections -fPIC -arch arm64  -fno-rtti -fno-exceptions conftest.c >&5
configure:13245: $? = 0
configure:13258: result: yes
configure:13616: checking for cc option to produce PIC
configure:13624: result: -fno-common -DPIC
configure:13632: checking if cc PIC flag -fno-common -DPIC works
configure:13651: cc -c -O0 -ffunction-sections -fdata-sections -fPIC -arch arm64  -fno-common -DPIC -DPIC conftest.c >&5
configure:13655: $? = 0
configure:13668: result: yes
configure:13697: checking if cc static flag -static works
configure:13726: result: no
configure:13741: checking if cc supports -c -o file.o
configure:13763: cc -c -O0 -ffunction-sections -fdata-sections -fPIC -arch arm64  -o out/conftest2.o conftest.c >&5
configure:13767: $? = 0
configure:13789: result: yes
configure:13797: checking if cc supports -c -o file.o
configure:13845: result: yes
configure:13878: checking whether the cc linker (/Library/Developer/CommandLineTools/usr/bin/ld) supports shared libraries
configure:15146: result: yes
configure:15387: checking dynamic linker characteristics
configure:16208: result: darwin23.2.0 dyld
configure:16330: checking how to hardcode library paths into programs
configure:16355: result: immediate
configure:16907: checking whether stripping libraries is possible
configure:16924: result: yes
configure:16958: checking if libtool supports shared libraries
configure:16960: result: yes
configure:16963: checking whether to build shared libraries
configure:16988: result: no
configure:16991: checking whether to build static libraries
configure:16995: result: yes
configure:17018: checking how to run the C++ preprocessor
configure:17082: result: c++ -E
configure:17096: c++ -E  conftest.cpp
configure:17096: $? = 0
configure:17111: c++ -E  conftest.cpp
conftest.cpp:40:10: fatal error: 'ac_nonexistent.h' file not found
#include <ac_nonexistent.h>
         ^~~~~~~~~~~~~~~~~~
1 error generated.
configure:17111: $? = 1
configure: failed program was:
| /* confdefs.h */
| #define PACKAGE_NAME "Protocol Buffers"
| #define PACKAGE_TARNAME "protobuf"
| #define PACKAGE_VERSION "3.21.5"
| #define PACKAGE_STRING "Protocol Buffers 3.21.5"
| #define PACKAGE_BUGREPORT "protobuf@googlegroups.com"
| #define PACKAGE_URL ""
| #define PACKAGE "protobuf"
| #define VERSION "3.21.5"
| #define HAVE_STDIO_H 1
| #define HAVE_STDLIB_H 1
| #define HAVE_STRING_H 1
| #define HAVE_INTTYPES_H 1
| #define HAVE_STDINT_H 1
| #define HAVE_STRINGS_H 1
| #define HAVE_SYS_STAT_H 1
| #define HAVE_SYS_TYPES_H 1
| #define HAVE_UNISTD_H 1
| #define HAVE_WCHAR_H 1
| #define STDC_HEADERS 1
| #define _ALL_SOURCE 1
| #define _DARWIN_C_SOURCE 1
| #define _GNU_SOURCE 1
| #define _HPUX_ALT_XOPEN_SOCKET_API 1
| #define _NETBSD_SOURCE 1
| #define _OPENBSD_SOURCE 1
| #define _POSIX_PTHREAD_SEMANTICS 1
| #define __STDC_WANT_IEC_60559_ATTRIBS_EXT__ 1
| #define __STDC_WANT_IEC_60559_BFP_EXT__ 1
| #define __STDC_WANT_IEC_60559_DFP_EXT__ 1
| #define __STDC_WANT_IEC_60559_FUNCS_EXT__ 1
| #define __STDC_WANT_IEC_60559_TYPES_EXT__ 1
| #define __STDC_WANT_LIB_EXT2__ 1
| #define __STDC_WANT_MATH_SPEC_FUNCS__ 1
| #define _TANDEM_SOURCE 1
| #define __EXTENSIONS__ 1
| #define HAVE_DLFCN_H 1
| #define LT_OBJDIR ".libs/"
| /* end confdefs.h.  */
| #include <ac_nonexistent.h>
configure:17276: checking for ld used by c++
configure:17344: result: /Library/Developer/CommandLineTools/usr/bin/ld
configure:17351: checking if the linker (/Library/Developer/CommandLineTools/usr/bin/ld) is GNU ld
configure:17367: result: no
configure:17422: checking whether the c++ linker (/Library/Developer/CommandLineTools/usr/bin/ld) supports shared libraries
configure:18500: result: yes
configure:18536: c++ -c -O0 -ffunction-sections -fdata-sections -fPIC -arch arm64  conftest.cpp >&5
configure:18539: $? = 0
configure:19020: checking for c++ option to produce PIC
configure:19028: result: -fno-common -DPIC
configure:19036: checking if c++ PIC flag -fno-common -DPIC works
configure:19055: c++ -c -O0 -ffunction-sections -fdata-sections -fPIC -arch arm64  -fno-common -DPIC -DPIC conftest.cpp >&5
configure:19059: $? = 0
configure:19072: result: yes
configure:19095: checking if c++ static flag -static works
configure:19124: result: no
configure:19136: checking if c++ supports -c -o file.o
configure:19158: c++ -c -O0 -ffunction-sections -fdata-sections -fPIC -arch arm64  -o out/conftest2.o conftest.cpp >&5
configure:19162: $? = 0
configure:19184: result: yes
configure:19189: checking if c++ supports -c -o file.o
configure:19237: result: yes
configure:19267: checking whether the c++ linker (/Library/Developer/CommandLineTools/usr/bin/ld) supports shared libraries
configure:19307: result: yes
configure:19449: checking dynamic linker characteristics
configure:20197: result: darwin23.2.0 dyld
configure:20262: checking how to hardcode library paths into programs
configure:20287: result: immediate
configure:20350: checking whether the linker supports version scripts
configure:20366: c++ -o conftest -O0 -ffunction-sections -fdata-sections -fPIC -arch arm64   -Wl,--version-script=conftest.map conftest.cpp  >&5
ld: unknown options: --version-script=conftest.map 
clang: error: linker command failed with exit code 1 (use -v to see invocation)
configure:20366: $? = 1
configure: failed program was:
| /* confdefs.h */
| #define PACKAGE_NAME "Protocol Buffers"
| #define PACKAGE_TARNAME "protobuf"
| #define PACKAGE_VERSION "3.21.5"
| #define PACKAGE_STRING "Protocol Buffers 3.21.5"
| #define PACKAGE_BUGREPORT "protobuf@googlegroups.com"
| #define PACKAGE_URL ""
| #define PACKAGE "protobuf"
| #define VERSION "3.21.5"
| #define HAVE_STDIO_H 1
| #define HAVE_STDLIB_H 1
| #define HAVE_STRING_H 1
| #define HAVE_INTTYPES_H 1
| #define HAVE_STDINT_H 1
| #define HAVE_STRINGS_H 1
| #define HAVE_SYS_STAT_H 1
| #define HAVE_SYS_TYPES_H 1
| #define HAVE_UNISTD_H 1
| #define HAVE_WCHAR_H 1
| #define STDC_HEADERS 1
| #define _ALL_SOURCE 1
| #define _DARWIN_C_SOURCE 1
| #define _GNU_SOURCE 1
| #define _HPUX_ALT_XOPEN_SOCKET_API 1
| #define _NETBSD_SOURCE 1
| #define _OPENBSD_SOURCE 1
| #define _POSIX_PTHREAD_SEMANTICS 1
| #define __STDC_WANT_IEC_60559_ATTRIBS_EXT__ 1
| #define __STDC_WANT_IEC_60559_BFP_EXT__ 1
| #define __STDC_WANT_IEC_60559_DFP_EXT__ 1
| #define __STDC_WANT_IEC_60559_FUNCS_EXT__ 1
| #define __STDC_WANT_IEC_60559_TYPES_EXT__ 1
| #define __STDC_WANT_LIB_EXT2__ 1
| #define __STDC_WANT_MATH_SPEC_FUNCS__ 1
| #define _TANDEM_SOURCE 1
| #define __EXTENSIONS__ 1
| #define HAVE_DLFCN_H 1
| #define LT_OBJDIR ".libs/"
| /* end confdefs.h.  */
| int main() { return 0; }
configure:20371: result: no
configure:20390: checking for egrep
configure:20458: result: /usr/bin/grep -E
configure:20464: checking for fcntl.h
configure:20464: c++ -c -O0 -ffunction-sections -fdata-sections -fPIC -arch arm64  conftest.cpp >&5
configure:20464: $? = 0
configure:20464: result: yes
configure:20470: checking for inttypes.h
configure:20470: result: yes
configure:20476: checking for limits.h
configure:20476: c++ -c -O0 -ffunction-sections -fdata-sections -fPIC -arch arm64  conftest.cpp >&5
configure:20476: $? = 0
configure:20476: result: yes
configure:20482: checking for stdlib.h
configure:20482: result: yes
configure:20488: checking for unistd.h
configure:20488: result: yes
configure:20497: checking for working memcmp
configure:20542: c++ -o conftest -O0 -ffunction-sections -fdata-sections -fPIC -arch arm64   conftest.cpp  >&5
configure:20542: $? = 0
configure:20542: ./conftest
configure:20542: $? = 0
configure:20553: result: yes
configure:20562: checking for working strtod
configure:20605: c++ -o conftest -O0 -ffunction-sections -fdata-sections -fPIC -arch arm64   conftest.cpp  >&5
conftest.cpp:82:20: warning: conversion from string literal to 'char *' is deprecated [-Wc++11-compat-deprecated-writable-strings]
    char *string = " +69";
                   ^
conftest.cpp:93:20: warning: conversion from string literal to 'char *' is deprecated [-Wc++11-compat-deprecated-writable-strings]
    char *string = "NaN";
                   ^
2 warnings generated.
configure:20605: $? = 0
configure:20605: ./conftest
configure:20605: $? = 0
configure:20616: result: yes
configure:20678: checking for ftruncate
configure:20678: c++ -o conftest -O0 -ffunction-sections -fdata-sections -fPIC -arch arm64   conftest.cpp  >&5
configure:20678: $? = 0
configure:20678: result: yes
configure:20684: checking for memset
configure:20684: c++ -o conftest -O0 -ffunction-sections -fdata-sections -fPIC -arch arm64   conftest.cpp  >&5
configure:20684: $? = 0
configure:20684: result: yes
configure:20690: checking for mkdir
configure:20690: c++ -o conftest -O0 -ffunction-sections -fdata-sections -fPIC -arch arm64   conftest.cpp  >&5
configure:20690: $? = 0
configure:20690: result: yes
configure:20696: checking for strchr
configure:20696: c++ -o conftest -O0 -ffunction-sections -fdata-sections -fPIC -arch arm64   conftest.cpp  >&5
configure:20696: $? = 0
configure:20696: result: yes
configure:20702: checking for strerror
configure:20702: c++ -o conftest -O0 -ffunction-sections -fdata-sections -fPIC -arch arm64   conftest.cpp  >&5
configure:20702: $? = 0
configure:20702: result: yes
configure:20708: checking for strtol
configure:20708: c++ -o conftest -O0 -ffunction-sections -fdata-sections -fPIC -arch arm64   conftest.cpp  >&5
configure:20708: $? = 0
configure:20708: result: yes
configure:20721: checking zlib version
configure:20741: c++ -c -O0 -ffunction-sections -fdata-sections -fPIC -arch arm64  conftest.cpp >&5
configure:20741: $? = 0
configure:20744: result: ok (1.2.0.4 or later)
configure:20748: checking for library containing zlibVersion
configure:20777: c++ -o conftest -O0 -ffunction-sections -fdata-sections -fPIC -arch arm64   conftest.cpp  >&5
ld: Undefined symbols:
  _zlibVersion, referenced from:
      _main in conftest-6b2899.o
clang: error: linker command failed with exit code 1 (use -v to see invocation)
configure:20777: $? = 1
configure: failed program was:
| /* confdefs.h */
| #define PACKAGE_NAME "Protocol Buffers"
| #define PACKAGE_TARNAME "protobuf"
| #define PACKAGE_VERSION "3.21.5"
| #define PACKAGE_STRING "Protocol Buffers 3.21.5"
| #define PACKAGE_BUGREPORT "protobuf@googlegroups.com"
| #define PACKAGE_URL ""
| #define PACKAGE "protobuf"
| #define VERSION "3.21.5"
| #define HAVE_STDIO_H 1
| #define HAVE_STDLIB_H 1
| #define HAVE_STRING_H 1
| #define HAVE_INTTYPES_H 1
| #define HAVE_STDINT_H 1
| #define HAVE_STRINGS_H 1
| #define HAVE_SYS_STAT_H 1
| #define HAVE_SYS_TYPES_H 1
| #define HAVE_UNISTD_H 1
| #define HAVE_WCHAR_H 1
| #define STDC_HEADERS 1
| #define _ALL_SOURCE 1
| #define _DARWIN_C_SOURCE 1
| #define _GNU_SOURCE 1
| #define _HPUX_ALT_XOPEN_SOCKET_API 1
| #define _NETBSD_SOURCE 1
| #define _OPENBSD_SOURCE 1
| #define _POSIX_PTHREAD_SEMANTICS 1
| #define __STDC_WANT_IEC_60559_ATTRIBS_EXT__ 1
| #define __STDC_WANT_IEC_60559_BFP_EXT__ 1
| #define __STDC_WANT_IEC_60559_DFP_EXT__ 1
| #define __STDC_WANT_IEC_60559_FUNCS_EXT__ 1
| #define __STDC_WANT_IEC_60559_TYPES_EXT__ 1
| #define __STDC_WANT_LIB_EXT2__ 1
| #define __STDC_WANT_MATH_SPEC_FUNCS__ 1
| #define _TANDEM_SOURCE 1
| #define __EXTENSIONS__ 1
| #define HAVE_DLFCN_H 1
| #define LT_OBJDIR ".libs/"
| #define HAVE_FCNTL_H 1
| #define HAVE_INTTYPES_H 1
| #define HAVE_LIMITS_H 1
| #define HAVE_STDLIB_H 1
| #define HAVE_UNISTD_H 1
| #define HAVE_FTRUNCATE 1
| #define HAVE_MEMSET 1
| #define HAVE_MKDIR 1
| #define HAVE_STRCHR 1
| #define HAVE_STRERROR 1
| #define HAVE_STRTOL 1
| /* end confdefs.h.  */
| 
| namespace conftest {
|   extern "C" int zlibVersion ();
| }
| int
| main (void)
| {
| return conftest::zlibVersion ();
|   ;
|   return 0;
| }
configure:20777: c++ -o conftest -O0 -ffunction-sections -fdata-sections -fPIC -arch arm64   conftest.cpp -lz   >&5
configure:20777: $? = 0
configure:20797: result: -lz
configure:20863: checking whether c++ supports C++11 features by default
configure:21177: c++ -c -O0 -ffunction-sections -fdata-sections -fPIC -arch arm64  conftest.cpp >&5
conftest.cpp:63:2: error: "This is not a C++11 compiler"
#error "This is not a C++11 compiler"
 ^
1 error generated.
configure:21177: $? = 1
configure: failed program was:
| /* confdefs.h */
| #define PACKAGE_NAME "Protocol Buffers"
| #define PACKAGE_TARNAME "protobuf"
| #define PACKAGE_VERSION "3.21.5"
| #define PACKAGE_STRING "Protocol Buffers 3.21.5"
| #define PACKAGE_BUGREPORT "protobuf@googlegroups.com"
| #define PACKAGE_URL ""
| #define PACKAGE "protobuf"
| #define VERSION "3.21.5"
| #define HAVE_STDIO_H 1
| #define HAVE_STDLIB_H 1
| #define HAVE_STRING_H 1
| #define HAVE_INTTYPES_H 1
| #define HAVE_STDINT_H 1
| #define HAVE_STRINGS_H 1
| #define HAVE_SYS_STAT_H 1
| #define HAVE_SYS_TYPES_H 1
| #define HAVE_UNISTD_H 1
| #define HAVE_WCHAR_H 1
| #define STDC_HEADERS 1
| #define _ALL_SOURCE 1
| #define _DARWIN_C_SOURCE 1
| #define _GNU_SOURCE 1
| #define _HPUX_ALT_XOPEN_SOCKET_API 1
| #define _NETBSD_SOURCE 1
| #define _OPENBSD_SOURCE 1
| #define _POSIX_PTHREAD_SEMANTICS 1
| #define __STDC_WANT_IEC_60559_ATTRIBS_EXT__ 1
| #define __STDC_WANT_IEC_60559_BFP_EXT__ 1
| #define __STDC_WANT_IEC_60559_DFP_EXT__ 1
| #define __STDC_WANT_IEC_60559_FUNCS_EXT__ 1
| #define __STDC_WANT_IEC_60559_TYPES_EXT__ 1
| #define __STDC_WANT_LIB_EXT2__ 1
| #define __STDC_WANT_MATH_SPEC_FUNCS__ 1
| #define _TANDEM_SOURCE 1
| #define __EXTENSIONS__ 1
| #define HAVE_DLFCN_H 1
| #define LT_OBJDIR ".libs/"
| #define HAVE_FCNTL_H 1
| #define HAVE_INTTYPES_H 1
| #define HAVE_LIMITS_H 1
| #define HAVE_STDLIB_H 1
| #define HAVE_UNISTD_H 1
| #define HAVE_FTRUNCATE 1
| #define HAVE_MEMSET 1
| #define HAVE_MKDIR 1
| #define HAVE_STRCHR 1
| #define HAVE_STRERROR 1
| #define HAVE_STRTOL 1
| #define HAVE_ZLIB 1
| /* end confdefs.h.  */
| 
| 
| // If the compiler admits that it is not ready for C++11, why torture it?
| // Hopefully, this will speed up the test.
| 
| #ifndef __cplusplus
| 
| #error "This is not a C++ compiler"
| 
| #elif __cplusplus < 201103L
| 
| #error "This is not a C++11 compiler"
| 
| #else
| 
| #include <utility>
| 
| namespace cxx11
| {
| 
|   namespace test_static_assert
|   {
| 
|     template <typename T>
|     struct check
|     {
|       static_assert(sizeof(int) <= sizeof(T), "not big enough");
|     };
| 
|   }
| 
|   namespace test_final_override
|   {
| 
|     struct Base
|     {
|       virtual void f() {}
|     };
| 
|     struct Derived : public Base
|     {
|       virtual void f() override {}
|     };
| 
|   }
| 
|   namespace test_double_right_angle_brackets
|   {
| 
|     template < typename T >
|     struct check {};
| 
|     typedef check<void> single_type;
|     typedef check<check<void>> double_type;
|     typedef check<check<check<void>>> triple_type;
|     typedef check<check<check<check<void>>>> quadruple_type;
| 
|   }
| 
|   namespace test_decltype
|   {
| 
|     int
|     f()
|     {
|       int a = 1;
|       decltype(a) b = 2;
|       return a + b;
|     }
| 
|   }
| 
|   namespace test_type_deduction
|   {
| 
|     template < typename T1, typename T2 >
|     struct is_same
|     {
|       static const bool value = false;
|     };
| 
|     template < typename T >
|     struct is_same<T, T>
|     {
|       static const bool value = true;
|     };
| 
|     template < typename T1, typename T2 >
|     auto
|     add(T1 a1, T2 a2) -> decltype(a1 + a2)
|     {
|       return a1 + a2;
|     }
| 
|     int
|     test(const int c, volatile int v)
|     {
|       static_assert(is_same<int, decltype(0)>::value == true, "");
|       static_assert(is_same<int, decltype(c)>::value == false, "");
|       static_assert(is_same<int, decltype(v)>::value == false, "");
|       auto ac = c;
|       auto av = v;
|       auto sumi = ac + av + 'x';
|       auto sumf = ac + av + 1.0;
|       static_assert(is_same<int, decltype(ac)>::value == true, "");
|       static_assert(is_same<int, decltype(av)>::value == true, "");
|       static_assert(is_same<int, decltype(sumi)>::value == true, "");
|       static_assert(is_same<int, decltype(sumf)>::value == false, "");
|       static_assert(is_same<int, decltype(add(c, v))>::value == true, "");
|       return (sumf > 0.0) ? sumi : add(c, v);
|     }
| 
|   }
| 
|   namespace test_noexcept
|   {
| 
|     int f() { return 0; }
|     int g() noexcept { return 0; }
| 
|     static_assert(noexcept(f()) == false, "");
|     static_assert(noexcept(g()) == true, "");
| 
|   }
| 
|   namespace test_constexpr
|   {
| 
|     template < typename CharT >
|     unsigned long constexpr
|     strlen_c_r(const CharT *const s, const unsigned long acc) noexcept
|     {
|       return *s ? strlen_c_r(s + 1, acc + 1) : acc;
|     }
| 
|     template < typename CharT >
|     unsigned long constexpr
|     strlen_c(const CharT *const s) noexcept
|     {
|       return strlen_c_r(s, 0UL);
|     }
| 
|     static_assert(strlen_c("") == 0UL, "");
|     static_assert(strlen_c("1") == 1UL, "");
|     static_assert(strlen_c("example") == 7UL, "");
|     static_assert(strlen_c("another\0example") == 7UL, "");
| 
|   }
| 
|   namespace test_rvalue_references
|   {
| 
|     template < int N >
|     struct answer
|     {
|       static constexpr int value = N;
|     };
| 
|     answer<1> f(int&)       { return answer<1>(); }
|     answer<2> f(const int&) { return answer<2>(); }
|     answer<3> f(int&&)      { return answer<3>(); }
| 
|     void
|     test()
|     {
|       int i = 0;
|       const int c = 0;
|       static_assert(decltype(f(i))::value == 1, "");
|       static_assert(decltype(f(c))::value == 2, "");
|       static_assert(decltype(f(0))::value == 3, "");
|     }
| 
|   }
| 
|   namespace test_uniform_initialization
|   {
| 
|     struct test
|     {
|       static const int zero {};
|       static const int one {1};
|     };
| 
|     static_assert(test::zero == 0, "");
|     static_assert(test::one == 1, "");
| 
|   }
| 
|   namespace test_lambdas
|   {
| 
|     void
|     test1()
|     {
|       auto lambda1 = [](){};
|       auto lambda2 = lambda1;
|       lambda1();
|       lambda2();
|     }
| 
|     int
|     test2()
|     {
|       auto a = [](int i, int j){ return i + j; }(1, 2);
|       auto b = []() -> int { return '0'; }();
|       auto c = [=](){ return a + b; }();
|       auto d = [&](){ return c; }();
|       auto e = [a, &b](int x) mutable {
|         const auto identity = [](int y){ return y; };
|         for (auto i = 0; i < a; ++i)
|           a += b--;
|         return x + identity(a + b);
|       }(0);
|       return a + b + c + d + e;
|     }
| 
|     int
|     test3()
|     {
|       const auto nullary = [](){ return 0; };
|       const auto unary = [](int x){ return x; };
|       using nullary_t = decltype(nullary);
|       using unary_t = decltype(unary);
|       const auto higher1st = [](nullary_t f){ return f(); };
|       const auto higher2nd = [unary](nullary_t f1){
|         return [unary, f1](unary_t f2){ return f2(unary(f1())); };
|       };
|       return higher1st(nullary) + higher2nd(nullary)(unary);
|     }
| 
|   }
| 
|   namespace test_variadic_templates
|   {
| 
|     template <int...>
|     struct sum;
| 
|     template <int N0, int... N1toN>
|     struct sum<N0, N1toN...>
|     {
|       static constexpr auto value = N0 + sum<N1toN...>::value;
|     };
| 
|     template <>
|     struct sum<>
|     {
|       static constexpr auto value = 0;
|     };
| 
|     static_assert(sum<>::value == 0, "");
|     static_assert(sum<1>::value == 1, "");
|     static_assert(sum<23>::value == 23, "");
|     static_assert(sum<1, 2>::value == 3, "");
|     static_assert(sum<5, 5, 11>::value == 21, "");
|     static_assert(sum<2, 3, 5, 7, 11, 13>::value == 41, "");
| 
|   }
| 
|   // http://stackoverflow.com/questions/13728184/template-aliases-and-sfinae
|   // Clang 3.1 fails with headers of libstd++ 4.8.3 when using std::function
|   // because of this.
|   namespace test_template_alias_sfinae
|   {
| 
|     struct foo {};
| 
|     template<typename T>
|     using member = typename T::member_type;
| 
|     template<typename T>
|     void func(...) {}
| 
|     template<typename T>
|     void func(member<T>*) {}
| 
|     void test();
| 
|     void test() { func<foo>(0); }
| 
|   }
| 
|   namespace test_std_move_and_forward
|   {
|     struct message {};
|     char foo(message&) { return '\0'; }
|     int foo(message&&) { return 0; }
| 
|     template<typename Arg, typename RT>
|     void check(Arg&& arg, RT rt) {
|       static_assert(sizeof(rt) == sizeof(foo(std::forward<Arg>(arg))), "");
|     }
|     void test() {
|       message a;
|       check(a, char());
|       check(std::move(a), int());
|     }
|   }
| 
| }  // namespace cxx11
| 
| #endif  // __cplusplus >= 201103L
| 
| 
| 
configure:21185: result: no
configure:21197: checking whether c++ supports C++11 features with -std=c++11
configure:21513: c++ -std=c++11 -c -O0 -ffunction-sections -fdata-sections -fPIC -arch arm64  conftest.cpp >&5
configure:21513: $? = 0
configure:21523: result: yes
configure:21564: checking whether -latomic is needed
configure:21577: c++ -std=c++11 -o conftest -O0 -ffunction-sections -fdata-sections -fPIC -arch arm64   conftest.cpp -lz  >&5
configure:21577: $? = 0
configure:21585: result: no
configure:21784: checking whether cc is Clang
configure:21811: result: yes
configure:21876: checking whether pthreads work with "-pthread" and "-lpthread"
configure:21987: cc -o conftest -O0 -ffunction-sections -fdata-sections -fPIC -arch arm64 -pthread   conftest.c -lpthread -lz  >&5
configure:21987: $? = 0
configure:21997: result: yes
configure:22046: checking whether Clang needs flag to prevent "argument unused" warning when linking with -pthread
configure:22073: cc -o conftest -Werror -Wunknown-warning-option  -pthread -O0 -ffunction-sections -fdata-sections -fPIC -arch arm64   conftest.c -lz  >&5
configure:22073: $? = 0
configure:22080: (cc -c -Werror -Wunknown-warning-option  -pthread -O0 -ffunction-sections -fdata-sections -fPIC -arch arm64  conftest.c >&5) && (echo ==== >&5) && (cc -o conftest -Werror -Wunknown-warning-option  -pthread -O0 -ffunction-sections -fdata-sections -fPIC -arch arm64   conftest.o -lz  >&5)
====
configure:22080: $? = 0
configure:22100: result: no
configure:22120: checking for joinable pthread attribute
configure:22139: cc -o conftest -O0 -ffunction-sections -fdata-sections -fPIC -arch arm64 -pthread   conftest.c -lpthread -lz  >&5
configure:22139: $? = 0
configure:22148: result: PTHREAD_CREATE_JOINABLE
configure:22161: checking whether more special flags are required for pthreads
configure:22175: result: no
configure:22184: checking for PTHREAD_PRIO_INHERIT
configure:22202: cc -o conftest -O0 -ffunction-sections -fdata-sections -fPIC -arch arm64 -pthread   conftest.c -lpthread -lz  >&5
configure:22202: $? = 0
configure:22212: result: yes
configure:22331: checking the location of hash_map
configure:22357: c++ -std=c++11 -c -O0 -ffunction-sections -fdata-sections -fPIC -arch arm64  conftest.cpp >&5
configure:22357: $? = 0
configure:22380: c++ -std=c++11 -c -O0 -ffunction-sections -fdata-sections -fPIC -arch arm64  conftest.cpp >&5
configure:22380: $? = 0
configure:22439: result: <unordered_map>
configure:22465: checking whether -llog is needed
configure:22473: result: no
configure:22605: checking that generated files are newer than configure
configure:22611: result: done
configure:22678: creating ./config.status

## ---------------------- ##
## Running config.status. ##
## ---------------------- ##

This file was extended by Protocol Buffers config.status 3.21.5, which was
generated by GNU Autoconf 2.71.  Invocation command line was

  CONFIG_FILES    = 
  CONFIG_HEADERS  = 
  CONFIG_LINKS    = 
  CONFIG_COMMANDS = 
  $ ./config.status 

on bogon

config.status:1238: creating Makefile
config.status:1238: creating src/Makefile
config.status:1238: creating benchmarks/Makefile
config.status:1238: creating conformance/Makefile
config.status:1238: creating protobuf.pc
config.status:1238: creating protobuf-lite.pc
config.status:1238: creating config.h
config.status:1452: executing depfiles commands
config.status:1529: cd src       && sed -e '/# am--include-marker/d' Makefile         | make -f - am--depfiles
config.status:1534: $? = 0
config.status:1529: cd benchmarks       && sed -e '/# am--include-marker/d' Makefile         | make -f - am--depfiles
config.status:1534: $? = 0
config.status:1529: cd conformance       && sed -e '/# am--include-marker/d' Makefile         | make -f - am--depfiles
config.status:1534: $? = 0
config.status:1452: executing libtool commands
configure:25164: === configuring in third_party/googletest (/Users/taotalk/project_rust/WeatherXM-IoTeX-Textile-POC/zk/target/release/build/protobuf-src-3172da3d97d863cc/out/install/build/third_party/googletest)
configure:25225: running /bin/sh /Users/taotalk/.cargo/registry/src/index.crates.io-6f17d22bba15001f/protobuf-src-1.1.0+21.5/protobuf/third_party/googletest/configure --disable-option-checking '--prefix=/Users/taotalk/project_rust/WeatherXM-IoTeX-Textile-POC/zk/target/release/build/protobuf-src-3172da3d97d863cc/out/install'  '--disable-shared' '--enable-static' '--disable-maintainer-mode' 'CC=cc' 'CFLAGS=-O0 -ffunction-sections -fdata-sections -fPIC -arch arm64' 'CXX=c++' 'CXXFLAGS=-O0 -ffunction-sections -fdata-sections -fPIC -arch arm64' --cache-file=/dev/null --srcdir=/Users/taotalk/.cargo/registry/src/index.crates.io-6f17d22bba15001f/protobuf-src-1.1.0+21.5/protobuf/third_party/googletest

## ---------------- ##
## Cache variables. ##
## ---------------- ##

ac_cv_build=aarch64-apple-darwin23.2.0
ac_cv_build_prog_CPP='gcc -E'
ac_cv_build_prog_CXXCPP='g++ -E'
ac_cv_build_prog_cc_g=yes
ac_cv_build_prog_cxx_g=yes
ac_cv_c_compiler_gnu=yes
ac_cv_cxx_compiler_gnu=yes
ac_cv_cxx_hash_map='<unordered_map>'
ac_cv_cxx_hash_map_class=unordered_map
ac_cv_cxx_hash_namespace=std
ac_cv_cxx_hash_set='<unordered_set>'
ac_cv_cxx_hash_set_class=unordered_set
ac_cv_cxx_undeclared_builtin_options='none needed'
ac_cv_env_CCC_set=
ac_cv_env_CCC_value=
ac_cv_env_CC_set=set
ac_cv_env_CC_value=cc
ac_cv_env_CFLAGS_set=set
ac_cv_env_CFLAGS_value='-O0 -ffunction-sections -fdata-sections -fPIC -arch arm64'
ac_cv_env_CPPFLAGS_set=
ac_cv_env_CPPFLAGS_value=
ac_cv_env_CPP_set=
ac_cv_env_CPP_value=
ac_cv_env_CXXCPP_set=
ac_cv_env_CXXCPP_value=
ac_cv_env_CXXFLAGS_set=set
ac_cv_env_CXXFLAGS_value='-O0 -ffunction-sections -fdata-sections -fPIC -arch arm64'
ac_cv_env_CXX_set=set
ac_cv_env_CXX_value=c++
ac_cv_env_DIST_LANG_set=
ac_cv_env_DIST_LANG_value=
ac_cv_env_LDFLAGS_set=
ac_cv_env_LDFLAGS_value=
ac_cv_env_LIBS_set=
ac_cv_env_LIBS_value=
ac_cv_env_LT_SYS_LIBRARY_PATH_set=
ac_cv_env_LT_SYS_LIBRARY_PATH_value=
ac_cv_env_OBJCFLAGS_set=
ac_cv_env_OBJCFLAGS_value=
ac_cv_env_OBJC_set=
ac_cv_env_OBJC_value=
ac_cv_env_build_alias_set=
ac_cv_env_build_alias_value=
ac_cv_env_host_alias_set=
ac_cv_env_host_alias_value=
ac_cv_env_target_alias_set=
ac_cv_env_target_alias_value=
ac_cv_func_ftruncate=yes
ac_cv_func_memcmp_working=yes
ac_cv_func_memset=yes
ac_cv_func_mkdir=yes
ac_cv_func_strchr=yes
ac_cv_func_strerror=yes
ac_cv_func_strtod=yes
ac_cv_func_strtol=yes
ac_cv_have_decl___SUNPRO_CC=no
ac_cv_header_dlfcn_h=yes
ac_cv_header_fcntl_h=yes
ac_cv_header_inttypes_h=yes
ac_cv_header_limits_h=yes
ac_cv_header_minix_config_h=no
ac_cv_header_stdint_h=yes
ac_cv_header_stdio_h=yes
ac_cv_header_stdlib_h=yes
ac_cv_header_string_h=yes
ac_cv_header_strings_h=yes
ac_cv_header_sys_stat_h=yes
ac_cv_header_sys_types_h=yes
ac_cv_header_unistd_h=yes
ac_cv_header_wchar_h=yes
ac_cv_host=aarch64-apple-darwin23.2.0
ac_cv_objc_compiler_gnu=yes
ac_cv_objext=o
ac_cv_path_EGREP='/usr/bin/grep -E'
ac_cv_path_FGREP='/usr/bin/grep -F'
ac_cv_path_GREP=/usr/bin/grep
ac_cv_path_SED=/opt/homebrew/bin/gsed
ac_cv_path_install='/usr/bin/install -c'
ac_cv_path_lt_DD=/bin/dd
ac_cv_prog_AWK=awk
ac_cv_prog_CPP='cc -E'
ac_cv_prog_CXXCPP='c++ -E'
ac_cv_prog_ac_ct_AR=ar
ac_cv_prog_ac_ct_CC=cc
ac_cv_prog_ac_ct_CC_FOR_BUILD=gcc
ac_cv_prog_ac_ct_CXX_FOR_BUILD=g++
ac_cv_prog_ac_ct_DSYMUTIL=dsymutil
ac_cv_prog_ac_ct_FILECMD=file
ac_cv_prog_ac_ct_LIPO=lipo
ac_cv_prog_ac_ct_NMEDIT=nmedit
ac_cv_prog_ac_ct_OBJC=gcc
ac_cv_prog_ac_ct_OBJDUMP=objdump
ac_cv_prog_ac_ct_OTOOL=otool
ac_cv_prog_ac_ct_RANLIB=ranlib
ac_cv_prog_ac_ct_STRIP=strip
ac_cv_prog_cc_c11=
ac_cv_prog_cc_g=yes
ac_cv_prog_cc_stdc=
ac_cv_prog_cxx_11=no
ac_cv_prog_cxx_g=yes
ac_cv_prog_cxx_stdcxx=
ac_cv_prog_make_make_set=yes
ac_cv_prog_objc_g=yes
ac_cv_safe_to_define___extensions__=yes
ac_cv_search_zlibVersion=-lz
ac_cv_should_define__xopen_source=no
ac_cv_target=aarch64-apple-darwin23.2.0
am_cv_CC_dependencies_compiler_type=gcc3
am_cv_CXX_dependencies_compiler_type=gcc3
am_cv_OBJC_dependencies_compiler_type=gcc3
am_cv_ar_interface=ar
am_cv_make_support_nested_variables=yes
am_cv_prog_cc_c_o=yes
am_cv_prog_tar_ustar=gnutar
ax_cv_PTHREAD_CLANG=yes
ax_cv_PTHREAD_CLANG_NO_WARN_FLAG=no
ax_cv_PTHREAD_JOINABLE_ATTR=PTHREAD_CREATE_JOINABLE
ax_cv_PTHREAD_PRIO_INHERIT=yes
ax_cv_PTHREAD_SPECIAL_FLAGS=no
ax_cv_cxx_compile_cxx11=no
ax_cv_cxx_compile_cxx11__std_cpp11=yes
lt_cv_apple_cc_single_mod=no
lt_cv_ar_at_file=no
lt_cv_deplibs_check_method=pass_all
lt_cv_file_magic_cmd='$MAGIC_CMD'
lt_cv_file_magic_test_file=
lt_cv_ld_exported_symbols_list=yes
lt_cv_ld_force_load=yes
lt_cv_ld_reload_flag=-r
lt_cv_nm_interface='BSD nm'
lt_cv_objdir=.libs
lt_cv_path_LD=/Library/Developer/CommandLineTools/usr/bin/ld
lt_cv_path_LDCXX=/Library/Developer/CommandLineTools/usr/bin/ld
lt_cv_path_NM='/usr/bin/nm -B'
lt_cv_path_mainfest_tool=no
lt_cv_prog_compiler_c_o=yes
lt_cv_prog_compiler_c_o_CXX=yes
lt_cv_prog_compiler_pic='-fno-common -DPIC'
lt_cv_prog_compiler_pic_CXX='-fno-common -DPIC'
lt_cv_prog_compiler_pic_works=yes
lt_cv_prog_compiler_pic_works_CXX=yes
lt_cv_prog_compiler_rtti_exceptions=yes
lt_cv_prog_compiler_static_works=no
lt_cv_prog_compiler_static_works_CXX=no
lt_cv_prog_gnu_ld=no
lt_cv_prog_gnu_ldcxx=no
lt_cv_sharedlib_from_linklib_cmd='printf %s\n'
lt_cv_sys_global_symbol_pipe='/opt/homebrew/bin/gsed -n -e '\''s/^.*[	 ]\([ABCDGIRSTW][ABCDGIRSTW]*\)[	 ][	 ]*_\([_A-Za-z][_A-Za-z0-9]*\)$/\1 _\2 \2/p'\'' | /opt/homebrew/bin/gsed '\''/ __gnu_lto/d'\'''
lt_cv_sys_global_symbol_to_c_name_address='/opt/homebrew/bin/gsed -n -e '\''s/^: \(.*\) .*$/  {"\1", (void *) 0},/p'\'' -e '\''s/^[ABCDGIRSTW][ABCDGIRSTW]* .* \(.*\)$/  {"\1", (void *) \&\1},/p'\'''
lt_cv_sys_global_symbol_to_c_name_address_lib_prefix='/opt/homebrew/bin/gsed -n -e '\''s/^: \(.*\) .*$/  {"\1", (void *) 0},/p'\'' -e '\''s/^[ABCDGIRSTW][ABCDGIRSTW]* .* \(lib.*\)$/  {"\1", (void *) \&\1},/p'\'' -e '\''s/^[ABCDGIRSTW][ABCDGIRSTW]* .* \(.*\)$/  {"lib\1", (void *) \&\1},/p'\'''
lt_cv_sys_global_symbol_to_cdecl='/opt/homebrew/bin/gsed -n -e '\''s/^T .* \(.*\)$/extern int \1();/p'\'' -e '\''s/^[ABCDGIRSTW][ABCDGIRSTW]* .* \(.*\)$/extern char \1;/p'\'''
lt_cv_sys_global_symbol_to_import=
lt_cv_sys_max_cmd_len=786432
lt_cv_to_host_file_cmd=func_convert_file_noop
lt_cv_to_tool_file_cmd=func_convert_file_noop
lt_cv_truncate_bin='/bin/dd bs=4096 count=1'

## ----------------- ##
## Output variables. ##
## ----------------- ##

ACLOCAL='${SHELL} '\''/Users/taotalk/.cargo/registry/src/index.crates.io-6f17d22bba15001f/protobuf-src-1.1.0+21.5/protobuf/missing'\'' aclocal-1.16'
AMDEPBACKSLASH='\'
AMDEP_FALSE='#'
AMDEP_TRUE=''
AMTAR='$${TAR-tar}'
AM_BACKSLASH='\'
AM_DEFAULT_V='$(AM_DEFAULT_VERBOSITY)'
AM_DEFAULT_VERBOSITY='0'
AM_V='$(V)'
AR='ar'
AUTOCONF='${SHELL} '\''/Users/taotalk/.cargo/registry/src/index.crates.io-6f17d22bba15001f/protobuf-src-1.1.0+21.5/protobuf/missing'\'' autoconf'
AUTOHEADER='${SHELL} '\''/Users/taotalk/.cargo/registry/src/index.crates.io-6f17d22bba15001f/protobuf-src-1.1.0+21.5/protobuf/missing'\'' autoheader'
AUTOMAKE='${SHELL} '\''/Users/taotalk/.cargo/registry/src/index.crates.io-6f17d22bba15001f/protobuf-src-1.1.0+21.5/protobuf/missing'\'' automake-1.16'
AWK='awk'
BUILD_EXEEXT=''
BUILD_OBJEXT=''
CC='cc'
CCDEPMODE='depmode=gcc3'
CC_FOR_BUILD='gcc'
CFLAGS='-O0 -ffunction-sections -fdata-sections -fPIC -arch arm64'
CFLAGS_FOR_BUILD='-g -O2'
CPP='cc -E'
CPPFLAGS=''
CPPFLAGS_FOR_BUILD=''
CPP_FOR_BUILD='gcc -E'
CSCOPE='cscope'
CTAGS='ctags'
CXX='c++ -std=c++11'
CXXCPP='c++ -E -std=c++11'
CXXCPPFLAGS_FOR_BUILD=''
CXXCPP_FOR_BUILD='g++ -E'
CXXDEPMODE='depmode=gcc3'
CXXFLAGS='-O0 -ffunction-sections -fdata-sections -fPIC -arch arm64'
CXXFLAGS_FOR_BUILD='-g -O2'
CXX_FOR_BUILD='g++'
CYGPATH_W='echo'
DEFS='-DHAVE_CONFIG_H'
DEPDIR='.deps'
DIST_LANG='all'
DLLTOOL='false'
DSYMUTIL='dsymutil'
DUMPBIN=''
ECHO_C='\c'
ECHO_N=''
ECHO_T=''
EGREP='/usr/bin/grep -E'
ETAGS='etags'
EXEEXT=''
FGREP='/usr/bin/grep -F'
FILECMD='file'
GCC_FALSE='#'
GCC_TRUE=''
GREP='/usr/bin/grep'
HAVE_CXX11='1'
HAVE_LD_VERSION_SCRIPT_FALSE=''
HAVE_LD_VERSION_SCRIPT_TRUE='#'
HAVE_PTHREAD_FALSE='#'
HAVE_PTHREAD_TRUE=''
HAVE_ZLIB_FALSE='#'
HAVE_ZLIB_TRUE=''
INSTALL_DATA='${INSTALL} -m 644'
INSTALL_PROGRAM='${INSTALL}'
INSTALL_SCRIPT='${INSTALL}'
INSTALL_STRIP_PROGRAM='$(install_sh) -c -s'
ISAINFO=''
LD='/Library/Developer/CommandLineTools/usr/bin/ld'
LDFLAGS=''
LDFLAGS_FOR_BUILD=''
LIBATOMIC_LIBS=''
LIBLOG_LIBS=''
LIBOBJS=''
LIBS='-lz '
LIBTOOL='$(SHELL) $(top_builddir)/libtool'
LIPO='lipo'
LN_S='ln -s'
LTLIBOBJS=''
LT_SYS_LIBRARY_PATH=''
MAINT='#'
MAINTAINER_MODE_FALSE=''
MAINTAINER_MODE_TRUE='#'
MAKEINFO='${SHELL} '\''/Users/taotalk/.cargo/registry/src/index.crates.io-6f17d22bba15001f/protobuf-src-1.1.0+21.5/protobuf/missing'\'' makeinfo'
MANIFEST_TOOL=':'
MKDIR_P='/Users/taotalk/.cargo/registry/src/index.crates.io-6f17d22bba15001f/protobuf-src-1.1.0+21.5/protobuf/install-sh -c -d'
NM='/usr/bin/nm -B'
NMEDIT='nmedit'
OBJC='gcc'
OBJCDEPMODE='depmode=gcc3'
OBJCFLAGS='-g -O2'
OBJC_CONFORMANCE_TEST_FALSE='#'
OBJC_CONFORMANCE_TEST_TRUE=''
OBJDUMP='objdump'
OBJEXT='o'
OTOOL64=':'
OTOOL='otool'
PACKAGE='protobuf'
PACKAGE_BUGREPORT='protobuf@googlegroups.com'
PACKAGE_NAME='Protocol Buffers'
PACKAGE_STRING='Protocol Buffers 3.21.5'
PACKAGE_TARNAME='protobuf'
PACKAGE_URL=''
PACKAGE_VERSION='3.21.5'
PATH_SEPARATOR=':'
POW_LIB=''
PROTOBUF_OPT_FLAG=''
PROTOC=''
PTHREAD_CC='cc'
PTHREAD_CFLAGS='-pthread'
PTHREAD_LIBS='-lpthread'
RANLIB='ranlib'
SED='/opt/homebrew/bin/gsed'
SET_MAKE=''
SHELL='/bin/sh'
STRIP='strip'
USE_EXTERNAL_PROTOC_FALSE=''
USE_EXTERNAL_PROTOC_TRUE='#'
VERSION='3.21.5'
ac_ct_AR='ar'
ac_ct_CC='cc'
ac_ct_CC_FOR_BUILD='gcc'
ac_ct_CXX=''
ac_ct_CXX_FOR_BUILD='g++'
ac_ct_DUMPBIN=''
ac_ct_OBJC='gcc'
am__EXEEXT_FALSE=''
am__EXEEXT_TRUE='#'
am__fastdepCC_FALSE='#'
am__fastdepCC_TRUE=''
am__fastdepCXX_FALSE='#'
am__fastdepCXX_TRUE=''
am__fastdepOBJC_FALSE='#'
am__fastdepOBJC_TRUE=''
am__include='include'
am__isrc=' -I$(srcdir)'
am__leading_dot='.'
am__nodep='_no'
am__quote=''
am__tar='tar --format=ustar -chf - "$$tardir"'
am__untar='tar -xf -'
ax_pthread_config=''
bindir='${exec_prefix}/bin'
build='aarch64-apple-darwin23.2.0'
build_alias=''
build_cpu='aarch64'
build_os='darwin23.2.0'
build_vendor='apple'
datadir='${datarootdir}'
datarootdir='${prefix}/share'
docdir='${datarootdir}/doc/${PACKAGE_TARNAME}'
dvidir='${docdir}'
exec_prefix='${prefix}'
host='aarch64-apple-darwin23.2.0'
host_alias=''
host_cpu='aarch64'
host_os='darwin23.2.0'
host_vendor='apple'
htmldir='${docdir}'
includedir='${prefix}/include'
infodir='${datarootdir}/info'
install_sh='${SHELL} /Users/taotalk/.cargo/registry/src/index.crates.io-6f17d22bba15001f/protobuf-src-1.1.0+21.5/protobuf/install-sh'
libdir='${exec_prefix}/lib'
libexecdir='${exec_prefix}/libexec'
localedir='${datarootdir}/locale'
localstatedir='${prefix}/var'
mandir='${datarootdir}/man'
mkdir_p='$(MKDIR_P)'
oldincludedir='/usr/include'
pdfdir='${docdir}'
prefix='/Users/taotalk/project_rust/WeatherXM-IoTeX-Textile-POC/zk/target/release/build/protobuf-src-3172da3d97d863cc/out/install'
program_transform_name='s,x,x,'
psdir='${docdir}'
runstatedir='${localstatedir}/run'
sbindir='${exec_prefix}/sbin'
sharedstatedir='${prefix}/com'
subdirs=' third_party/googletest'
sysconfdir='${prefix}/etc'
target='aarch64-apple-darwin23.2.0'
target_alias=''
target_cpu='aarch64'
target_os='darwin23.2.0'
target_vendor='apple'

## ----------- ##
## confdefs.h. ##
## ----------- ##

/* confdefs.h */
#define PACKAGE_NAME "Protocol Buffers"
#define PACKAGE_TARNAME "protobuf"
#define PACKAGE_VERSION "3.21.5"
#define PACKAGE_STRING "Protocol Buffers 3.21.5"
#define PACKAGE_BUGREPORT "protobuf@googlegroups.com"
#define PACKAGE_URL ""
#define PACKAGE "protobuf"
#define VERSION "3.21.5"
#define HAVE_STDIO_H 1
#define HAVE_STDLIB_H 1
#define HAVE_STRING_H 1
#define HAVE_INTTYPES_H 1
#define HAVE_STDINT_H 1
#define HAVE_STRINGS_H 1
#define HAVE_SYS_STAT_H 1
#define HAVE_SYS_TYPES_H 1
#define HAVE_UNISTD_H 1
#define HAVE_WCHAR_H 1
#define STDC_HEADERS 1
#define _ALL_SOURCE 1
#define _DARWIN_C_SOURCE 1
#define _GNU_SOURCE 1
#define _HPUX_ALT_XOPEN_SOCKET_API 1
#define _NETBSD_SOURCE 1
#define _OPENBSD_SOURCE 1
#define _POSIX_PTHREAD_SEMANTICS 1
#define __STDC_WANT_IEC_60559_ATTRIBS_EXT__ 1
#define __STDC_WANT_IEC_60559_BFP_EXT__ 1
#define __STDC_WANT_IEC_60559_DFP_EXT__ 1
#define __STDC_WANT_IEC_60559_FUNCS_EXT__ 1
#define __STDC_WANT_IEC_60559_TYPES_EXT__ 1
#define __STDC_WANT_LIB_EXT2__ 1
#define __STDC_WANT_MATH_SPEC_FUNCS__ 1
#define _TANDEM_SOURCE 1
#define __EXTENSIONS__ 1
#define HAVE_DLFCN_H 1
#define LT_OBJDIR ".libs/"
#define HAVE_FCNTL_H 1
#define HAVE_INTTYPES_H 1
#define HAVE_LIMITS_H 1
#define HAVE_STDLIB_H 1
#define HAVE_UNISTD_H 1
#define HAVE_FTRUNCATE 1
#define HAVE_MEMSET 1
#define HAVE_MKDIR 1
#define HAVE_STRCHR 1
#define HAVE_STRERROR 1
#define HAVE_STRTOL 1
#define HAVE_ZLIB 1
#define HAVE_CXX11 1
#define HAVE_PTHREAD_PRIO_INHERIT 1
#define HAVE_PTHREAD 1
#define HAVE_HASH_MAP 1
#define HAVE_HASH_SET 1
#define HASH_MAP_H <unordered_map>
#define HASH_SET_H <unordered_set>
#define HASH_NAMESPACE std
#define HASH_MAP_CLASS unordered_map
#define HASH_SET_CLASS unordered_set

configure: exit 0
