This file contains any messages produced by compilers while
running configure, to aid debugging if configure makes a mistake.

It was created by Google C++ Mocking Framework configure 1.8.0, which was
generated by GNU Autoconf 2.71.  Invocation command line was

  $ /Users/taotalk/.cargo/registry/src/index.crates.io-6f17d22bba15001f/protobuf-src-1.1.0+21.5/protobuf/third_party/googletest/googlemock/configure --disable-option-checking --prefix=/Users/taotalk/project_rust/WeatherXM-IoTeX-Textile-POC/zk/target/debug/build/protobuf-src-74e5a88a37067608/out/install --disable-shared --enable-static --disable-maintainer-mode CC=cc 'CFLAGS=-O0 -ffunction-sections -fdata-sections -fPIC -arch arm64' CXX=c++ 'CXXFLAGS=-O0 -ffunction-sections -fdata-sections -fPIC -arch arm64' --cache-file=/dev/null --srcdir=/Users/taotalk/.cargo/registry/src/index.crates.io-6f17d22bba15001f/protobuf-src-1.1.0+21.5/protobuf/third_party/googletest/googlemock

## --------- ##
## Platform. ##
## --------- ##

hostname = bogon
uname -m = arm64
uname -r = 23.2.0
uname -s = Darwin
uname -v = Darwin Kernel Version 23.2.0: Wed Nov 15 21:53:34 PST 2023; root:xnu-10002.61.3~2/RELEASE_ARM64_T8103

/usr/bin/uname -p = arm
/bin/uname -X     = unknown

/bin/arch              = unknown
/usr/bin/arch -k       = unknown
/usr/convex/getsysinfo = unknown
/usr/bin/hostinfo      = Mach kernel version:
	 Darwin Kernel Version 23.2.0: Wed Nov 15 21:53:34 PST 2023; root:xnu-10002.61.3~2/RELEASE_ARM64_T8103
Kernel configured for up to 8 processors.
8 processors are physically available.
8 processors are logically available.
Processor type: arm64e (ARM64E)
Processors active: 0 1 2 3 4 5 6 7
Primary memory available: 8.00 gigabytes
Default processor set: 432 tasks, 2950 threads, 8 processors
Load average: 2.74, Mach factor: 5.25
/bin/machine           = unknown
/usr/bin/oslevel       = unknown
/bin/universe          = unknown

PATH: /opt/homebrew/opt/libpq/bin/
PATH: /Users/taotalk/.fluvio/bin/
PATH: /Users/taotalk/.rd/bin/
PATH: /opt/homebrew/bin/
PATH: /opt/homebrew/sbin/
PATH: /usr/local/bin/
PATH: /System/Cryptexes/App/usr/bin/
PATH: /usr/bin/
PATH: /bin/
PATH: /usr/sbin/
PATH: /sbin/
PATH: /var/run/com.apple.security.cryptexd/codex.system/bootstrap/usr/local/bin/
PATH: /var/run/com.apple.security.cryptexd/codex.system/bootstrap/usr/bin/
PATH: /var/run/com.apple.security.cryptexd/codex.system/bootstrap/usr/appleinternal/bin/
PATH: /usr/local/go/bin/
PATH: /Users/taotalk/.cargo/bin/
PATH: /Users/taotalk/.foundry/bin/


## ----------- ##
## Core tests. ##
## ----------- ##

configure:2756: looking for aux files: config.guess config.sub ltmain.sh compile missing install-sh
configure:2769:  trying /Users/taotalk/.cargo/registry/src/index.crates.io-6f17d22bba15001f/protobuf-src-1.1.0+21.5/protobuf/third_party/googletest/googlemock/build-aux/
configure:2798:   /Users/taotalk/.cargo/registry/src/index.crates.io-6f17d22bba15001f/protobuf-src-1.1.0+21.5/protobuf/third_party/googletest/googlemock/build-aux/config.guess found
configure:2798:   /Users/taotalk/.cargo/registry/src/index.crates.io-6f17d22bba15001f/protobuf-src-1.1.0+21.5/protobuf/third_party/googletest/googlemock/build-aux/config.sub found
configure:2798:   /Users/taotalk/.cargo/registry/src/index.crates.io-6f17d22bba15001f/protobuf-src-1.1.0+21.5/protobuf/third_party/googletest/googlemock/build-aux/ltmain.sh found
configure:2798:   /Users/taotalk/.cargo/registry/src/index.crates.io-6f17d22bba15001f/protobuf-src-1.1.0+21.5/protobuf/third_party/googletest/googlemock/build-aux/compile found
configure:2798:   /Users/taotalk/.cargo/registry/src/index.crates.io-6f17d22bba15001f/protobuf-src-1.1.0+21.5/protobuf/third_party/googletest/googlemock/build-aux/missing found
configure:2780:   /Users/taotalk/.cargo/registry/src/index.crates.io-6f17d22bba15001f/protobuf-src-1.1.0+21.5/protobuf/third_party/googletest/googlemock/build-aux/install-sh found
configure:2942: checking for a BSD-compatible install
configure:3015: result: /usr/bin/install -c
configure:3026: checking whether build environment is sane
configure:3081: result: yes
configure:3240: checking for a race-free mkdir -p
configure:3284: result: /Users/taotalk/.cargo/registry/src/index.crates.io-6f17d22bba15001f/protobuf-src-1.1.0+21.5/protobuf/third_party/googletest/googlemock/build-aux/install-sh -c -d
configure:3291: checking for gawk
configure:3326: result: no
configure:3291: checking for mawk
configure:3326: result: no
configure:3291: checking for nawk
configure:3326: result: no
configure:3291: checking for awk
configure:3312: found /usr/bin/awk
configure:3323: result: awk
configure:3334: checking whether make sets $(MAKE)
configure:3357: result: yes
configure:3387: checking whether make supports nested variables
configure:3405: result: yes
configure:3605: checking for gcc
configure:3637: result: cc
configure:3990: checking for C compiler version
configure:3999: cc --version >&5
Apple clang version 15.0.0 (clang-1500.1.0.2.5)
Target: arm64-apple-darwin23.2.0
Thread model: posix
InstalledDir: /Library/Developer/CommandLineTools/usr/bin
configure:4010: $? = 0
configure:3999: cc -v >&5
Apple clang version 15.0.0 (clang-1500.1.0.2.5)
Target: arm64-apple-darwin23.2.0
Thread model: posix
InstalledDir: /Library/Developer/CommandLineTools/usr/bin
configure:4010: $? = 0
configure:3999: cc -V >&5
clang: error: argument to '-V' is missing (expected 1 value)
clang: error: no input files
configure:4010: $? = 1
configure:3999: cc -qversion >&5
clang: error: unknown argument '-qversion'; did you mean '--version'?
clang: error: no input files
configure:4010: $? = 1
configure:3999: cc -version >&5
clang: error: unknown argument '-version'; did you mean '--version'?
clang: error: no input files
configure:4010: $? = 1
configure:4030: checking whether the C compiler works
configure:4052: cc -O0 -ffunction-sections -fdata-sections -fPIC -arch arm64   conftest.c  >&5
configure:4056: $? = 0
configure:4106: result: yes
configure:4109: checking for C compiler default output file name
configure:4111: result: a.out
configure:4117: checking for suffix of executables
configure:4124: cc -o conftest -O0 -ffunction-sections -fdata-sections -fPIC -arch arm64   conftest.c  >&5
configure:4128: $? = 0
configure:4151: result: 
configure:4173: checking whether we are cross compiling
configure:4181: cc -o conftest -O0 -ffunction-sections -fdata-sections -fPIC -arch arm64   conftest.c  >&5
configure:4185: $? = 0
configure:4192: ./conftest
configure:4196: $? = 0
configure:4211: result: no
configure:4216: checking for suffix of object files
configure:4239: cc -c -O0 -ffunction-sections -fdata-sections -fPIC -arch arm64  conftest.c >&5
configure:4243: $? = 0
configure:4265: result: o
configure:4269: checking whether the compiler supports GNU C
configure:4289: cc -c -O0 -ffunction-sections -fdata-sections -fPIC -arch arm64  conftest.c >&5
configure:4289: $? = 0
configure:4299: result: yes
configure:4310: checking whether cc accepts -g
configure:4331: cc -c -g  conftest.c >&5
configure:4331: $? = 0
configure:4375: result: yes
configure:4395: checking for cc option to enable C11 features
configure:4410: cc  -c -O0 -ffunction-sections -fdata-sections -fPIC -arch arm64  conftest.c >&5
conftest.c:25:14: warning: a function definition without a prototype is deprecated in all versions of C and is not supported in C2x [-Wdeprecated-non-prototype]
static char *e (p, i)
             ^
1 warning generated.
configure:4410: $? = 0
configure:4428: result: none needed
configure:4544: checking whether cc understands -c and -o together
configure:4567: cc -c conftest.c -o conftest2.o
configure:4570: $? = 0
configure:4567: cc -c conftest.c -o conftest2.o
configure:4570: $? = 0
configure:4582: result: yes
configure:4602: checking whether make supports the include directive
configure:4617: make -f confmf.GNU && cat confinc.out
this is the am__doit target
configure:4620: $? = 0
configure:4639: result: yes (GNU style)
configure:4665: checking dependency style of cc
configure:4777: result: gcc3
configure:4920: checking for C++ compiler version
configure:4929: c++ --version >&5
Apple clang version 15.0.0 (clang-1500.1.0.2.5)
Target: arm64-apple-darwin23.2.0
Thread model: posix
InstalledDir: /Library/Developer/CommandLineTools/usr/bin
configure:4940: $? = 0
configure:4929: c++ -v >&5
Apple clang version 15.0.0 (clang-1500.1.0.2.5)
Target: arm64-apple-darwin23.2.0
Thread model: posix
InstalledDir: /Library/Developer/CommandLineTools/usr/bin
configure:4940: $? = 0
configure:4929: c++ -V >&5
clang: error: argument to '-V' is missing (expected 1 value)
clang: error: no input files
configure:4940: $? = 1
configure:4929: c++ -qversion >&5
clang: error: unknown argument '-qversion'; did you mean '--version'?
clang: error: no input files
configure:4940: $? = 1
configure:4944: checking whether the compiler supports GNU C++
configure:4964: c++ -c -O0 -ffunction-sections -fdata-sections -fPIC -arch arm64  conftest.cpp >&5
configure:4964: $? = 0
configure:4974: result: yes
configure:4985: checking whether c++ accepts -g
configure:5006: c++ -c -g  conftest.cpp >&5
configure:5006: $? = 0
configure:5050: result: yes
configure:5070: checking for c++ option to enable C++11 features
configure:5085: c++  -c -O0 -ffunction-sections -fdata-sections -fPIC -arch arm64  conftest.cpp >&5
conftest.cpp:57:3: error: "Compiler does not advertise C++11 conformance"
# error "Compiler does not advertise C++11 conformance"
  ^
conftest.cpp:62:3: error: unknown type name 'constexpr'
  constexpr int get_val() { return 20; }
  ^
conftest.cpp:74:17: error: delegating constructors are permitted only in C++11
    delegate(): delegate(2354) {}
                ^~~~~~~~
conftest.cpp:85:26: warning: 'override' keyword is a C++11 extension [-Wc++11-extensions]
    virtual int getval() override final { return this->n * 2; }
                         ^
conftest.cpp:85:35: warning: 'final' keyword is a C++11 extension [-Wc++11-extensions]
    virtual int getval() override final { return this->n * 2; }
                                  ^
conftest.cpp:92:16: warning: defaulted function definitions are a C++11 extension [-Wc++11-extensions]
    nocopy() = default;
               ^
conftest.cpp:93:29: warning: deleted function definitions are a C++11 extension [-Wc++11-extensions]
    nocopy(const nocopy&) = delete;
                            ^
conftest.cpp:94:41: warning: deleted function definitions are a C++11 extension [-Wc++11-extensions]
    nocopy & operator=(const nocopy&) = delete;
                                        ^
conftest.cpp:106:25: warning: 'auto' type specifier is a C++11 extension [-Wc++11-extensions]
  template <typename V> auto sum(V first) -> V
                        ^
conftest.cpp:106:25: error: 'auto' not allowed in function return type
  template <typename V> auto sum(V first) -> V
                        ^~~~
conftest.cpp:106:42: error: expected ';' at end of declaration
  template <typename V> auto sum(V first) -> V
                                         ^
                                         ;
conftest.cpp:106:43: error: cannot use arrow operator on a type
  template <typename V> auto sum(V first) -> V
                                          ^
conftest.cpp:110:33: warning: variadic templates are a C++11 extension [-Wc++11-extensions]
  template <typename V, typename... Args> auto sum(V first, Args... rest) -> V
                                ^
conftest.cpp:110:43: warning: 'auto' type specifier is a C++11 extension [-Wc++11-extensions]
  template <typename V, typename... Args> auto sum(V first, Args... rest) -> V
                                          ^
conftest.cpp:110:43: error: 'auto' not allowed in function return type
  template <typename V, typename... Args> auto sum(V first, Args... rest) -> V
                                          ^~~~
conftest.cpp:110:74: error: expected ';' at end of declaration
  template <typename V, typename... Args> auto sum(V first, Args... rest) -> V
                                                                         ^
                                                                         ;
conftest.cpp:110:75: error: cannot use arrow operator on a type
  template <typename V, typename... Args> auto sum(V first, Args... rest) -> V
                                                                          ^
conftest.cpp:134:3: warning: 'auto' type specifier is a C++11 extension [-Wc++11-extensions]
  auto a1 = 6538;
  ^
conftest.cpp:135:3: warning: 'auto' type specifier is a C++11 extension [-Wc++11-extensions]
  auto a2 = 48573953.4;
  ^
conftest.cpp:136:3: warning: 'auto' type specifier is a C++11 extension [-Wc++11-extensions]
  auto a3 = "String literal";
  ^
conftest.cpp:139:8: warning: 'auto' type specifier is a C++11 extension [-Wc++11-extensions]
  for (auto i = a3; *i; ++i) { total += *i; }
       ^
conftest.cpp:155:8: warning: 'auto' type specifier is a C++11 extension [-Wc++11-extensions]
  for (auto &x : array) { x += 23; }
       ^
conftest.cpp:155:16: warning: range-based for loop is a C++11 extension [-Wc++11-extensions]
  for (auto &x : array) { x += 23; }
               ^
conftest.cpp:160:17: error: expected expression
  assert (eval ([](int x) { return x*2; }, 21) == 42);
                ^
conftest.cpp:162:17: error: expected expression
  assert (eval ([&](double x) { return d += x; }, 3.0) == 5.0);
                ^
conftest.cpp:164:17: error: expected expression
  assert (eval ([=](double x) mutable { return d += x; }, 4.0) == 9.0);
                ^
conftest.cpp:170:3: warning: 'auto' type specifier is a C++11 extension [-Wc++11-extensions]
  auto a = sum(1);
  ^
conftest.cpp:170:12: error: no matching function for call to 'sum'
  auto a = sum(1);
           ^~~
conftest.cpp:171:3: warning: 'auto' type specifier is a C++11 extension [-Wc++11-extensions]
  auto b = sum(1, 2);
  ^
conftest.cpp:171:12: error: no matching function for call to 'sum'
  auto b = sum(1, 2);
           ^~~
conftest.cpp:172:3: warning: 'auto' type specifier is a C++11 extension [-Wc++11-extensions]
  auto c = sum(1.0, 2.0, 3.0);
  ^
conftest.cpp:172:12: error: no matching function for call to 'sum'
  auto c = sum(1.0, 2.0, 3.0);
           ^~~
conftest.cpp:177:25: warning: empty parentheses interpreted as a function declaration [-Wvexing-parse]
  cxx11test::delegate d2();
                        ^~
conftest.cpp:177:25: note: remove parentheses to declare a variable
  cxx11test::delegate d2();
                        ^~
conftest.cpp:190:16: error: found '<::' after a template name which forms the digraph '<:' (aka '[') and a ':', did you mean '< ::'?
  test_template<::test_template<int>> v(test_template<int>(12));
               ^~~
               < ::
conftest.cpp:190:36: error: a space is required between consecutive right angle brackets (use '> >')
  test_template<::test_template<int>> v(test_template<int>(12));
                                   ^~
                                   > >
conftest.cpp:194:22: error: use of undeclared identifier 'u8'
  char const *utf8 = u8"UTF-8 string \u2500";
                     ^
conftest.cpp:194:24: error: expected ';' at end of declaration
  char const *utf8 = u8"UTF-8 string \u2500";
                       ^
                       ;
fatal error: too many errors emitted, stopping now [-ferror-limit=]
18 warnings and 20 errors generated.
configure:5085: $? = 1
configure: failed program was:
| /* confdefs.h */
| #define PACKAGE_NAME "Google C++ Mocking Framework"
| #define PACKAGE_TARNAME "gmock"
| #define PACKAGE_VERSION "1.8.0"
| #define PACKAGE_STRING "Google C++ Mocking Framework 1.8.0"
| #define PACKAGE_BUGREPORT "googlemock@googlegroups.com"
| #define PACKAGE_URL ""
| #define PACKAGE "gmock"
| #define VERSION "1.8.0"
| /* end confdefs.h.  */
| 
| // Does the compiler advertise C++98 conformance?
| #if !defined __cplusplus || __cplusplus < 199711L
| # error "Compiler does not advertise C++98 conformance"
| #endif
| 
| // These inclusions are to reject old compilers that
| // lack the unsuffixed header files.
| #include <cstdlib>
| #include <exception>
| 
| // <cassert> and <cstring> are *not* freestanding headers in C++98.
| extern void assert (int);
| namespace std {
|   extern int strcmp (const char *, const char *);
| }
| 
| // Namespaces, exceptions, and templates were all added after "C++ 2.0".
| using std::exception;
| using std::strcmp;
| 
| namespace {
| 
| void test_exception_syntax()
| {
|   try {
|     throw "test";
|   } catch (const char *s) {
|     // Extra parentheses suppress a warning when building autoconf itself,
|     // due to lint rules shared with more typical C programs.
|     assert (!(strcmp) (s, "test"));
|   }
| }
| 
| template <typename T> struct test_template
| {
|   T const val;
|   explicit test_template(T t) : val(t) {}
|   template <typename U> T add(U u) { return static_cast<T>(u) + val; }
| };
| 
| } // anonymous namespace
| 
| 
| // Does the compiler advertise C++ 2011 conformance?
| #if !defined __cplusplus || __cplusplus < 201103L
| # error "Compiler does not advertise C++11 conformance"
| #endif
| 
| namespace cxx11test
| {
|   constexpr int get_val() { return 20; }
| 
|   struct testinit
|   {
|     int i;
|     double d;
|   };
| 
|   class delegate
|   {
|   public:
|     delegate(int n) : n(n) {}
|     delegate(): delegate(2354) {}
| 
|     virtual int getval() { return this->n; };
|   protected:
|     int n;
|   };
| 
|   class overridden : public delegate
|   {
|   public:
|     overridden(int n): delegate(n) {}
|     virtual int getval() override final { return this->n * 2; }
|   };
| 
|   class nocopy
|   {
|   public:
|     nocopy(int i): i(i) {}
|     nocopy() = default;
|     nocopy(const nocopy&) = delete;
|     nocopy & operator=(const nocopy&) = delete;
|   private:
|     int i;
|   };
| 
|   // for testing lambda expressions
|   template <typename Ret, typename Fn> Ret eval(Fn f, Ret v)
|   {
|     return f(v);
|   }
| 
|   // for testing variadic templates and trailing return types
|   template <typename V> auto sum(V first) -> V
|   {
|     return first;
|   }
|   template <typename V, typename... Args> auto sum(V first, Args... rest) -> V
|   {
|     return first + sum(rest...);
|   }
| }
| 
| 
| int
| main (int argc, char **argv)
| {
|   int ok = 0;
|   
|   assert (argc);
|   assert (! argv[0]);
| {
|   test_exception_syntax ();
|   test_template<double> tt (2.0);
|   assert (tt.add (4) == 6.0);
|   assert (true && !false);
| }
| 
|   
| {
|   // Test auto and decltype
|   auto a1 = 6538;
|   auto a2 = 48573953.4;
|   auto a3 = "String literal";
| 
|   int total = 0;
|   for (auto i = a3; *i; ++i) { total += *i; }
| 
|   decltype(a2) a4 = 34895.034;
| }
| {
|   // Test constexpr
|   short sa[cxx11test::get_val()] = { 0 };
| }
| {
|   // Test initializer lists
|   cxx11test::testinit il = { 4323, 435234.23544 };
| }
| {
|   // Test range-based for
|   int array[] = {9, 7, 13, 15, 4, 18, 12, 10, 5, 3,
|                  14, 19, 17, 8, 6, 20, 16, 2, 11, 1};
|   for (auto &x : array) { x += 23; }
| }
| {
|   // Test lambda expressions
|   using cxx11test::eval;
|   assert (eval ([](int x) { return x*2; }, 21) == 42);
|   double d = 2.0;
|   assert (eval ([&](double x) { return d += x; }, 3.0) == 5.0);
|   assert (d == 5.0);
|   assert (eval ([=](double x) mutable { return d += x; }, 4.0) == 9.0);
|   assert (d == 5.0);
| }
| {
|   // Test use of variadic templates
|   using cxx11test::sum;
|   auto a = sum(1);
|   auto b = sum(1, 2);
|   auto c = sum(1.0, 2.0, 3.0);
| }
| {
|   // Test constructor delegation
|   cxx11test::delegate d1;
|   cxx11test::delegate d2();
|   cxx11test::delegate d3(45);
| }
| {
|   // Test override and final
|   cxx11test::overridden o1(55464);
| }
| {
|   // Test nullptr
|   char *c = nullptr;
| }
| {
|   // Test template brackets
|   test_template<::test_template<int>> v(test_template<int>(12));
| }
| {
|   // Unicode literals
|   char const *utf8 = u8"UTF-8 string \u2500";
|   char16_t const *utf16 = u"UTF-8 string \u2500";
|   char32_t const *utf32 = U"UTF-32 string \u2500";
| }
| 
|   return ok;
| }
| 
configure:5103: result: none needed
configure:5169: checking dependency style of c++
configure:5281: result: gcc3
configure:5334: checking build system type
configure:5349: result: aarch64-apple-darwin23.2.0
configure:5369: checking host system type
configure:5383: result: aarch64-apple-darwin23.2.0
configure:5424: checking how to print strings
configure:5451: result: printf
configure:5472: checking for a sed that does not truncate output
configure:5542: result: /opt/homebrew/bin/gsed
configure:5560: checking for grep that handles long lines and -e
configure:5624: result: /usr/bin/grep
configure:5629: checking for egrep
configure:5697: result: /usr/bin/grep -E
configure:5702: checking for fgrep
configure:5770: result: /usr/bin/grep -F
configure:5806: checking for ld used by cc
configure:5874: result: /Library/Developer/CommandLineTools/usr/bin/ld
configure:5881: checking if the linker (/Library/Developer/CommandLineTools/usr/bin/ld) is GNU ld
configure:5897: result: no
configure:5909: checking for BSD- or MS-compatible name lister (nm)
configure:5964: result: /usr/bin/nm -B
configure:6104: checking the name lister (/usr/bin/nm -B) interface
configure:6112: c++ -c -O0 -ffunction-sections -fdata-sections -fPIC -arch arm64  conftest.cpp >&5
configure:6115: /usr/bin/nm -B "conftest.o"
configure:6118: output
0000000000000000 S _some_variable
0000000000000000 t ltmp0
0000000000000000 s ltmp1
configure:6125: result: BSD nm
configure:6128: checking whether ln -s works
configure:6132: result: yes
configure:6140: checking the maximum length of command line arguments
configure:6272: result: 786432
configure:6320: checking how to convert aarch64-apple-darwin23.2.0 file names to aarch64-apple-darwin23.2.0 format
configure:6361: result: func_convert_file_noop
configure:6368: checking how to convert aarch64-apple-darwin23.2.0 file names to toolchain format
configure:6389: result: func_convert_file_noop
configure:6396: checking for /Library/Developer/CommandLineTools/usr/bin/ld option to reload object files
configure:6404: result: -r
configure:6483: checking for file
configure:6504: found /usr/bin/file
configure:6515: result: file
configure:6591: checking for objdump
configure:6612: found /usr/bin/objdump
configure:6623: result: objdump
configure:6655: checking how to recognize dependent libraries
configure:6856: result: pass_all
configure:6946: checking for dlltool
configure:6981: result: no
configure:7011: checking how to associate runtime and link libraries
configure:7039: result: printf %s\n
configure:7105: checking for ar
configure:7126: found /usr/bin/ar
configure:7137: result: ar
configure:7190: checking for archiver @FILE support
configure:7208: c++ -c -O0 -ffunction-sections -fdata-sections -fPIC -arch arm64  conftest.cpp >&5
configure:7208: $? = 0
configure:7212: ar cr libconftest.a @conftest.lst >&5
ar: @conftest.lst: No such file or directory
configure:7215: $? = 1
configure:7235: result: no
configure:7298: checking for strip
configure:7319: found /usr/bin/strip
configure:7330: result: strip
configure:7407: checking for ranlib
configure:7428: found /usr/bin/ranlib
configure:7439: result: ranlib
configure:7541: checking command to parse /usr/bin/nm -B output from cc object
configure:7695: c++ -c -O0 -ffunction-sections -fdata-sections -fPIC -arch arm64  conftest.cpp >&5
configure:7698: $? = 0
configure:7702: /usr/bin/nm -B conftest.o \| /opt/homebrew/bin/gsed -n -e 's/^.*[ ]\([ABCDGIRSTW][ABCDGIRSTW]*\)[ ][ ]*\([_A-Za-z][_A-Za-z0-9]*\)$/\1 \2 \2/p' | /opt/homebrew/bin/gsed '/ __gnu_lto/d' \> conftest.nm
configure:7705: $? = 0
cannot find nm_test_var in conftest.nm
configure:7695: c++ -c -O0 -ffunction-sections -fdata-sections -fPIC -arch arm64  conftest.cpp >&5
configure:7698: $? = 0
configure:7702: /usr/bin/nm -B conftest.o \| /opt/homebrew/bin/gsed -n -e 's/^.*[ ]\([ABCDGIRSTW][ABCDGIRSTW]*\)[ ][ ]*_\([_A-Za-z][_A-Za-z0-9]*\)$/\1 _\2 \2/p' | /opt/homebrew/bin/gsed '/ __gnu_lto/d' \> conftest.nm
configure:7705: $? = 0
configure:7771: c++ -o conftest -O0 -ffunction-sections -fdata-sections -fPIC -arch arm64   conftest.cpp conftstm.o >&5
configure:7774: $? = 0
configure:7812: result: ok
configure:7859: checking for sysroot
configure:7890: result: no
configure:7897: checking for a working dd
configure:7941: result: /bin/dd
configure:7945: checking how to truncate binary pipes
configure:7961: result: /bin/dd bs=4096 count=1
configure:8299: checking for mt
configure:8334: result: no
configure:8354: checking if : is a manifest tool
configure:8361: : '-?'
configure:8369: result: no
configure:8430: checking for dsymutil
configure:8451: found /usr/bin/dsymutil
configure:8462: result: dsymutil
configure:8532: checking for nmedit
configure:8553: found /usr/bin/nmedit
configure:8564: result: nmedit
configure:8634: checking for lipo
configure:8655: found /usr/bin/lipo
configure:8666: result: lipo
configure:8736: checking for otool
configure:8757: found /usr/bin/otool
configure:8768: result: otool
configure:8838: checking for otool64
configure:8873: result: no
configure:8918: checking for -single_module linker flag
cc -O0 -ffunction-sections -fdata-sections -fPIC -arch arm64  -o libconftest.dylib -dynamiclib -Wl,-single_module conftest.c
ld: warning: -single_module is obsolete
configure:8952: result: no
configure:8955: checking for -exported_symbols_list linker flag
configure:8976: c++ -o conftest -O0 -ffunction-sections -fdata-sections -fPIC -arch arm64   -Wl,-exported_symbols_list,conftest.sym conftest.cpp  >&5
configure:8976: $? = 0
configure:8987: result: yes
configure:8990: checking for -force_load linker flag
cc -O0 -ffunction-sections -fdata-sections -fPIC -arch arm64 -c -o conftest.o conftest.c
ar cr libconftest.a conftest.o
ranlib libconftest.a
cc -O0 -ffunction-sections -fdata-sections -fPIC -arch arm64  -o conftest conftest.c -Wl,-force_load,./libconftest.a
configure:9023: result: yes
configure:9094: checking for stdio.h
configure:9094: c++ -c -O0 -ffunction-sections -fdata-sections -fPIC -arch arm64  conftest.cpp >&5
configure:9094: $? = 0
configure:9094: result: yes
configure:9094: checking for stdlib.h
configure:9094: c++ -c -O0 -ffunction-sections -fdata-sections -fPIC -arch arm64  conftest.cpp >&5
configure:9094: $? = 0
configure:9094: result: yes
configure:9094: checking for string.h
configure:9094: c++ -c -O0 -ffunction-sections -fdata-sections -fPIC -arch arm64  conftest.cpp >&5
configure:9094: $? = 0
configure:9094: result: yes
configure:9094: checking for inttypes.h
configure:9094: c++ -c -O0 -ffunction-sections -fdata-sections -fPIC -arch arm64  conftest.cpp >&5
configure:9094: $? = 0
configure:9094: result: yes
configure:9094: checking for stdint.h
configure:9094: c++ -c -O0 -ffunction-sections -fdata-sections -fPIC -arch arm64  conftest.cpp >&5
configure:9094: $? = 0
configure:9094: result: yes
configure:9094: checking for strings.h
configure:9094: c++ -c -O0 -ffunction-sections -fdata-sections -fPIC -arch arm64  conftest.cpp >&5
configure:9094: $? = 0
configure:9094: result: yes
configure:9094: checking for sys/stat.h
configure:9094: c++ -c -O0 -ffunction-sections -fdata-sections -fPIC -arch arm64  conftest.cpp >&5
configure:9094: $? = 0
configure:9094: result: yes
configure:9094: checking for sys/types.h
configure:9094: c++ -c -O0 -ffunction-sections -fdata-sections -fPIC -arch arm64  conftest.cpp >&5
configure:9094: $? = 0
configure:9094: result: yes
configure:9094: checking for unistd.h
configure:9094: c++ -c -O0 -ffunction-sections -fdata-sections -fPIC -arch arm64  conftest.cpp >&5
configure:9094: $? = 0
configure:9094: result: yes
configure:9119: checking for dlfcn.h
configure:9119: c++ -c -O0 -ffunction-sections -fdata-sections -fPIC -arch arm64  conftest.cpp >&5
configure:9119: $? = 0
configure:9119: result: yes
configure:9388: checking for objdir
configure:9404: result: .libs
configure:9664: checking if cc supports -fno-rtti -fno-exceptions
configure:9683: cc -c -O0 -ffunction-sections -fdata-sections -fPIC -arch arm64  -fno-rtti -fno-exceptions conftest.c >&5
configure:9687: $? = 0
configure:9700: result: yes
configure:10058: checking for cc option to produce PIC
configure:10066: result: -fno-common -DPIC
configure:10074: checking if cc PIC flag -fno-common -DPIC works
configure:10093: cc -c -O0 -ffunction-sections -fdata-sections -fPIC -arch arm64  -fno-common -DPIC -DPIC conftest.c >&5
configure:10097: $? = 0
configure:10110: result: yes
configure:10139: checking if cc static flag -static works
configure:10168: result: no
configure:10183: checking if cc supports -c -o file.o
configure:10205: cc -c -O0 -ffunction-sections -fdata-sections -fPIC -arch arm64  -o out/conftest2.o conftest.c >&5
configure:10209: $? = 0
configure:10231: result: yes
configure:10239: checking if cc supports -c -o file.o
configure:10287: result: yes
configure:10320: checking whether the cc linker (/Library/Developer/CommandLineTools/usr/bin/ld) supports shared libraries
configure:11588: result: yes
configure:11829: checking dynamic linker characteristics
configure:12650: result: darwin23.2.0 dyld
configure:12772: checking how to hardcode library paths into programs
configure:12797: result: immediate
configure:13349: checking whether stripping libraries is possible
configure:13366: result: yes
configure:13400: checking if libtool supports shared libraries
configure:13402: result: yes
configure:13405: checking whether to build shared libraries
configure:13430: result: no
configure:13433: checking whether to build static libraries
configure:13437: result: yes
configure:13460: checking how to run the C++ preprocessor
configure:13482: c++ -E  conftest.cpp
configure:13482: $? = 0
configure:13497: c++ -E  conftest.cpp
conftest.cpp:23:10: fatal error: 'ac_nonexistent.h' file not found
#include <ac_nonexistent.h>
         ^~~~~~~~~~~~~~~~~~
1 error generated.
configure:13497: $? = 1
configure: failed program was:
| /* confdefs.h */
| #define PACKAGE_NAME "Google C++ Mocking Framework"
| #define PACKAGE_TARNAME "gmock"
| #define PACKAGE_VERSION "1.8.0"
| #define PACKAGE_STRING "Google C++ Mocking Framework 1.8.0"
| #define PACKAGE_BUGREPORT "googlemock@googlegroups.com"
| #define PACKAGE_URL ""
| #define PACKAGE "gmock"
| #define VERSION "1.8.0"
| #define HAVE_STDIO_H 1
| #define HAVE_STDLIB_H 1
| #define HAVE_STRING_H 1
| #define HAVE_INTTYPES_H 1
| #define HAVE_STDINT_H 1
| #define HAVE_STRINGS_H 1
| #define HAVE_SYS_STAT_H 1
| #define HAVE_SYS_TYPES_H 1
| #define HAVE_UNISTD_H 1
| #define STDC_HEADERS 1
| #define HAVE_DLFCN_H 1
| #define LT_OBJDIR ".libs/"
| /* end confdefs.h.  */
| #include <ac_nonexistent.h>
configure:13524: result: c++ -E
configure:13538: c++ -E  conftest.cpp
configure:13538: $? = 0
configure:13553: c++ -E  conftest.cpp
conftest.cpp:23:10: fatal error: 'ac_nonexistent.h' file not found
#include <ac_nonexistent.h>
         ^~~~~~~~~~~~~~~~~~
1 error generated.
configure:13553: $? = 1
configure: failed program was:
| /* confdefs.h */
| #define PACKAGE_NAME "Google C++ Mocking Framework"
| #define PACKAGE_TARNAME "gmock"
| #define PACKAGE_VERSION "1.8.0"
| #define PACKAGE_STRING "Google C++ Mocking Framework 1.8.0"
| #define PACKAGE_BUGREPORT "googlemock@googlegroups.com"
| #define PACKAGE_URL ""
| #define PACKAGE "gmock"
| #define VERSION "1.8.0"
| #define HAVE_STDIO_H 1
| #define HAVE_STDLIB_H 1
| #define HAVE_STRING_H 1
| #define HAVE_INTTYPES_H 1
| #define HAVE_STDINT_H 1
| #define HAVE_STRINGS_H 1
| #define HAVE_SYS_STAT_H 1
| #define HAVE_SYS_TYPES_H 1
| #define HAVE_UNISTD_H 1
| #define STDC_HEADERS 1
| #define HAVE_DLFCN_H 1
| #define LT_OBJDIR ".libs/"
| /* end confdefs.h.  */
| #include <ac_nonexistent.h>
configure:13718: checking for ld used by c++
configure:13786: result: /Library/Developer/CommandLineTools/usr/bin/ld
configure:13793: checking if the linker (/Library/Developer/CommandLineTools/usr/bin/ld) is GNU ld
configure:13809: result: no
configure:13864: checking whether the c++ linker (/Library/Developer/CommandLineTools/usr/bin/ld) supports shared libraries
configure:14942: result: yes
configure:14978: c++ -c -O0 -ffunction-sections -fdata-sections -fPIC -arch arm64  conftest.cpp >&5
configure:14981: $? = 0
configure:15462: checking for c++ option to produce PIC
configure:15470: result: -fno-common -DPIC
configure:15478: checking if c++ PIC flag -fno-common -DPIC works
configure:15497: c++ -c -O0 -ffunction-sections -fdata-sections -fPIC -arch arm64  -fno-common -DPIC -DPIC conftest.cpp >&5
configure:15501: $? = 0
configure:15514: result: yes
configure:15537: checking if c++ static flag -static works
configure:15566: result: no
configure:15578: checking if c++ supports -c -o file.o
configure:15600: c++ -c -O0 -ffunction-sections -fdata-sections -fPIC -arch arm64  -o out/conftest2.o conftest.cpp >&5
configure:15604: $? = 0
configure:15626: result: yes
configure:15631: checking if c++ supports -c -o file.o
configure:15679: result: yes
configure:15709: checking whether the c++ linker (/Library/Developer/CommandLineTools/usr/bin/ld) supports shared libraries
configure:15749: result: yes
configure:15891: checking dynamic linker characteristics
configure:16639: result: darwin23.2.0 dyld
configure:16704: checking how to hardcode library paths into programs
configure:16729: result: immediate
configure:16799: checking for python
configure:16835: result: :
configure:17058: checking for the pthreads library -lpthreads
configure:17091: cc -o conftest -O0 -ffunction-sections -fdata-sections -fPIC -arch arm64    conftest.c -lpthreads  >&5
conftest.c:28:41: warning: null passed to a callee that requires a non-null argument [-Wnonnull]
                     pthread_attr_init(0); pthread_cleanup_push(0, 0);
                                       ~^
conftest.c:29:44: warning: null passed to a callee that requires a non-null argument [-Wnonnull]
                     pthread_create(0,0,0,0); pthread_cleanup_pop(0);
                                    ~      ^
conftest.c:29:44: warning: null passed to a callee that requires a non-null argument [-Wnonnull]
                     pthread_create(0,0,0,0); pthread_cleanup_pop(0);
                                        ~  ^
3 warnings generated.
ld: library 'pthreads' not found
clang: error: linker command failed with exit code 1 (use -v to see invocation)
configure:17091: $? = 1
configure: failed program was:
| /* confdefs.h */
| #define PACKAGE_NAME "Google C++ Mocking Framework"
| #define PACKAGE_TARNAME "gmock"
| #define PACKAGE_VERSION "1.8.0"
| #define PACKAGE_STRING "Google C++ Mocking Framework 1.8.0"
| #define PACKAGE_BUGREPORT "googlemock@googlegroups.com"
| #define PACKAGE_URL ""
| #define PACKAGE "gmock"
| #define VERSION "1.8.0"
| #define HAVE_STDIO_H 1
| #define HAVE_STDLIB_H 1
| #define HAVE_STRING_H 1
| #define HAVE_INTTYPES_H 1
| #define HAVE_STDINT_H 1
| #define HAVE_STRINGS_H 1
| #define HAVE_SYS_STAT_H 1
| #define HAVE_SYS_TYPES_H 1
| #define HAVE_UNISTD_H 1
| #define STDC_HEADERS 1
| #define HAVE_DLFCN_H 1
| #define LT_OBJDIR ".libs/"
| /* end confdefs.h.  */
| #include <pthread.h>
| int
| main (void)
| {
| pthread_t th; pthread_join(th, 0);
|                      pthread_attr_init(0); pthread_cleanup_push(0, 0);
|                      pthread_create(0,0,0,0); pthread_cleanup_pop(0);
|   ;
|   return 0;
| }
configure:17101: result: no
configure:16998: checking whether pthreads work without any flags
configure:17091: cc -o conftest -O0 -ffunction-sections -fdata-sections -fPIC -arch arm64    conftest.c   >&5
conftest.c:28:41: warning: null passed to a callee that requires a non-null argument [-Wnonnull]
                     pthread_attr_init(0); pthread_cleanup_push(0, 0);
                                       ~^
conftest.c:29:44: warning: null passed to a callee that requires a non-null argument [-Wnonnull]
                     pthread_create(0,0,0,0); pthread_cleanup_pop(0);
                                    ~      ^
conftest.c:29:44: warning: null passed to a callee that requires a non-null argument [-Wnonnull]
                     pthread_create(0,0,0,0); pthread_cleanup_pop(0);
                                        ~  ^
3 warnings generated.
configure:17091: $? = 0
configure:17101: result: yes
configure:17120: checking for joinable pthread attribute
configure:17135: cc -o conftest -O0 -ffunction-sections -fdata-sections -fPIC -arch arm64    conftest.c   >&5
configure:17135: $? = 0
configure:17142: result: PTHREAD_CREATE_JOINABLE
configure:17150: checking if more special flags are required for pthreads
configure:17157: result: -D_THREAD_SAFE
configure:17251: checking whether to check for GCC pthread/shared inconsistencies
configure:17264: cc -o conftest -shared -fPIC -Wl,-z,defs -O0 -ffunction-sections -fdata-sections -fPIC -arch arm64 -D_THREAD_SAFE    conftest.c   >&5
ld: unknown options: -z 
clang: error: linker command failed with exit code 1 (use -v to see invocation)
configure:17264: $? = 1
configure: failed program was:
| /* confdefs.h */
| #define PACKAGE_NAME "Google C++ Mocking Framework"
| #define PACKAGE_TARNAME "gmock"
| #define PACKAGE_VERSION "1.8.0"
| #define PACKAGE_STRING "Google C++ Mocking Framework 1.8.0"
| #define PACKAGE_BUGREPORT "googlemock@googlegroups.com"
| #define PACKAGE_URL ""
| #define PACKAGE "gmock"
| #define VERSION "1.8.0"
| #define HAVE_STDIO_H 1
| #define HAVE_STDLIB_H 1
| #define HAVE_STRING_H 1
| #define HAVE_INTTYPES_H 1
| #define HAVE_STDINT_H 1
| #define HAVE_STRINGS_H 1
| #define HAVE_SYS_STAT_H 1
| #define HAVE_SYS_TYPES_H 1
| #define HAVE_UNISTD_H 1
| #define STDC_HEADERS 1
| #define HAVE_DLFCN_H 1
| #define LT_OBJDIR ".libs/"
| /* end confdefs.h.  */
| 
| int
| main (void)
| {
| 
|   ;
|   return 0;
| }
configure:17274: result: no
configure:17512: checking for gtest-config
configure:17550: result: no
configure:17704: checking that generated files are newer than configure
configure:17710: result: done
configure:17745: creating ./config.status

## ---------------------- ##
## Running config.status. ##
## ---------------------- ##

This file was extended by Google C++ Mocking Framework config.status 1.8.0, which was
generated by GNU Autoconf 2.71.  Invocation command line was

  CONFIG_FILES    = 
  CONFIG_HEADERS  = 
  CONFIG_LINKS    = 
  CONFIG_COMMANDS = 
  $ ./config.status 

on bogon

config.status:1167: creating Makefile
config.status:1167: creating scripts/gmock-config
config.status:1167: creating build-aux/config.h
config.status:1381: executing depfiles commands
config.status:1459: cd .       && sed -e '/# am--include-marker/d' Makefile         | make -f - am--depfiles
config.status:1464: $? = 0
config.status:1381: executing libtool commands

## ---------------- ##
## Cache variables. ##
## ---------------- ##

ac_cv_build=aarch64-apple-darwin23.2.0
ac_cv_c_compiler_gnu=yes
ac_cv_cxx_compiler_gnu=yes
ac_cv_env_CCC_set=
ac_cv_env_CCC_value=
ac_cv_env_CC_set=set
ac_cv_env_CC_value=cc
ac_cv_env_CFLAGS_set=set
ac_cv_env_CFLAGS_value='-O0 -ffunction-sections -fdata-sections -fPIC -arch arm64'
ac_cv_env_CPPFLAGS_set=
ac_cv_env_CPPFLAGS_value=
ac_cv_env_CXXCPP_set=
ac_cv_env_CXXCPP_value=
ac_cv_env_CXXFLAGS_set=set
ac_cv_env_CXXFLAGS_value='-O0 -ffunction-sections -fdata-sections -fPIC -arch arm64'
ac_cv_env_CXX_set=set
ac_cv_env_CXX_value=c++
ac_cv_env_GTEST_CONFIG_set=
ac_cv_env_GTEST_CONFIG_value=
ac_cv_env_GTEST_CPPFLAGS_set=
ac_cv_env_GTEST_CPPFLAGS_value=
ac_cv_env_GTEST_CXXFLAGS_set=
ac_cv_env_GTEST_CXXFLAGS_value=
ac_cv_env_GTEST_LDFLAGS_set=
ac_cv_env_GTEST_LDFLAGS_value=
ac_cv_env_GTEST_LIBS_set=
ac_cv_env_GTEST_LIBS_value=
ac_cv_env_GTEST_VERSION_set=
ac_cv_env_GTEST_VERSION_value=
ac_cv_env_LDFLAGS_set=
ac_cv_env_LDFLAGS_value=
ac_cv_env_LIBS_set=
ac_cv_env_LIBS_value=
ac_cv_env_LT_SYS_LIBRARY_PATH_set=
ac_cv_env_LT_SYS_LIBRARY_PATH_value=
ac_cv_env_build_alias_set=
ac_cv_env_build_alias_value=
ac_cv_env_host_alias_set=
ac_cv_env_host_alias_value=
ac_cv_env_target_alias_set=
ac_cv_env_target_alias_value=
ac_cv_header_dlfcn_h=yes
ac_cv_header_inttypes_h=yes
ac_cv_header_stdint_h=yes
ac_cv_header_stdio_h=yes
ac_cv_header_stdlib_h=yes
ac_cv_header_string_h=yes
ac_cv_header_strings_h=yes
ac_cv_header_sys_stat_h=yes
ac_cv_header_sys_types_h=yes
ac_cv_header_unistd_h=yes
ac_cv_host=aarch64-apple-darwin23.2.0
ac_cv_objext=o
ac_cv_path_EGREP='/usr/bin/grep -E'
ac_cv_path_FGREP='/usr/bin/grep -F'
ac_cv_path_GREP=/usr/bin/grep
ac_cv_path_PYTHON=:
ac_cv_path_SED=/opt/homebrew/bin/gsed
ac_cv_path_install='/usr/bin/install -c'
ac_cv_path_lt_DD=/bin/dd
ac_cv_prog_AWK=awk
ac_cv_prog_CXXCPP='c++ -E'
ac_cv_prog_ac_ct_AR=ar
ac_cv_prog_ac_ct_CC=cc
ac_cv_prog_ac_ct_DSYMUTIL=dsymutil
ac_cv_prog_ac_ct_FILECMD=file
ac_cv_prog_ac_ct_LIPO=lipo
ac_cv_prog_ac_ct_NMEDIT=nmedit
ac_cv_prog_ac_ct_OBJDUMP=objdump
ac_cv_prog_ac_ct_OTOOL=otool
ac_cv_prog_ac_ct_RANLIB=ranlib
ac_cv_prog_ac_ct_STRIP=strip
ac_cv_prog_cc_c11=
ac_cv_prog_cc_g=yes
ac_cv_prog_cc_stdc=
ac_cv_prog_cxx_11=no
ac_cv_prog_cxx_g=yes
ac_cv_prog_cxx_stdcxx=
ac_cv_prog_make_make_set=yes
am_cv_CC_dependencies_compiler_type=gcc3
am_cv_CXX_dependencies_compiler_type=gcc3
am_cv_make_support_nested_variables=yes
am_cv_prog_cc_c_o=yes
lt_cv_apple_cc_single_mod=no
lt_cv_ar_at_file=no
lt_cv_deplibs_check_method=pass_all
lt_cv_file_magic_cmd='$MAGIC_CMD'
lt_cv_file_magic_test_file=
lt_cv_ld_exported_symbols_list=yes
lt_cv_ld_force_load=yes
lt_cv_ld_reload_flag=-r
lt_cv_nm_interface='BSD nm'
lt_cv_objdir=.libs
lt_cv_path_LD=/Library/Developer/CommandLineTools/usr/bin/ld
lt_cv_path_LDCXX=/Library/Developer/CommandLineTools/usr/bin/ld
lt_cv_path_NM='/usr/bin/nm -B'
lt_cv_path_mainfest_tool=no
lt_cv_prog_compiler_c_o=yes
lt_cv_prog_compiler_c_o_CXX=yes
lt_cv_prog_compiler_pic='-fno-common -DPIC'
lt_cv_prog_compiler_pic_CXX='-fno-common -DPIC'
lt_cv_prog_compiler_pic_works=yes
lt_cv_prog_compiler_pic_works_CXX=yes
lt_cv_prog_compiler_rtti_exceptions=yes
lt_cv_prog_compiler_static_works=no
lt_cv_prog_compiler_static_works_CXX=no
lt_cv_prog_gnu_ld=no
lt_cv_prog_gnu_ldcxx=no
lt_cv_sharedlib_from_linklib_cmd='printf %s\n'
lt_cv_sys_global_symbol_pipe='/opt/homebrew/bin/gsed -n -e '\''s/^.*[	 ]\([ABCDGIRSTW][ABCDGIRSTW]*\)[	 ][	 ]*_\([_A-Za-z][_A-Za-z0-9]*\)$/\1 _\2 \2/p'\'' | /opt/homebrew/bin/gsed '\''/ __gnu_lto/d'\'''
lt_cv_sys_global_symbol_to_c_name_address='/opt/homebrew/bin/gsed -n -e '\''s/^: \(.*\) .*$/  {"\1", (void *) 0},/p'\'' -e '\''s/^[ABCDGIRSTW][ABCDGIRSTW]* .* \(.*\)$/  {"\1", (void *) \&\1},/p'\'''
lt_cv_sys_global_symbol_to_c_name_address_lib_prefix='/opt/homebrew/bin/gsed -n -e '\''s/^: \(.*\) .*$/  {"\1", (void *) 0},/p'\'' -e '\''s/^[ABCDGIRSTW][ABCDGIRSTW]* .* \(lib.*\)$/  {"\1", (void *) \&\1},/p'\'' -e '\''s/^[ABCDGIRSTW][ABCDGIRSTW]* .* \(.*\)$/  {"lib\1", (void *) \&\1},/p'\'''
lt_cv_sys_global_symbol_to_cdecl='/opt/homebrew/bin/gsed -n -e '\''s/^T .* \(.*\)$/extern int \1();/p'\'' -e '\''s/^[ABCDGIRSTW][ABCDGIRSTW]* .* \(.*\)$/extern char \1;/p'\'''
lt_cv_sys_global_symbol_to_import=
lt_cv_sys_max_cmd_len=786432
lt_cv_to_host_file_cmd=func_convert_file_noop
lt_cv_to_tool_file_cmd=func_convert_file_noop
lt_cv_truncate_bin='/bin/dd bs=4096 count=1'

## ----------------- ##
## Output variables. ##
## ----------------- ##

ACLOCAL='${SHELL} '\''/Users/taotalk/.cargo/registry/src/index.crates.io-6f17d22bba15001f/protobuf-src-1.1.0+21.5/protobuf/third_party/googletest/googlemock/build-aux/missing'\'' aclocal-1.16'
AMDEPBACKSLASH='\'
AMDEP_FALSE='#'
AMDEP_TRUE=''
AMTAR='$${TAR-tar}'
AM_BACKSLASH='\'
AM_DEFAULT_V='$(AM_DEFAULT_VERBOSITY)'
AM_DEFAULT_VERBOSITY='1'
AM_V='$(V)'
AR='ar'
AUTOCONF='${SHELL} '\''/Users/taotalk/.cargo/registry/src/index.crates.io-6f17d22bba15001f/protobuf-src-1.1.0+21.5/protobuf/third_party/googletest/googlemock/build-aux/missing'\'' autoconf'
AUTOHEADER='${SHELL} '\''/Users/taotalk/.cargo/registry/src/index.crates.io-6f17d22bba15001f/protobuf-src-1.1.0+21.5/protobuf/third_party/googletest/googlemock/build-aux/missing'\'' autoheader'
AUTOMAKE='${SHELL} '\''/Users/taotalk/.cargo/registry/src/index.crates.io-6f17d22bba15001f/protobuf-src-1.1.0+21.5/protobuf/third_party/googletest/googlemock/build-aux/missing'\'' automake-1.16'
AWK='awk'
CC='cc'
CCDEPMODE='depmode=gcc3'
CFLAGS='-O0 -ffunction-sections -fdata-sections -fPIC -arch arm64'
CPPFLAGS=''
CSCOPE='cscope'
CTAGS='ctags'
CXX='c++'
CXXCPP='c++ -E'
CXXDEPMODE='depmode=gcc3'
CXXFLAGS='-O0 -ffunction-sections -fdata-sections -fPIC -arch arm64'
CYGPATH_W='echo'
DEFS='-DHAVE_CONFIG_H'
DEPDIR='.deps'
DLLTOOL='false'
DSYMUTIL='dsymutil'
DUMPBIN=''
ECHO_C='\c'
ECHO_N=''
ECHO_T=''
EGREP='/usr/bin/grep -E'
ETAGS='etags'
EXEEXT=''
FGREP='/usr/bin/grep -F'
FILECMD='file'
GREP='/usr/bin/grep'
GTEST_CONFIG='/Users/taotalk/project_rust/WeatherXM-IoTeX-Textile-POC/zk/target/debug/build/protobuf-src-74e5a88a37067608/out/install/build/third_party/googletest/googlemock/../googletest/scripts/gtest-config'
GTEST_CPPFLAGS='-I$(top_srcdir)/../googletest/include'
GTEST_CXXFLAGS='-g'
GTEST_LDFLAGS=''
GTEST_LIBS='$(top_builddir)/../googletest/lib/libgtest.la'
GTEST_VERSION='1.8.0'
HAVE_PTHREADS_FALSE='#'
HAVE_PTHREADS_TRUE=''
HAVE_PYTHON_FALSE=''
HAVE_PYTHON_TRUE='#'
INSTALL_DATA='${INSTALL} -m 644'
INSTALL_PROGRAM='${INSTALL}'
INSTALL_SCRIPT='${INSTALL}'
INSTALL_STRIP_PROGRAM='$(install_sh) -c -s'
LD='/Library/Developer/CommandLineTools/usr/bin/ld'
LDFLAGS=''
LIBOBJS=''
LIBS=''
LIBTOOL='$(SHELL) $(top_builddir)/libtool'
LIPO='lipo'
LN_S='ln -s'
LTLIBOBJS=''
LT_SYS_LIBRARY_PATH=''
MAKEINFO='${SHELL} '\''/Users/taotalk/.cargo/registry/src/index.crates.io-6f17d22bba15001f/protobuf-src-1.1.0+21.5/protobuf/third_party/googletest/googlemock/build-aux/missing'\'' makeinfo'
MANIFEST_TOOL=':'
MKDIR_P='/Users/taotalk/.cargo/registry/src/index.crates.io-6f17d22bba15001f/protobuf-src-1.1.0+21.5/protobuf/third_party/googletest/googlemock/build-aux/install-sh -c -d'
NM='/usr/bin/nm -B'
NMEDIT='nmedit'
OBJDUMP='objdump'
OBJEXT='o'
OTOOL64=':'
OTOOL='otool'
PACKAGE='gmock'
PACKAGE_BUGREPORT='googlemock@googlegroups.com'
PACKAGE_NAME='Google C++ Mocking Framework'
PACKAGE_STRING='Google C++ Mocking Framework 1.8.0'
PACKAGE_TARNAME='gmock'
PACKAGE_URL=''
PACKAGE_VERSION='1.8.0'
PATH_SEPARATOR=':'
PTHREAD_CC='cc'
PTHREAD_CFLAGS='-D_THREAD_SAFE '
PTHREAD_LIBS=''
PYTHON=':'
RANLIB='ranlib'
SED='/opt/homebrew/bin/gsed'
SET_MAKE=''
SHELL='/bin/sh'
STRIP='strip'
VERSION='1.8.0'
ac_ct_AR='ar'
ac_ct_CC='cc'
ac_ct_CXX=''
ac_ct_DUMPBIN=''
acx_pthread_config=''
am__EXEEXT_FALSE=''
am__EXEEXT_TRUE='#'
am__fastdepCC_FALSE='#'
am__fastdepCC_TRUE=''
am__fastdepCXX_FALSE='#'
am__fastdepCXX_TRUE=''
am__include='include'
am__isrc=' -I$(srcdir)'
am__leading_dot='.'
am__nodep='_no'
am__quote=''
am__tar='$${TAR-tar} chof - "$$tardir"'
am__untar='$${TAR-tar} xf -'
bindir='${exec_prefix}/bin'
build='aarch64-apple-darwin23.2.0'
build_alias=''
build_cpu='aarch64'
build_os='darwin23.2.0'
build_vendor='apple'
datadir='${datarootdir}'
datarootdir='${prefix}/share'
docdir='${datarootdir}/doc/${PACKAGE_TARNAME}'
dvidir='${docdir}'
exec_prefix='${prefix}'
host='aarch64-apple-darwin23.2.0'
host_alias=''
host_cpu='aarch64'
host_os='darwin23.2.0'
host_vendor='apple'
htmldir='${docdir}'
includedir='${prefix}/include'
infodir='${datarootdir}/info'
install_sh='${SHELL} /Users/taotalk/.cargo/registry/src/index.crates.io-6f17d22bba15001f/protobuf-src-1.1.0+21.5/protobuf/third_party/googletest/googlemock/build-aux/install-sh'
libdir='${exec_prefix}/lib'
libexecdir='${exec_prefix}/libexec'
localedir='${datarootdir}/locale'
localstatedir='${prefix}/var'
mandir='${datarootdir}/man'
mkdir_p='$(MKDIR_P)'
oldincludedir='/usr/include'
pdfdir='${docdir}'
prefix='/Users/taotalk/project_rust/WeatherXM-IoTeX-Textile-POC/zk/target/debug/build/protobuf-src-74e5a88a37067608/out/install'
program_transform_name='s,x,x,'
psdir='${docdir}'
runstatedir='${localstatedir}/run'
sbindir='${exec_prefix}/sbin'
sharedstatedir='${prefix}/com'
sysconfdir='${prefix}/etc'
target_alias=''

## ----------- ##
## confdefs.h. ##
## ----------- ##

/* confdefs.h */
#define PACKAGE_NAME "Google C++ Mocking Framework"
#define PACKAGE_TARNAME "gmock"
#define PACKAGE_VERSION "1.8.0"
#define PACKAGE_STRING "Google C++ Mocking Framework 1.8.0"
#define PACKAGE_BUGREPORT "googlemock@googlegroups.com"
#define PACKAGE_URL ""
#define PACKAGE "gmock"
#define VERSION "1.8.0"
#define HAVE_STDIO_H 1
#define HAVE_STDLIB_H 1
#define HAVE_STRING_H 1
#define HAVE_INTTYPES_H 1
#define HAVE_STDINT_H 1
#define HAVE_STRINGS_H 1
#define HAVE_SYS_STAT_H 1
#define HAVE_SYS_TYPES_H 1
#define HAVE_UNISTD_H 1
#define STDC_HEADERS 1
#define HAVE_DLFCN_H 1
#define LT_OBJDIR ".libs/"
#define HAVE_PTHREAD 1

configure: exit 0
