This file contains any messages produced by compilers while
running configure, to aid debugging if configure makes a mistake.

It was created by Google C++ Testing Framework configure 1.8.0, which was
generated by GNU Autoconf 2.71.  Invocation command line was

  $ /Users/taotalk/.cargo/registry/src/index.crates.io-6f17d22bba15001f/protobuf-src-1.1.0+21.5/protobuf/third_party/googletest/googletest/configure --disable-option-checking --prefix=/Users/taotalk/project_rust/WeatherXM-IoTeX-Textile-POC/zk/target/release/build/protobuf-src-3172da3d97d863cc/out/install --disable-shared --enable-static --disable-maintainer-mode CC=cc 'CFLAGS=-O0 -ffunction-sections -fdata-sections -fPIC -arch arm64' CXX=c++ 'CXXFLAGS=-O0 -ffunction-sections -fdata-sections -fPIC -arch arm64' --cache-file=/dev/null --srcdir=/Users/taotalk/.cargo/registry/src/index.crates.io-6f17d22bba15001f/protobuf-src-1.1.0+21.5/protobuf/third_party/googletest/googletest

## --------- ##
## Platform. ##
## --------- ##

hostname = bogon
uname -m = arm64
uname -r = 23.2.0
uname -s = Darwin
uname -v = Darwin Kernel Version 23.2.0: Wed Nov 15 21:53:34 PST 2023; root:xnu-10002.61.3~2/RELEASE_ARM64_T8103

/usr/bin/uname -p = arm
/bin/uname -X     = unknown

/bin/arch              = unknown
/usr/bin/arch -k       = unknown
/usr/convex/getsysinfo = unknown
/usr/bin/hostinfo      = Mach kernel version:
	 Darwin Kernel Version 23.2.0: Wed Nov 15 21:53:34 PST 2023; root:xnu-10002.61.3~2/RELEASE_ARM64_T8103
Kernel configured for up to 8 processors.
8 processors are physically available.
8 processors are logically available.
Processor type: arm64e (ARM64E)
Processors active: 0 1 2 3 4 5 6 7
Primary memory available: 8.00 gigabytes
Default processor set: 436 tasks, 2997 threads, 8 processors
Load average: 2.71, Mach factor: 5.32
/bin/machine           = unknown
/usr/bin/oslevel       = unknown
/bin/universe          = unknown

PATH: /opt/homebrew/opt/libpq/bin/
PATH: /Users/taotalk/.fluvio/bin/
PATH: /Users/taotalk/.rd/bin/
PATH: /opt/homebrew/bin/
PATH: /opt/homebrew/sbin/
PATH: /usr/local/bin/
PATH: /System/Cryptexes/App/usr/bin/
PATH: /usr/bin/
PATH: /bin/
PATH: /usr/sbin/
PATH: /sbin/
PATH: /var/run/com.apple.security.cryptexd/codex.system/bootstrap/usr/local/bin/
PATH: /var/run/com.apple.security.cryptexd/codex.system/bootstrap/usr/bin/
PATH: /var/run/com.apple.security.cryptexd/codex.system/bootstrap/usr/appleinternal/bin/
PATH: /usr/local/go/bin/
PATH: /opt/homebrew/opt/libpq/bin/
PATH: /Users/taotalk/.fluvio/bin/
PATH: /Users/taotalk/.rd/bin/
PATH: /opt/homebrew/bin/
PATH: /opt/homebrew/sbin/
PATH: /Users/taotalk/.cargo/bin/
PATH: /Users/taotalk/.foundry/bin/


## ----------- ##
## Core tests. ##
## ----------- ##

configure:2720: looking for aux files: config.guess config.sub ltmain.sh compile missing install-sh
configure:2733:  trying /Users/taotalk/.cargo/registry/src/index.crates.io-6f17d22bba15001f/protobuf-src-1.1.0+21.5/protobuf/third_party/googletest/googletest/build-aux/
configure:2762:   /Users/taotalk/.cargo/registry/src/index.crates.io-6f17d22bba15001f/protobuf-src-1.1.0+21.5/protobuf/third_party/googletest/googletest/build-aux/config.guess found
configure:2762:   /Users/taotalk/.cargo/registry/src/index.crates.io-6f17d22bba15001f/protobuf-src-1.1.0+21.5/protobuf/third_party/googletest/googletest/build-aux/config.sub found
configure:2762:   /Users/taotalk/.cargo/registry/src/index.crates.io-6f17d22bba15001f/protobuf-src-1.1.0+21.5/protobuf/third_party/googletest/googletest/build-aux/ltmain.sh found
configure:2762:   /Users/taotalk/.cargo/registry/src/index.crates.io-6f17d22bba15001f/protobuf-src-1.1.0+21.5/protobuf/third_party/googletest/googletest/build-aux/compile found
configure:2762:   /Users/taotalk/.cargo/registry/src/index.crates.io-6f17d22bba15001f/protobuf-src-1.1.0+21.5/protobuf/third_party/googletest/googletest/build-aux/missing found
configure:2744:   /Users/taotalk/.cargo/registry/src/index.crates.io-6f17d22bba15001f/protobuf-src-1.1.0+21.5/protobuf/third_party/googletest/googletest/build-aux/install-sh found
configure:2907: checking for a BSD-compatible install
configure:2980: result: /usr/bin/install -c
configure:2991: checking whether build environment is sane
configure:3046: result: yes
configure:3205: checking for a race-free mkdir -p
configure:3249: result: /Users/taotalk/.cargo/registry/src/index.crates.io-6f17d22bba15001f/protobuf-src-1.1.0+21.5/protobuf/third_party/googletest/googletest/build-aux/install-sh -c -d
configure:3256: checking for gawk
configure:3291: result: no
configure:3256: checking for mawk
configure:3291: result: no
configure:3256: checking for nawk
configure:3291: result: no
configure:3256: checking for awk
configure:3277: found /usr/bin/awk
configure:3288: result: awk
configure:3299: checking whether make sets $(MAKE)
configure:3322: result: yes
configure:3352: checking whether make supports nested variables
configure:3370: result: yes
configure:3570: checking for gcc
configure:3602: result: cc
configure:3955: checking for C compiler version
configure:3964: cc --version >&5
Apple clang version 15.0.0 (clang-1500.1.0.2.5)
Target: arm64-apple-darwin23.2.0
Thread model: posix
InstalledDir: /Library/Developer/CommandLineTools/usr/bin
configure:3975: $? = 0
configure:3964: cc -v >&5
Apple clang version 15.0.0 (clang-1500.1.0.2.5)
Target: arm64-apple-darwin23.2.0
Thread model: posix
InstalledDir: /Library/Developer/CommandLineTools/usr/bin
configure:3975: $? = 0
configure:3964: cc -V >&5
clang: error: argument to '-V' is missing (expected 1 value)
clang: error: no input files
configure:3975: $? = 1
configure:3964: cc -qversion >&5
clang: error: unknown argument '-qversion'; did you mean '--version'?
clang: error: no input files
configure:3975: $? = 1
configure:3964: cc -version >&5
clang: error: unknown argument '-version'; did you mean '--version'?
clang: error: no input files
configure:3975: $? = 1
configure:3995: checking whether the C compiler works
configure:4017: cc -O0 -ffunction-sections -fdata-sections -fPIC -arch arm64   conftest.c  >&5
configure:4021: $? = 0
configure:4071: result: yes
configure:4074: checking for C compiler default output file name
configure:4076: result: a.out
configure:4082: checking for suffix of executables
configure:4089: cc -o conftest -O0 -ffunction-sections -fdata-sections -fPIC -arch arm64   conftest.c  >&5
configure:4093: $? = 0
configure:4116: result: 
configure:4138: checking whether we are cross compiling
configure:4146: cc -o conftest -O0 -ffunction-sections -fdata-sections -fPIC -arch arm64   conftest.c  >&5
configure:4150: $? = 0
configure:4157: ./conftest
configure:4161: $? = 0
configure:4176: result: no
configure:4181: checking for suffix of object files
configure:4204: cc -c -O0 -ffunction-sections -fdata-sections -fPIC -arch arm64  conftest.c >&5
configure:4208: $? = 0
configure:4230: result: o
configure:4234: checking whether the compiler supports GNU C
configure:4254: cc -c -O0 -ffunction-sections -fdata-sections -fPIC -arch arm64  conftest.c >&5
configure:4254: $? = 0
configure:4264: result: yes
configure:4275: checking whether cc accepts -g
configure:4296: cc -c -g  conftest.c >&5
configure:4296: $? = 0
configure:4340: result: yes
configure:4360: checking for cc option to enable C11 features
configure:4375: cc  -c -O0 -ffunction-sections -fdata-sections -fPIC -arch arm64  conftest.c >&5
conftest.c:25:14: warning: a function definition without a prototype is deprecated in all versions of C and is not supported in C2x [-Wdeprecated-non-prototype]
static char *e (p, i)
             ^
1 warning generated.
configure:4375: $? = 0
configure:4393: result: none needed
configure:4509: checking whether cc understands -c and -o together
configure:4532: cc -c conftest.c -o conftest2.o
configure:4535: $? = 0
configure:4532: cc -c conftest.c -o conftest2.o
configure:4535: $? = 0
configure:4547: result: yes
configure:4567: checking whether make supports the include directive
configure:4582: make -f confmf.GNU && cat confinc.out
this is the am__doit target
configure:4585: $? = 0
configure:4604: result: yes (GNU style)
configure:4630: checking dependency style of cc
configure:4742: result: gcc3
configure:4885: checking for C++ compiler version
configure:4894: c++ --version >&5
Apple clang version 15.0.0 (clang-1500.1.0.2.5)
Target: arm64-apple-darwin23.2.0
Thread model: posix
InstalledDir: /Library/Developer/CommandLineTools/usr/bin
configure:4905: $? = 0
configure:4894: c++ -v >&5
Apple clang version 15.0.0 (clang-1500.1.0.2.5)
Target: arm64-apple-darwin23.2.0
Thread model: posix
InstalledDir: /Library/Developer/CommandLineTools/usr/bin
configure:4905: $? = 0
configure:4894: c++ -V >&5
clang: error: argument to '-V' is missing (expected 1 value)
clang: error: no input files
configure:4905: $? = 1
configure:4894: c++ -qversion >&5
clang: error: unknown argument '-qversion'; did you mean '--version'?
clang: error: no input files
configure:4905: $? = 1
configure:4909: checking whether the compiler supports GNU C++
configure:4929: c++ -c -O0 -ffunction-sections -fdata-sections -fPIC -arch arm64  conftest.cpp >&5
configure:4929: $? = 0
configure:4939: result: yes
configure:4950: checking whether c++ accepts -g
configure:4971: c++ -c -g  conftest.cpp >&5
configure:4971: $? = 0
configure:5015: result: yes
configure:5035: checking for c++ option to enable C++11 features
configure:5050: c++  -c -O0 -ffunction-sections -fdata-sections -fPIC -arch arm64  conftest.cpp >&5
conftest.cpp:57:3: error: "Compiler does not advertise C++11 conformance"
# error "Compiler does not advertise C++11 conformance"
  ^
conftest.cpp:62:3: error: unknown type name 'constexpr'
  constexpr int get_val() { return 20; }
  ^
conftest.cpp:74:17: error: delegating constructors are permitted only in C++11
    delegate(): delegate(2354) {}
                ^~~~~~~~
conftest.cpp:85:26: warning: 'override' keyword is a C++11 extension [-Wc++11-extensions]
    virtual int getval() override final { return this->n * 2; }
                         ^
conftest.cpp:85:35: warning: 'final' keyword is a C++11 extension [-Wc++11-extensions]
    virtual int getval() override final { return this->n * 2; }
                                  ^
conftest.cpp:92:16: warning: defaulted function definitions are a C++11 extension [-Wc++11-extensions]
    nocopy() = default;
               ^
conftest.cpp:93:29: warning: deleted function definitions are a C++11 extension [-Wc++11-extensions]
    nocopy(const nocopy&) = delete;
                            ^
conftest.cpp:94:41: warning: deleted function definitions are a C++11 extension [-Wc++11-extensions]
    nocopy & operator=(const nocopy&) = delete;
                                        ^
conftest.cpp:106:25: warning: 'auto' type specifier is a C++11 extension [-Wc++11-extensions]
  template <typename V> auto sum(V first) -> V
                        ^
conftest.cpp:106:25: error: 'auto' not allowed in function return type
  template <typename V> auto sum(V first) -> V
                        ^~~~
conftest.cpp:106:42: error: expected ';' at end of declaration
  template <typename V> auto sum(V first) -> V
                                         ^
                                         ;
conftest.cpp:106:43: error: cannot use arrow operator on a type
  template <typename V> auto sum(V first) -> V
                                          ^
conftest.cpp:110:33: warning: variadic templates are a C++11 extension [-Wc++11-extensions]
  template <typename V, typename... Args> auto sum(V first, Args... rest) -> V
                                ^
conftest.cpp:110:43: warning: 'auto' type specifier is a C++11 extension [-Wc++11-extensions]
  template <typename V, typename... Args> auto sum(V first, Args... rest) -> V
                                          ^
conftest.cpp:110:43: error: 'auto' not allowed in function return type
  template <typename V, typename... Args> auto sum(V first, Args... rest) -> V
                                          ^~~~
conftest.cpp:110:74: error: expected ';' at end of declaration
  template <typename V, typename... Args> auto sum(V first, Args... rest) -> V
                                                                         ^
                                                                         ;
conftest.cpp:110:75: error: cannot use arrow operator on a type
  template <typename V, typename... Args> auto sum(V first, Args... rest) -> V
                                                                          ^
conftest.cpp:134:3: warning: 'auto' type specifier is a C++11 extension [-Wc++11-extensions]
  auto a1 = 6538;
  ^
conftest.cpp:135:3: warning: 'auto' type specifier is a C++11 extension [-Wc++11-extensions]
  auto a2 = 48573953.4;
  ^
conftest.cpp:136:3: warning: 'auto' type specifier is a C++11 extension [-Wc++11-extensions]
  auto a3 = "String literal";
  ^
conftest.cpp:139:8: warning: 'auto' type specifier is a C++11 extension [-Wc++11-extensions]
  for (auto i = a3; *i; ++i) { total += *i; }
       ^
conftest.cpp:155:8: warning: 'auto' type specifier is a C++11 extension [-Wc++11-extensions]
  for (auto &x : array) { x += 23; }
       ^
conftest.cpp:155:16: warning: range-based for loop is a C++11 extension [-Wc++11-extensions]
  for (auto &x : array) { x += 23; }
               ^
conftest.cpp:160:17: error: expected expression
  assert (eval ([](int x) { return x*2; }, 21) == 42);
                ^
conftest.cpp:162:17: error: expected expression
  assert (eval ([&](double x) { return d += x; }, 3.0) == 5.0);
                ^
conftest.cpp:164:17: error: expected expression
  assert (eval ([=](double x) mutable { return d += x; }, 4.0) == 9.0);
                ^
conftest.cpp:170:3: warning: 'auto' type specifier is a C++11 extension [-Wc++11-extensions]
  auto a = sum(1);
  ^
conftest.cpp:170:12: error: no matching function for call to 'sum'
  auto a = sum(1);
           ^~~
conftest.cpp:171:3: warning: 'auto' type specifier is a C++11 extension [-Wc++11-extensions]
  auto b = sum(1, 2);
  ^
conftest.cpp:171:12: error: no matching function for call to 'sum'
  auto b = sum(1, 2);
           ^~~
conftest.cpp:172:3: warning: 'auto' type specifier is a C++11 extension [-Wc++11-extensions]
  auto c = sum(1.0, 2.0, 3.0);
  ^
conftest.cpp:172:12: error: no matching function for call to 'sum'
  auto c = sum(1.0, 2.0, 3.0);
           ^~~
conftest.cpp:177:25: warning: empty parentheses interpreted as a function declaration [-Wvexing-parse]
  cxx11test::delegate d2();
                        ^~
conftest.cpp:177:25: note: remove parentheses to declare a variable
  cxx11test::delegate d2();
                        ^~
conftest.cpp:190:16: error: found '<::' after a template name which forms the digraph '<:' (aka '[') and a ':', did you mean '< ::'?
  test_template<::test_template<int>> v(test_template<int>(12));
               ^~~
               < ::
conftest.cpp:190:36: error: a space is required between consecutive right angle brackets (use '> >')
  test_template<::test_template<int>> v(test_template<int>(12));
                                   ^~
                                   > >
conftest.cpp:194:22: error: use of undeclared identifier 'u8'
  char const *utf8 = u8"UTF-8 string \u2500";
                     ^
conftest.cpp:194:24: error: expected ';' at end of declaration
  char const *utf8 = u8"UTF-8 string \u2500";
                       ^
                       ;
fatal error: too many errors emitted, stopping now [-ferror-limit=]
18 warnings and 20 errors generated.
configure:5050: $? = 1
configure: failed program was:
| /* confdefs.h */
| #define PACKAGE_NAME "Google C++ Testing Framework"
| #define PACKAGE_TARNAME "gtest"
| #define PACKAGE_VERSION "1.8.0"
| #define PACKAGE_STRING "Google C++ Testing Framework 1.8.0"
| #define PACKAGE_BUGREPORT "googletestframework@googlegroups.com"
| #define PACKAGE_URL ""
| #define PACKAGE "gtest"
| #define VERSION "1.8.0"
| /* end confdefs.h.  */
| 
| // Does the compiler advertise C++98 conformance?
| #if !defined __cplusplus || __cplusplus < 199711L
| # error "Compiler does not advertise C++98 conformance"
| #endif
| 
| // These inclusions are to reject old compilers that
| // lack the unsuffixed header files.
| #include <cstdlib>
| #include <exception>
| 
| // <cassert> and <cstring> are *not* freestanding headers in C++98.
| extern void assert (int);
| namespace std {
|   extern int strcmp (const char *, const char *);
| }
| 
| // Namespaces, exceptions, and templates were all added after "C++ 2.0".
| using std::exception;
| using std::strcmp;
| 
| namespace {
| 
| void test_exception_syntax()
| {
|   try {
|     throw "test";
|   } catch (const char *s) {
|     // Extra parentheses suppress a warning when building autoconf itself,
|     // due to lint rules shared with more typical C programs.
|     assert (!(strcmp) (s, "test"));
|   }
| }
| 
| template <typename T> struct test_template
| {
|   T const val;
|   explicit test_template(T t) : val(t) {}
|   template <typename U> T add(U u) { return static_cast<T>(u) + val; }
| };
| 
| } // anonymous namespace
| 
| 
| // Does the compiler advertise C++ 2011 conformance?
| #if !defined __cplusplus || __cplusplus < 201103L
| # error "Compiler does not advertise C++11 conformance"
| #endif
| 
| namespace cxx11test
| {
|   constexpr int get_val() { return 20; }
| 
|   struct testinit
|   {
|     int i;
|     double d;
|   };
| 
|   class delegate
|   {
|   public:
|     delegate(int n) : n(n) {}
|     delegate(): delegate(2354) {}
| 
|     virtual int getval() { return this->n; };
|   protected:
|     int n;
|   };
| 
|   class overridden : public delegate
|   {
|   public:
|     overridden(int n): delegate(n) {}
|     virtual int getval() override final { return this->n * 2; }
|   };
| 
|   class nocopy
|   {
|   public:
|     nocopy(int i): i(i) {}
|     nocopy() = default;
|     nocopy(const nocopy&) = delete;
|     nocopy & operator=(const nocopy&) = delete;
|   private:
|     int i;
|   };
| 
|   // for testing lambda expressions
|   template <typename Ret, typename Fn> Ret eval(Fn f, Ret v)
|   {
|     return f(v);
|   }
| 
|   // for testing variadic templates and trailing return types
|   template <typename V> auto sum(V first) -> V
|   {
|     return first;
|   }
|   template <typename V, typename... Args> auto sum(V first, Args... rest) -> V
|   {
|     return first + sum(rest...);
|   }
| }
| 
| 
| int
| main (int argc, char **argv)
| {
|   int ok = 0;
|   
|   assert (argc);
|   assert (! argv[0]);
| {
|   test_exception_syntax ();
|   test_template<double> tt (2.0);
|   assert (tt.add (4) == 6.0);
|   assert (true && !false);
| }
| 
|   
| {
|   // Test auto and decltype
|   auto a1 = 6538;
|   auto a2 = 48573953.4;
|   auto a3 = "String literal";
| 
|   int total = 0;
|   for (auto i = a3; *i; ++i) { total += *i; }
| 
|   decltype(a2) a4 = 34895.034;
| }
| {
|   // Test constexpr
|   short sa[cxx11test::get_val()] = { 0 };
| }
| {
|   // Test initializer lists
|   cxx11test::testinit il = { 4323, 435234.23544 };
| }
| {
|   // Test range-based for
|   int array[] = {9, 7, 13, 15, 4, 18, 12, 10, 5, 3,
|                  14, 19, 17, 8, 6, 20, 16, 2, 11, 1};
|   for (auto &x : array) { x += 23; }
| }
| {
|   // Test lambda expressions
|   using cxx11test::eval;
|   assert (eval ([](int x) { return x*2; }, 21) == 42);
|   double d = 2.0;
|   assert (eval ([&](double x) { return d += x; }, 3.0) == 5.0);
|   assert (d == 5.0);
|   assert (eval ([=](double x) mutable { return d += x; }, 4.0) == 9.0);
|   assert (d == 5.0);
| }
| {
|   // Test use of variadic templates
|   using cxx11test::sum;
|   auto a = sum(1);
|   auto b = sum(1, 2);
|   auto c = sum(1.0, 2.0, 3.0);
| }
| {
|   // Test constructor delegation
|   cxx11test::delegate d1;
|   cxx11test::delegate d2();
|   cxx11test::delegate d3(45);
| }
| {
|   // Test override and final
|   cxx11test::overridden o1(55464);
| }
| {
|   // Test nullptr
|   char *c = nullptr;
| }
| {
|   // Test template brackets
|   test_template<::test_template<int>> v(test_template<int>(12));
| }
| {
|   // Unicode literals
|   char const *utf8 = u8"UTF-8 string \u2500";
|   char16_t const *utf16 = u"UTF-8 string \u2500";
|   char32_t const *utf32 = U"UTF-32 string \u2500";
| }
| 
|   return ok;
| }
| 
configure:5068: result: none needed
configure:5134: checking dependency style of c++
configure:5246: result: gcc3
configure:5299: checking build system type
configure:5314: result: aarch64-apple-darwin23.2.0
configure:5334: checking host system type
configure:5348: result: aarch64-apple-darwin23.2.0
configure:5389: checking how to print strings
configure:5416: result: printf
configure:5437: checking for a sed that does not truncate output
configure:5507: result: /opt/homebrew/bin/gsed
configure:5525: checking for grep that handles long lines and -e
configure:5589: result: /usr/bin/grep
configure:5594: checking for egrep
configure:5662: result: /usr/bin/grep -E
configure:5667: checking for fgrep
configure:5735: result: /usr/bin/grep -F
configure:5771: checking for ld used by cc
configure:5839: result: /Library/Developer/CommandLineTools/usr/bin/ld
configure:5846: checking if the linker (/Library/Developer/CommandLineTools/usr/bin/ld) is GNU ld
configure:5862: result: no
configure:5874: checking for BSD- or MS-compatible name lister (nm)
configure:5929: result: /usr/bin/nm -B
configure:6069: checking the name lister (/usr/bin/nm -B) interface
configure:6077: c++ -c -O0 -ffunction-sections -fdata-sections -fPIC -arch arm64  conftest.cpp >&5
configure:6080: /usr/bin/nm -B "conftest.o"
configure:6083: output
0000000000000000 S _some_variable
0000000000000000 t ltmp0
0000000000000000 s ltmp1
configure:6090: result: BSD nm
configure:6093: checking whether ln -s works
configure:6097: result: yes
configure:6105: checking the maximum length of command line arguments
configure:6237: result: 786432
configure:6285: checking how to convert aarch64-apple-darwin23.2.0 file names to aarch64-apple-darwin23.2.0 format
configure:6326: result: func_convert_file_noop
configure:6333: checking how to convert aarch64-apple-darwin23.2.0 file names to toolchain format
configure:6354: result: func_convert_file_noop
configure:6361: checking for /Library/Developer/CommandLineTools/usr/bin/ld option to reload object files
configure:6369: result: -r
configure:6448: checking for file
configure:6469: found /usr/bin/file
configure:6480: result: file
configure:6556: checking for objdump
configure:6577: found /usr/bin/objdump
configure:6588: result: objdump
configure:6620: checking how to recognize dependent libraries
configure:6821: result: pass_all
configure:6911: checking for dlltool
configure:6946: result: no
configure:6976: checking how to associate runtime and link libraries
configure:7004: result: printf %s\n
configure:7070: checking for ar
configure:7091: found /usr/bin/ar
configure:7102: result: ar
configure:7155: checking for archiver @FILE support
configure:7173: c++ -c -O0 -ffunction-sections -fdata-sections -fPIC -arch arm64  conftest.cpp >&5
configure:7173: $? = 0
configure:7177: ar cr libconftest.a @conftest.lst >&5
ar: @conftest.lst: No such file or directory
configure:7180: $? = 1
configure:7200: result: no
configure:7263: checking for strip
configure:7284: found /usr/bin/strip
configure:7295: result: strip
configure:7372: checking for ranlib
configure:7393: found /usr/bin/ranlib
configure:7404: result: ranlib
configure:7506: checking command to parse /usr/bin/nm -B output from cc object
configure:7660: c++ -c -O0 -ffunction-sections -fdata-sections -fPIC -arch arm64  conftest.cpp >&5
configure:7663: $? = 0
configure:7667: /usr/bin/nm -B conftest.o \| /opt/homebrew/bin/gsed -n -e 's/^.*[ ]\([ABCDGIRSTW][ABCDGIRSTW]*\)[ ][ ]*\([_A-Za-z][_A-Za-z0-9]*\)$/\1 \2 \2/p' | /opt/homebrew/bin/gsed '/ __gnu_lto/d' \> conftest.nm
configure:7670: $? = 0
cannot find nm_test_var in conftest.nm
configure:7660: c++ -c -O0 -ffunction-sections -fdata-sections -fPIC -arch arm64  conftest.cpp >&5
configure:7663: $? = 0
configure:7667: /usr/bin/nm -B conftest.o \| /opt/homebrew/bin/gsed -n -e 's/^.*[ ]\([ABCDGIRSTW][ABCDGIRSTW]*\)[ ][ ]*_\([_A-Za-z][_A-Za-z0-9]*\)$/\1 _\2 \2/p' | /opt/homebrew/bin/gsed '/ __gnu_lto/d' \> conftest.nm
configure:7670: $? = 0
configure:7736: c++ -o conftest -O0 -ffunction-sections -fdata-sections -fPIC -arch arm64   conftest.cpp conftstm.o >&5
configure:7739: $? = 0
configure:7777: result: ok
configure:7824: checking for sysroot
configure:7855: result: no
configure:7862: checking for a working dd
configure:7906: result: /bin/dd
configure:7910: checking how to truncate binary pipes
configure:7926: result: /bin/dd bs=4096 count=1
configure:8264: checking for mt
configure:8299: result: no
configure:8319: checking if : is a manifest tool
configure:8326: : '-?'
configure:8334: result: no
configure:8395: checking for dsymutil
configure:8416: found /usr/bin/dsymutil
configure:8427: result: dsymutil
configure:8497: checking for nmedit
configure:8518: found /usr/bin/nmedit
configure:8529: result: nmedit
configure:8599: checking for lipo
configure:8620: found /usr/bin/lipo
configure:8631: result: lipo
configure:8701: checking for otool
configure:8722: found /usr/bin/otool
configure:8733: result: otool
configure:8803: checking for otool64
configure:8838: result: no
configure:8883: checking for -single_module linker flag
cc -O0 -ffunction-sections -fdata-sections -fPIC -arch arm64  -o libconftest.dylib -dynamiclib -Wl,-single_module conftest.c
ld: warning: -single_module is obsolete
configure:8917: result: no
configure:8920: checking for -exported_symbols_list linker flag
configure:8941: c++ -o conftest -O0 -ffunction-sections -fdata-sections -fPIC -arch arm64   -Wl,-exported_symbols_list,conftest.sym conftest.cpp  >&5
configure:8941: $? = 0
configure:8952: result: yes
configure:8955: checking for -force_load linker flag
cc -O0 -ffunction-sections -fdata-sections -fPIC -arch arm64 -c -o conftest.o conftest.c
ar cr libconftest.a conftest.o
ranlib libconftest.a
cc -O0 -ffunction-sections -fdata-sections -fPIC -arch arm64  -o conftest conftest.c -Wl,-force_load,./libconftest.a
configure:8988: result: yes
configure:9059: checking for stdio.h
configure:9059: c++ -c -O0 -ffunction-sections -fdata-sections -fPIC -arch arm64  conftest.cpp >&5
configure:9059: $? = 0
configure:9059: result: yes
configure:9059: checking for stdlib.h
configure:9059: c++ -c -O0 -ffunction-sections -fdata-sections -fPIC -arch arm64  conftest.cpp >&5
configure:9059: $? = 0
configure:9059: result: yes
configure:9059: checking for string.h
configure:9059: c++ -c -O0 -ffunction-sections -fdata-sections -fPIC -arch arm64  conftest.cpp >&5
configure:9059: $? = 0
configure:9059: result: yes
configure:9059: checking for inttypes.h
configure:9059: c++ -c -O0 -ffunction-sections -fdata-sections -fPIC -arch arm64  conftest.cpp >&5
configure:9059: $? = 0
configure:9059: result: yes
configure:9059: checking for stdint.h
configure:9059: c++ -c -O0 -ffunction-sections -fdata-sections -fPIC -arch arm64  conftest.cpp >&5
configure:9059: $? = 0
configure:9059: result: yes
configure:9059: checking for strings.h
configure:9059: c++ -c -O0 -ffunction-sections -fdata-sections -fPIC -arch arm64  conftest.cpp >&5
configure:9059: $? = 0
configure:9059: result: yes
configure:9059: checking for sys/stat.h
configure:9059: c++ -c -O0 -ffunction-sections -fdata-sections -fPIC -arch arm64  conftest.cpp >&5
configure:9059: $? = 0
configure:9059: result: yes
configure:9059: checking for sys/types.h
configure:9059: c++ -c -O0 -ffunction-sections -fdata-sections -fPIC -arch arm64  conftest.cpp >&5
configure:9059: $? = 0
configure:9059: result: yes
configure:9059: checking for unistd.h
configure:9059: c++ -c -O0 -ffunction-sections -fdata-sections -fPIC -arch arm64  conftest.cpp >&5
configure:9059: $? = 0
configure:9059: result: yes
configure:9084: checking for dlfcn.h
configure:9084: c++ -c -O0 -ffunction-sections -fdata-sections -fPIC -arch arm64  conftest.cpp >&5
configure:9084: $? = 0
configure:9084: result: yes
configure:9353: checking for objdir
configure:9369: result: .libs
configure:9633: checking if cc supports -fno-rtti -fno-exceptions
configure:9652: cc -c -O0 -ffunction-sections -fdata-sections -fPIC -arch arm64  -fno-rtti -fno-exceptions conftest.c >&5
configure:9656: $? = 0
configure:9669: result: yes
configure:10027: checking for cc option to produce PIC
configure:10035: result: -fno-common -DPIC
configure:10043: checking if cc PIC flag -fno-common -DPIC works
configure:10062: cc -c -O0 -ffunction-sections -fdata-sections -fPIC -arch arm64  -fno-common -DPIC -DPIC conftest.c >&5
configure:10066: $? = 0
configure:10079: result: yes
configure:10108: checking if cc static flag -static works
configure:10137: result: no
configure:10152: checking if cc supports -c -o file.o
configure:10174: cc -c -O0 -ffunction-sections -fdata-sections -fPIC -arch arm64  -o out/conftest2.o conftest.c >&5
configure:10178: $? = 0
configure:10200: result: yes
configure:10208: checking if cc supports -c -o file.o
configure:10256: result: yes
configure:10289: checking whether the cc linker (/Library/Developer/CommandLineTools/usr/bin/ld) supports shared libraries
configure:11557: result: yes
configure:11798: checking dynamic linker characteristics
configure:12619: result: darwin23.2.0 dyld
configure:12741: checking how to hardcode library paths into programs
configure:12766: result: immediate
configure:13318: checking whether stripping libraries is possible
configure:13335: result: yes
configure:13369: checking if libtool supports shared libraries
configure:13371: result: yes
configure:13374: checking whether to build shared libraries
configure:13399: result: no
configure:13402: checking whether to build static libraries
configure:13406: result: yes
configure:13429: checking how to run the C++ preprocessor
configure:13451: c++ -E  conftest.cpp
configure:13451: $? = 0
configure:13466: c++ -E  conftest.cpp
conftest.cpp:23:10: fatal error: 'ac_nonexistent.h' file not found
#include <ac_nonexistent.h>
         ^~~~~~~~~~~~~~~~~~
1 error generated.
configure:13466: $? = 1
configure: failed program was:
| /* confdefs.h */
| #define PACKAGE_NAME "Google C++ Testing Framework"
| #define PACKAGE_TARNAME "gtest"
| #define PACKAGE_VERSION "1.8.0"
| #define PACKAGE_STRING "Google C++ Testing Framework 1.8.0"
| #define PACKAGE_BUGREPORT "googletestframework@googlegroups.com"
| #define PACKAGE_URL ""
| #define PACKAGE "gtest"
| #define VERSION "1.8.0"
| #define HAVE_STDIO_H 1
| #define HAVE_STDLIB_H 1
| #define HAVE_STRING_H 1
| #define HAVE_INTTYPES_H 1
| #define HAVE_STDINT_H 1
| #define HAVE_STRINGS_H 1
| #define HAVE_SYS_STAT_H 1
| #define HAVE_SYS_TYPES_H 1
| #define HAVE_UNISTD_H 1
| #define STDC_HEADERS 1
| #define HAVE_DLFCN_H 1
| #define LT_OBJDIR ".libs/"
| /* end confdefs.h.  */
| #include <ac_nonexistent.h>
configure:13493: result: c++ -E
configure:13507: c++ -E  conftest.cpp
configure:13507: $? = 0
configure:13522: c++ -E  conftest.cpp
conftest.cpp:23:10: fatal error: 'ac_nonexistent.h' file not found
#include <ac_nonexistent.h>
         ^~~~~~~~~~~~~~~~~~
1 error generated.
configure:13522: $? = 1
configure: failed program was:
| /* confdefs.h */
| #define PACKAGE_NAME "Google C++ Testing Framework"
| #define PACKAGE_TARNAME "gtest"
| #define PACKAGE_VERSION "1.8.0"
| #define PACKAGE_STRING "Google C++ Testing Framework 1.8.0"
| #define PACKAGE_BUGREPORT "googletestframework@googlegroups.com"
| #define PACKAGE_URL ""
| #define PACKAGE "gtest"
| #define VERSION "1.8.0"
| #define HAVE_STDIO_H 1
| #define HAVE_STDLIB_H 1
| #define HAVE_STRING_H 1
| #define HAVE_INTTYPES_H 1
| #define HAVE_STDINT_H 1
| #define HAVE_STRINGS_H 1
| #define HAVE_SYS_STAT_H 1
| #define HAVE_SYS_TYPES_H 1
| #define HAVE_UNISTD_H 1
| #define STDC_HEADERS 1
| #define HAVE_DLFCN_H 1
| #define LT_OBJDIR ".libs/"
| /* end confdefs.h.  */
| #include <ac_nonexistent.h>
configure:13687: checking for ld used by c++
configure:13755: result: /Library/Developer/CommandLineTools/usr/bin/ld
configure:13762: checking if the linker (/Library/Developer/CommandLineTools/usr/bin/ld) is GNU ld
configure:13778: result: no
configure:13833: checking whether the c++ linker (/Library/Developer/CommandLineTools/usr/bin/ld) supports shared libraries
configure:14911: result: yes
configure:14947: c++ -c -O0 -ffunction-sections -fdata-sections -fPIC -arch arm64  conftest.cpp >&5
configure:14950: $? = 0
configure:15431: checking for c++ option to produce PIC
configure:15439: result: -fno-common -DPIC
configure:15447: checking if c++ PIC flag -fno-common -DPIC works
configure:15466: c++ -c -O0 -ffunction-sections -fdata-sections -fPIC -arch arm64  -fno-common -DPIC -DPIC conftest.cpp >&5
configure:15470: $? = 0
configure:15483: result: yes
configure:15506: checking if c++ static flag -static works
configure:15535: result: no
configure:15547: checking if c++ supports -c -o file.o
configure:15569: c++ -c -O0 -ffunction-sections -fdata-sections -fPIC -arch arm64  -o out/conftest2.o conftest.cpp >&5
configure:15573: $? = 0
configure:15595: result: yes
configure:15600: checking if c++ supports -c -o file.o
configure:15648: result: yes
configure:15678: checking whether the c++ linker (/Library/Developer/CommandLineTools/usr/bin/ld) supports shared libraries
configure:15718: result: yes
configure:15860: checking dynamic linker characteristics
configure:16608: result: darwin23.2.0 dyld
configure:16673: checking how to hardcode library paths into programs
configure:16698: result: immediate
configure:16768: checking for python
configure:16804: result: :
configure:17025: checking for the pthreads library -lpthreads
configure:17058: cc -o conftest -O0 -ffunction-sections -fdata-sections -fPIC -arch arm64    conftest.c -lpthreads  >&5
conftest.c:28:41: warning: null passed to a callee that requires a non-null argument [-Wnonnull]
                     pthread_attr_init(0); pthread_cleanup_push(0, 0);
                                       ~^
conftest.c:29:44: warning: null passed to a callee that requires a non-null argument [-Wnonnull]
                     pthread_create(0,0,0,0); pthread_cleanup_pop(0);
                                    ~      ^
conftest.c:29:44: warning: null passed to a callee that requires a non-null argument [-Wnonnull]
                     pthread_create(0,0,0,0); pthread_cleanup_pop(0);
                                        ~  ^
3 warnings generated.
ld: library 'pthreads' not found
clang: error: linker command failed with exit code 1 (use -v to see invocation)
configure:17058: $? = 1
configure: failed program was:
| /* confdefs.h */
| #define PACKAGE_NAME "Google C++ Testing Framework"
| #define PACKAGE_TARNAME "gtest"
| #define PACKAGE_VERSION "1.8.0"
| #define PACKAGE_STRING "Google C++ Testing Framework 1.8.0"
| #define PACKAGE_BUGREPORT "googletestframework@googlegroups.com"
| #define PACKAGE_URL ""
| #define PACKAGE "gtest"
| #define VERSION "1.8.0"
| #define HAVE_STDIO_H 1
| #define HAVE_STDLIB_H 1
| #define HAVE_STRING_H 1
| #define HAVE_INTTYPES_H 1
| #define HAVE_STDINT_H 1
| #define HAVE_STRINGS_H 1
| #define HAVE_SYS_STAT_H 1
| #define HAVE_SYS_TYPES_H 1
| #define HAVE_UNISTD_H 1
| #define STDC_HEADERS 1
| #define HAVE_DLFCN_H 1
| #define LT_OBJDIR ".libs/"
| /* end confdefs.h.  */
| #include <pthread.h>
| int
| main (void)
| {
| pthread_t th; pthread_join(th, 0);
|                      pthread_attr_init(0); pthread_cleanup_push(0, 0);
|                      pthread_create(0,0,0,0); pthread_cleanup_pop(0);
|   ;
|   return 0;
| }
configure:17068: result: no
configure:16965: checking whether pthreads work without any flags
configure:17058: cc -o conftest -O0 -ffunction-sections -fdata-sections -fPIC -arch arm64    conftest.c   >&5
conftest.c:28:41: warning: null passed to a callee that requires a non-null argument [-Wnonnull]
                     pthread_attr_init(0); pthread_cleanup_push(0, 0);
                                       ~^
conftest.c:29:44: warning: null passed to a callee that requires a non-null argument [-Wnonnull]
                     pthread_create(0,0,0,0); pthread_cleanup_pop(0);
                                    ~      ^
conftest.c:29:44: warning: null passed to a callee that requires a non-null argument [-Wnonnull]
                     pthread_create(0,0,0,0); pthread_cleanup_pop(0);
                                        ~  ^
3 warnings generated.
configure:17058: $? = 0
configure:17068: result: yes
configure:17087: checking for joinable pthread attribute
configure:17102: cc -o conftest -O0 -ffunction-sections -fdata-sections -fPIC -arch arm64    conftest.c   >&5
configure:17102: $? = 0
configure:17109: result: PTHREAD_CREATE_JOINABLE
configure:17117: checking if more special flags are required for pthreads
configure:17124: result: -D_THREAD_SAFE
configure:17218: checking whether to check for GCC pthread/shared inconsistencies
configure:17231: cc -o conftest -shared -fPIC -Wl,-z,defs -O0 -ffunction-sections -fdata-sections -fPIC -arch arm64 -D_THREAD_SAFE    conftest.c   >&5
ld: unknown options: -z 
clang: error: linker command failed with exit code 1 (use -v to see invocation)
configure:17231: $? = 1
configure: failed program was:
| /* confdefs.h */
| #define PACKAGE_NAME "Google C++ Testing Framework"
| #define PACKAGE_TARNAME "gtest"
| #define PACKAGE_VERSION "1.8.0"
| #define PACKAGE_STRING "Google C++ Testing Framework 1.8.0"
| #define PACKAGE_BUGREPORT "googletestframework@googlegroups.com"
| #define PACKAGE_URL ""
| #define PACKAGE "gtest"
| #define VERSION "1.8.0"
| #define HAVE_STDIO_H 1
| #define HAVE_STDLIB_H 1
| #define HAVE_STRING_H 1
| #define HAVE_INTTYPES_H 1
| #define HAVE_STDINT_H 1
| #define HAVE_STRINGS_H 1
| #define HAVE_SYS_STAT_H 1
| #define HAVE_SYS_TYPES_H 1
| #define HAVE_UNISTD_H 1
| #define STDC_HEADERS 1
| #define HAVE_DLFCN_H 1
| #define LT_OBJDIR ".libs/"
| /* end confdefs.h.  */
| 
| int
| main (void)
| {
| 
|   ;
|   return 0;
| }
configure:17241: result: no
configure:17525: checking that generated files are newer than configure
configure:17531: result: done
configure:17566: creating ./config.status

## ---------------------- ##
## Running config.status. ##
## ---------------------- ##

This file was extended by Google C++ Testing Framework config.status 1.8.0, which was
generated by GNU Autoconf 2.71.  Invocation command line was

  CONFIG_FILES    = 
  CONFIG_HEADERS  = 
  CONFIG_LINKS    = 
  CONFIG_COMMANDS = 
  $ ./config.status 

on bogon

config.status:1160: creating Makefile
config.status:1160: creating scripts/gtest-config
config.status:1160: creating build-aux/config.h
config.status:1374: executing depfiles commands
config.status:1452: cd .       && sed -e '/# am--include-marker/d' Makefile         | make -f - am--depfiles
config.status:1457: $? = 0
config.status:1374: executing libtool commands

## ---------------- ##
## Cache variables. ##
## ---------------- ##

ac_cv_build=aarch64-apple-darwin23.2.0
ac_cv_c_compiler_gnu=yes
ac_cv_cxx_compiler_gnu=yes
ac_cv_env_CCC_set=
ac_cv_env_CCC_value=
ac_cv_env_CC_set=set
ac_cv_env_CC_value=cc
ac_cv_env_CFLAGS_set=set
ac_cv_env_CFLAGS_value='-O0 -ffunction-sections -fdata-sections -fPIC -arch arm64'
ac_cv_env_CPPFLAGS_set=
ac_cv_env_CPPFLAGS_value=
ac_cv_env_CXXCPP_set=
ac_cv_env_CXXCPP_value=
ac_cv_env_CXXFLAGS_set=set
ac_cv_env_CXXFLAGS_value='-O0 -ffunction-sections -fdata-sections -fPIC -arch arm64'
ac_cv_env_CXX_set=set
ac_cv_env_CXX_value=c++
ac_cv_env_LDFLAGS_set=
ac_cv_env_LDFLAGS_value=
ac_cv_env_LIBS_set=
ac_cv_env_LIBS_value=
ac_cv_env_LT_SYS_LIBRARY_PATH_set=
ac_cv_env_LT_SYS_LIBRARY_PATH_value=
ac_cv_env_build_alias_set=
ac_cv_env_build_alias_value=
ac_cv_env_host_alias_set=
ac_cv_env_host_alias_value=
ac_cv_env_target_alias_set=
ac_cv_env_target_alias_value=
ac_cv_header_dlfcn_h=yes
ac_cv_header_inttypes_h=yes
ac_cv_header_stdint_h=yes
ac_cv_header_stdio_h=yes
ac_cv_header_stdlib_h=yes
ac_cv_header_string_h=yes
ac_cv_header_strings_h=yes
ac_cv_header_sys_stat_h=yes
ac_cv_header_sys_types_h=yes
ac_cv_header_unistd_h=yes
ac_cv_host=aarch64-apple-darwin23.2.0
ac_cv_objext=o
ac_cv_path_EGREP='/usr/bin/grep -E'
ac_cv_path_FGREP='/usr/bin/grep -F'
ac_cv_path_GREP=/usr/bin/grep
ac_cv_path_PYTHON=:
ac_cv_path_SED=/opt/homebrew/bin/gsed
ac_cv_path_install='/usr/bin/install -c'
ac_cv_path_lt_DD=/bin/dd
ac_cv_prog_AWK=awk
ac_cv_prog_CXXCPP='c++ -E'
ac_cv_prog_ac_ct_AR=ar
ac_cv_prog_ac_ct_CC=cc
ac_cv_prog_ac_ct_DSYMUTIL=dsymutil
ac_cv_prog_ac_ct_FILECMD=file
ac_cv_prog_ac_ct_LIPO=lipo
ac_cv_prog_ac_ct_NMEDIT=nmedit
ac_cv_prog_ac_ct_OBJDUMP=objdump
ac_cv_prog_ac_ct_OTOOL=otool
ac_cv_prog_ac_ct_RANLIB=ranlib
ac_cv_prog_ac_ct_STRIP=strip
ac_cv_prog_cc_c11=
ac_cv_prog_cc_g=yes
ac_cv_prog_cc_stdc=
ac_cv_prog_cxx_11=no
ac_cv_prog_cxx_g=yes
ac_cv_prog_cxx_stdcxx=
ac_cv_prog_make_make_set=yes
am_cv_CC_dependencies_compiler_type=gcc3
am_cv_CXX_dependencies_compiler_type=gcc3
am_cv_make_support_nested_variables=yes
am_cv_prog_cc_c_o=yes
lt_cv_apple_cc_single_mod=no
lt_cv_ar_at_file=no
lt_cv_deplibs_check_method=pass_all
lt_cv_file_magic_cmd='$MAGIC_CMD'
lt_cv_file_magic_test_file=
lt_cv_ld_exported_symbols_list=yes
lt_cv_ld_force_load=yes
lt_cv_ld_reload_flag=-r
lt_cv_nm_interface='BSD nm'
lt_cv_objdir=.libs
lt_cv_path_LD=/Library/Developer/CommandLineTools/usr/bin/ld
lt_cv_path_LDCXX=/Library/Developer/CommandLineTools/usr/bin/ld
lt_cv_path_NM='/usr/bin/nm -B'
lt_cv_path_mainfest_tool=no
lt_cv_prog_compiler_c_o=yes
lt_cv_prog_compiler_c_o_CXX=yes
lt_cv_prog_compiler_pic='-fno-common -DPIC'
lt_cv_prog_compiler_pic_CXX='-fno-common -DPIC'
lt_cv_prog_compiler_pic_works=yes
lt_cv_prog_compiler_pic_works_CXX=yes
lt_cv_prog_compiler_rtti_exceptions=yes
lt_cv_prog_compiler_static_works=no
lt_cv_prog_compiler_static_works_CXX=no
lt_cv_prog_gnu_ld=no
lt_cv_prog_gnu_ldcxx=no
lt_cv_sharedlib_from_linklib_cmd='printf %s\n'
lt_cv_sys_global_symbol_pipe='/opt/homebrew/bin/gsed -n -e '\''s/^.*[	 ]\([ABCDGIRSTW][ABCDGIRSTW]*\)[	 ][	 ]*_\([_A-Za-z][_A-Za-z0-9]*\)$/\1 _\2 \2/p'\'' | /opt/homebrew/bin/gsed '\''/ __gnu_lto/d'\'''
lt_cv_sys_global_symbol_to_c_name_address='/opt/homebrew/bin/gsed -n -e '\''s/^: \(.*\) .*$/  {"\1", (void *) 0},/p'\'' -e '\''s/^[ABCDGIRSTW][ABCDGIRSTW]* .* \(.*\)$/  {"\1", (void *) \&\1},/p'\'''
lt_cv_sys_global_symbol_to_c_name_address_lib_prefix='/opt/homebrew/bin/gsed -n -e '\''s/^: \(.*\) .*$/  {"\1", (void *) 0},/p'\'' -e '\''s/^[ABCDGIRSTW][ABCDGIRSTW]* .* \(lib.*\)$/  {"\1", (void *) \&\1},/p'\'' -e '\''s/^[ABCDGIRSTW][ABCDGIRSTW]* .* \(.*\)$/  {"lib\1", (void *) \&\1},/p'\'''
lt_cv_sys_global_symbol_to_cdecl='/opt/homebrew/bin/gsed -n -e '\''s/^T .* \(.*\)$/extern int \1();/p'\'' -e '\''s/^[ABCDGIRSTW][ABCDGIRSTW]* .* \(.*\)$/extern char \1;/p'\'''
lt_cv_sys_global_symbol_to_import=
lt_cv_sys_max_cmd_len=786432
lt_cv_to_host_file_cmd=func_convert_file_noop
lt_cv_to_tool_file_cmd=func_convert_file_noop
lt_cv_truncate_bin='/bin/dd bs=4096 count=1'

## ----------------- ##
## Output variables. ##
## ----------------- ##

ACLOCAL='${SHELL} '\''/Users/taotalk/.cargo/registry/src/index.crates.io-6f17d22bba15001f/protobuf-src-1.1.0+21.5/protobuf/third_party/googletest/googletest/build-aux/missing'\'' aclocal-1.16'
AMDEPBACKSLASH='\'
AMDEP_FALSE='#'
AMDEP_TRUE=''
AMTAR='$${TAR-tar}'
AM_BACKSLASH='\'
AM_DEFAULT_V='$(AM_DEFAULT_VERBOSITY)'
AM_DEFAULT_VERBOSITY='1'
AM_V='$(V)'
AR='ar'
AUTOCONF='${SHELL} '\''/Users/taotalk/.cargo/registry/src/index.crates.io-6f17d22bba15001f/protobuf-src-1.1.0+21.5/protobuf/third_party/googletest/googletest/build-aux/missing'\'' autoconf'
AUTOHEADER='${SHELL} '\''/Users/taotalk/.cargo/registry/src/index.crates.io-6f17d22bba15001f/protobuf-src-1.1.0+21.5/protobuf/third_party/googletest/googletest/build-aux/missing'\'' autoheader'
AUTOMAKE='${SHELL} '\''/Users/taotalk/.cargo/registry/src/index.crates.io-6f17d22bba15001f/protobuf-src-1.1.0+21.5/protobuf/third_party/googletest/googletest/build-aux/missing'\'' automake-1.16'
AWK='awk'
CC='cc'
CCDEPMODE='depmode=gcc3'
CFLAGS='-O0 -ffunction-sections -fdata-sections -fPIC -arch arm64'
CPPFLAGS=''
CSCOPE='cscope'
CTAGS='ctags'
CXX='c++'
CXXCPP='c++ -E'
CXXDEPMODE='depmode=gcc3'
CXXFLAGS='-O0 -ffunction-sections -fdata-sections -fPIC -arch arm64'
CYGPATH_W='echo'
DEFS='-DHAVE_CONFIG_H'
DEPDIR='.deps'
DLLTOOL='false'
DSYMUTIL='dsymutil'
DUMPBIN=''
ECHO_C='\c'
ECHO_N=''
ECHO_T=''
EGREP='/usr/bin/grep -E'
ETAGS='etags'
EXEEXT=''
FGREP='/usr/bin/grep -F'
FILECMD='file'
GREP='/usr/bin/grep'
HAVE_PTHREADS_FALSE='#'
HAVE_PTHREADS_TRUE=''
HAVE_PYTHON_FALSE=''
HAVE_PYTHON_TRUE='#'
INSTALL_DATA='${INSTALL} -m 644'
INSTALL_PROGRAM='${INSTALL}'
INSTALL_SCRIPT='${INSTALL}'
INSTALL_STRIP_PROGRAM='$(install_sh) -c -s'
LD='/Library/Developer/CommandLineTools/usr/bin/ld'
LDFLAGS=''
LIBOBJS=''
LIBS=''
LIBTOOL='$(SHELL) $(top_builddir)/libtool'
LIPO='lipo'
LN_S='ln -s'
LTLIBOBJS=''
LT_SYS_LIBRARY_PATH=''
MAKEINFO='${SHELL} '\''/Users/taotalk/.cargo/registry/src/index.crates.io-6f17d22bba15001f/protobuf-src-1.1.0+21.5/protobuf/third_party/googletest/googletest/build-aux/missing'\'' makeinfo'
MANIFEST_TOOL=':'
MKDIR_P='/Users/taotalk/.cargo/registry/src/index.crates.io-6f17d22bba15001f/protobuf-src-1.1.0+21.5/protobuf/third_party/googletest/googletest/build-aux/install-sh -c -d'
NM='/usr/bin/nm -B'
NMEDIT='nmedit'
OBJDUMP='objdump'
OBJEXT='o'
OTOOL64=':'
OTOOL='otool'
PACKAGE='gtest'
PACKAGE_BUGREPORT='googletestframework@googlegroups.com'
PACKAGE_NAME='Google C++ Testing Framework'
PACKAGE_STRING='Google C++ Testing Framework 1.8.0'
PACKAGE_TARNAME='gtest'
PACKAGE_URL=''
PACKAGE_VERSION='1.8.0'
PATH_SEPARATOR=':'
PTHREAD_CC='cc'
PTHREAD_CFLAGS='-D_THREAD_SAFE '
PTHREAD_LIBS=''
PYTHON=':'
RANLIB='ranlib'
SED='/opt/homebrew/bin/gsed'
SET_MAKE=''
SHELL='/bin/sh'
STRIP='strip'
VERSION='1.8.0'
ac_ct_AR='ar'
ac_ct_CC='cc'
ac_ct_CXX=''
ac_ct_DUMPBIN=''
acx_pthread_config=''
am__EXEEXT_FALSE=''
am__EXEEXT_TRUE='#'
am__fastdepCC_FALSE='#'
am__fastdepCC_TRUE=''
am__fastdepCXX_FALSE='#'
am__fastdepCXX_TRUE=''
am__include='include'
am__isrc=' -I$(srcdir)'
am__leading_dot='.'
am__nodep='_no'
am__quote=''
am__tar='$${TAR-tar} chof - "$$tardir"'
am__untar='$${TAR-tar} xf -'
bindir='${exec_prefix}/bin'
build='aarch64-apple-darwin23.2.0'
build_alias=''
build_cpu='aarch64'
build_os='darwin23.2.0'
build_vendor='apple'
datadir='${datarootdir}'
datarootdir='${prefix}/share'
docdir='${datarootdir}/doc/${PACKAGE_TARNAME}'
dvidir='${docdir}'
exec_prefix='${prefix}'
host='aarch64-apple-darwin23.2.0'
host_alias=''
host_cpu='aarch64'
host_os='darwin23.2.0'
host_vendor='apple'
htmldir='${docdir}'
includedir='${prefix}/include'
infodir='${datarootdir}/info'
install_sh='${SHELL} /Users/taotalk/.cargo/registry/src/index.crates.io-6f17d22bba15001f/protobuf-src-1.1.0+21.5/protobuf/third_party/googletest/googletest/build-aux/install-sh'
libdir='${exec_prefix}/lib'
libexecdir='${exec_prefix}/libexec'
localedir='${datarootdir}/locale'
localstatedir='${prefix}/var'
mandir='${datarootdir}/man'
mkdir_p='$(MKDIR_P)'
oldincludedir='/usr/include'
pdfdir='${docdir}'
prefix='/Users/taotalk/project_rust/WeatherXM-IoTeX-Textile-POC/zk/target/release/build/protobuf-src-3172da3d97d863cc/out/install'
program_transform_name='s,x,x,'
psdir='${docdir}'
runstatedir='${localstatedir}/run'
sbindir='${exec_prefix}/sbin'
sharedstatedir='${prefix}/com'
sysconfdir='${prefix}/etc'
target_alias=''

## ----------- ##
## confdefs.h. ##
## ----------- ##

/* confdefs.h */
#define PACKAGE_NAME "Google C++ Testing Framework"
#define PACKAGE_TARNAME "gtest"
#define PACKAGE_VERSION "1.8.0"
#define PACKAGE_STRING "Google C++ Testing Framework 1.8.0"
#define PACKAGE_BUGREPORT "googletestframework@googlegroups.com"
#define PACKAGE_URL ""
#define PACKAGE "gtest"
#define VERSION "1.8.0"
#define HAVE_STDIO_H 1
#define HAVE_STDLIB_H 1
#define HAVE_STRING_H 1
#define HAVE_INTTYPES_H 1
#define HAVE_STDINT_H 1
#define HAVE_STRINGS_H 1
#define HAVE_SYS_STAT_H 1
#define HAVE_SYS_TYPES_H 1
#define HAVE_UNISTD_H 1
#define STDC_HEADERS 1
#define HAVE_DLFCN_H 1
#define LT_OBJDIR ".libs/"
#define HAVE_PTHREAD 1

configure: exit 0
